<?xml version="1.0" encoding="UTF-8"?>
<!-- Generated by org.testng.reporters.JUnitXMLReporter -->
<testsuite ignored="2" hostname="LTAR128840" failures="0" tests="4" name="Surefire test" time="48.328" errors="0" timestamp="2023-07-27T19:24:26 ART">
  <testcase classname="FrontEnd.SauceDemo.LoginWithDP" name="readFromArray" time="8.225"/>
  <testcase classname="FrontEnd.SauceDemo.LoginWithDP" name="readFromArray" time="2.511"/>
  <testcase classname="FrontEnd.SauceDemo.LoginWithDP" name="readFromArray" time="2.89"/>
  <testcase classname="FrontEnd.SauceDemo.LoginWithDP" name="readFromArray" time="10.636"/>
  <testcase classname="FrontEnd.SauceDemo.LoginWithDP" name="readFromFileCSVLike" time="0.0">
    <ignored/>
  </testcase> <!-- readFromFileCSVLike -->
  <testcase classname="FrontEnd.SauceDemo.LoginWithDP" name="readFromFileExcel" time="0.0">
    <ignored/>
  </testcase> <!-- readFromFileExcel -->
</testsuite> <!-- Surefire test -->
