<?xml version="1.0" encoding="UTF-8"?>
<!-- Generated by org.testng.reporters.JUnitXMLReporter -->
<testsuite ignored="2" hostname="LTAR128840" failures="3" tests="4" name="Surefire test" time="30.515" errors="0" timestamp="2023-10-27T01:43:34 CEST">
  <testcase classname="FrontEnd.SauceDemo.LoginWithDP" name="readFromArray" time="7.199">
    <failure type="java.lang.AssertionError" message="The following asserts failed:
	expected [fasdfads] but found [Swag Labs]">
      <![CDATA[java.lang.AssertionError: The following asserts failed:
expected [fasdfads] but found [Swag Labs]
at helpers.AssertionsList.assertAll(AssertionsList.java:41)
at FrontEnd.SauceDemo.LoginWithDP.readFromArray(LoginWithDP.java:78)
at java.base/java.util.ArrayList.forEach(ArrayList.java:1540)
... Removed 34 stack frames]]>
    </failure>
  </testcase> <!-- readFromArray -->
  <testcase classname="FrontEnd.SauceDemo.LoginWithDP" name="readFromArray" time="2.219"/>
  <testcase classname="FrontEnd.SauceDemo.LoginWithDP" name="readFromArray" time="1.869">
    <failure type="java.lang.AssertionError" message="The following asserts failed:
	expected [fasdfads] but found [Swag Labs]">
      <![CDATA[java.lang.AssertionError: The following asserts failed:
expected [fasdfads] but found [Swag Labs]
at helpers.AssertionsList.assertAll(AssertionsList.java:41)
at FrontEnd.SauceDemo.LoginWithDP.readFromArray(LoginWithDP.java:78)
at java.base/java.util.ArrayList.forEach(ArrayList.java:1540)
... Removed 34 stack frames]]>
    </failure>
  </testcase> <!-- readFromArray -->
  <testcase classname="FrontEnd.SauceDemo.LoginWithDP" name="readFromArray" time="7.315">
    <failure type="java.lang.AssertionError" message="The following asserts failed:
	expected [fasdfads] but found [Swag Labs]">
      <![CDATA[java.lang.AssertionError: The following asserts failed:
expected [fasdfads] but found [Swag Labs]
at helpers.AssertionsList.assertAll(AssertionsList.java:41)
at FrontEnd.SauceDemo.LoginWithDP.readFromArray(LoginWithDP.java:78)
at java.base/java.util.ArrayList.forEach(ArrayList.java:1540)
... Removed 34 stack frames]]>
    </failure>
  </testcase> <!-- readFromArray -->
  <testcase classname="FrontEnd.SauceDemo.LoginWithDP" name="readFromFileCSVLike" time="0.0">
    <ignored/>
  </testcase> <!-- readFromFileCSVLike -->
  <testcase classname="FrontEnd.SauceDemo.LoginWithDP" name="readFromFileExcel" time="0.0">
    <ignored/>
  </testcase> <!-- readFromFileExcel -->
</testsuite> <!-- Surefire test -->
