<?xml version="1.0" encoding="UTF-8"?>
<testsuite xmlns:xsi="http://www.w3.org/2001/XMLSchema-instance" xsi:noNamespaceSchemaLocation="https://maven.apache.org/surefire/maven-surefire-plugin/xsd/surefire-test-report-3.0.xsd" version="3.0" name="TestSuite" time="50.417" tests="12" errors="0" skipped="0" failures="4">
  <properties>
[...]
</properties>
  <testcase name="readFromArray[standard_user, secret_sauce](1)" classname="FrontEnd.SauceDemo.LoginWithDP" time="5.183">
    <failure message="The following asserts failed:&#10;	expected [fasdfads] but found [Swag Labs]" type="java.lang.AssertionError"><![CDATA[java.lang.AssertionError: 
The following asserts failed:
	expected [fasdfads] but found [Swag Labs]
	at org.testng.asserts.SoftAssert.assertAll(SoftAssert.java:47)
	at org.testng.asserts.SoftAssert.assertAll(SoftAssert.java:31)
	at helpers.AssertionsList.assertAll(AssertionsList.java:41)
	at FrontEnd.SauceDemo.LoginWithDP.readFromArray(LoginWithDP.java:78)
	at java.base/jdk.internal.reflect.NativeMethodAccessorImpl.invoke0(Native Method)
	at java.base/jdk.internal.reflect.NativeMethodAccessorImpl.invoke(NativeMethodAccessorImpl.java:62)
	at java.base/jdk.internal.reflect.DelegatingMethodAccessorImpl.invoke(DelegatingMethodAccessorImpl.java:43)
	at java.base/java.lang.reflect.Method.invoke(Method.java:566)
	at org.testng.internal.MethodInvocationHelper.invokeMethod(MethodInvocationHelper.java:133)
	at org.testng.internal.TestInvoker.invokeMethod(TestInvoker.java:598)
	at org.testng.internal.TestInvoker.invokeTestMethod(TestInvoker.java:173)
	at org.testng.internal.MethodRunner.runInSequence(MethodRunner.java:46)
	at org.testng.internal.TestInvoker$MethodInvocationAgent.invoke(TestInvoker.java:824)
	at org.testng.internal.TestInvoker.invokeTestMethods(TestInvoker.java:146)
	at org.testng.internal.TestMethodWorker.invokeTestMethods(TestMethodWorker.java:146)
	at org.testng.internal.TestMethodWorker.run(TestMethodWorker.java:128)
	at java.base/java.util.ArrayList.forEach(ArrayList.java:1540)
	at org.testng.TestRunner.privateRun(TestRunner.java:794)
	at org.testng.TestRunner.run(TestRunner.java:596)
	at org.testng.SuiteRunner.runTest(SuiteRunner.java:377)
	at org.testng.SuiteRunner.runSequentially(SuiteRunner.java:371)
	at org.testng.SuiteRunner.privateRun(SuiteRunner.java:332)
	at org.testng.SuiteRunner.run(SuiteRunner.java:276)
	at org.testng.SuiteRunnerWorker.runSuite(SuiteRunnerWorker.java:53)
	at org.testng.SuiteRunnerWorker.run(SuiteRunnerWorker.java:96)
	at org.testng.TestNG.runSuitesSequentially(TestNG.java:1212)
	at org.testng.TestNG.runSuitesLocally(TestNG.java:1134)
	at org.testng.TestNG.runSuites(TestNG.java:1063)
	at org.testng.TestNG.run(TestNG.java:1031)
	at org.apache.maven.surefire.testng.TestNGExecutor.run(TestNGExecutor.java:308)
	at org.apache.maven.surefire.testng.TestNGXmlTestSuite.execute(TestNGXmlTestSuite.java:71)
	at org.apache.maven.surefire.testng.TestNGProvider.invoke(TestNGProvider.java:113)
	at org.apache.maven.surefire.booter.ForkedBooter.runSuitesInProcess(ForkedBooter.java:385)
	at org.apache.maven.surefire.booter.ForkedBooter.execute(ForkedBooter.java:162)
	at org.apache.maven.surefire.booter.ForkedBooter.run(ForkedBooter.java:507)
	at org.apache.maven.surefire.booter.ForkedBooter.main(ForkedBooter.java:495)
]]></failure>
    <system-out><![CDATA[17:48:56.654 [main] INFO helpers.LoggerHelper -- Starting suite
17:48:56.661 [main] INFO helpers.LoggerHelper -- I am in onStart method from TestNG
17:48:56.661 [main] INFO helpers.LoggerHelper -- # # # # # # # # # # # # # # # # # # # # # # # # # # # #
17:48:56.875 [main] DEBUG io.github.bonigarcia.wdm.WebDriverManager -- Using WebDriverManager 5.5.3
17:48:57.345 [main] DEBUG io.github.bonigarcia.wdm.cache.ResolutionCache -- Resolution chrome=117 in cache (valid until 18:46:45 27/10/2023 CEST)
17:48:57.349 [main] DEBUG io.github.bonigarcia.wdm.cache.ResolutionCache -- Resolution chrome117=117.0.5938.149 in cache (valid until 19:12:20 27/10/2023 CEST)
17:48:57.350 [main] INFO io.github.bonigarcia.wdm.WebDriverManager -- Using chromedriver 117.0.5938.149 (resolved driver for Chrome 117)
17:48:57.421 [main] DEBUG io.github.bonigarcia.wdm.WebDriverManager -- Driver chromedriver 117.0.5938.149 found in cache
17:48:57.422 [main] INFO io.github.bonigarcia.wdm.WebDriverManager -- Exporting webdriver.chrome.driver as C:\Users\740722\.cache\selenium\chromedriver\win64\117.0.5938.149\chromedriver.exe
17:48:57.433 [main] INFO helpers.LoggerHelper -- [BrowserDriver/loadChromeDriver] Connecting to: http://localhost:4444/wd/hub
17:48:57.729 [main] DEBUG io.netty.util.internal.logging.InternalLoggerFactory -- Using SLF4J as the default logging framework
17:48:57.733 [main] DEBUG io.netty.util.ResourceLeakDetector -- -Dio.netty.leakDetection.level: simple
17:48:57.734 [main] DEBUG io.netty.util.ResourceLeakDetector -- -Dio.netty.leakDetection.targetRecords: 4
17:48:57.740 [main] DEBUG io.netty.util.ResourceLeakDetectorFactory -- Loaded default ResourceLeakDetector: io.netty.util.ResourceLeakDetector@64b7225f
17:48:57.779 [main] DEBUG io.netty.util.internal.PlatformDependent0 -- -Dio.netty.noUnsafe: false
17:48:57.780 [main] DEBUG io.netty.util.internal.PlatformDependent0 -- Java version: 11
17:48:57.783 [main] DEBUG io.netty.util.internal.PlatformDependent0 -- sun.misc.Unsafe.theUnsafe: available
17:48:57.785 [main] DEBUG io.netty.util.internal.PlatformDependent0 -- sun.misc.Unsafe.copyMemory: available
17:48:57.785 [main] DEBUG io.netty.util.internal.PlatformDependent0 -- sun.misc.Unsafe.storeFence: available
17:48:57.786 [main] DEBUG io.netty.util.internal.PlatformDependent0 -- java.nio.Buffer.address: available
17:48:57.787 [main] DEBUG io.netty.util.internal.PlatformDependent0 -- direct buffer constructor: unavailable: Reflective setAccessible(true) disabled
17:48:57.788 [main] DEBUG io.netty.util.internal.PlatformDependent0 -- java.nio.Bits.unaligned: available, true
17:48:57.790 [main] DEBUG io.netty.util.internal.PlatformDependent0 -- jdk.internal.misc.Unsafe.allocateUninitializedArray(int): unavailable: class io.netty.util.internal.PlatformDependent0$7 cannot access class jdk.internal.misc.Unsafe (in module java.base) because module java.base does not export jdk.internal.misc to unnamed module @4de4b452
17:48:57.793 [main] DEBUG io.netty.util.internal.PlatformDependent0 -- java.nio.DirectByteBuffer.<init>(long, {int,long}): unavailable
17:48:57.793 [main] DEBUG io.netty.util.internal.PlatformDependent -- sun.misc.Unsafe: available
17:48:57.795 [main] DEBUG io.netty.util.internal.PlatformDependent -- maxDirectMemory: 4255121408 bytes (maybe)
17:48:57.796 [main] DEBUG io.netty.util.internal.PlatformDependent -- -Dio.netty.tmpdir: C:\Users\740722\AppData\Local\Temp\1 (java.io.tmpdir)
17:48:57.796 [main] DEBUG io.netty.util.internal.PlatformDependent -- -Dio.netty.bitMode: 64 (sun.arch.data.model)
17:48:57.796 [main] DEBUG io.netty.util.internal.PlatformDependent -- Platform: Windows
17:48:57.797 [main] DEBUG io.netty.util.internal.PlatformDependent -- -Dio.netty.maxDirectMemory: -1 bytes
17:48:57.797 [main] DEBUG io.netty.util.internal.PlatformDependent -- -Dio.netty.uninitializedArrayAllocationThreshold: -1
17:48:57.799 [main] DEBUG io.netty.util.internal.CleanerJava9 -- java.nio.ByteBuffer.cleaner(): available
17:48:57.799 [main] DEBUG io.netty.util.internal.PlatformDependent -- -Dio.netty.noPreferDirect: false
17:48:57.826 [main] DEBUG io.netty.util.internal.PlatformDependent -- org.jctools-core.MpscChunkedArrayQueue: available
17:48:57.876 [main] DEBUG io.netty.util.internal.InternalThreadLocalMap -- -Dio.netty.threadLocalMap.stringBuilder.initialSize: 1024
17:48:57.877 [main] DEBUG io.netty.util.internal.InternalThreadLocalMap -- -Dio.netty.threadLocalMap.stringBuilder.maxSize: 4096
17:48:57.969 [main] DEBUG io.netty.handler.ssl.JdkSslContext -- Default protocols (JDK): [TLSv1.3, TLSv1.2, TLSv1.1, TLSv1] 
17:48:57.969 [main] DEBUG io.netty.handler.ssl.JdkSslContext -- Default cipher suites (JDK): [TLS_ECDHE_ECDSA_WITH_AES_256_GCM_SHA384, TLS_ECDHE_ECDSA_WITH_AES_128_GCM_SHA256, TLS_ECDHE_RSA_WITH_AES_128_GCM_SHA256, TLS_ECDHE_RSA_WITH_AES_256_GCM_SHA384, TLS_ECDHE_RSA_WITH_AES_128_CBC_SHA, TLS_ECDHE_RSA_WITH_AES_256_CBC_SHA, TLS_RSA_WITH_AES_128_GCM_SHA256, TLS_RSA_WITH_AES_128_CBC_SHA, TLS_RSA_WITH_AES_256_CBC_SHA, TLS_AES_128_GCM_SHA256, TLS_AES_256_GCM_SHA384]
17:48:57.996 [main] DEBUG io.netty.util.concurrent.GlobalEventExecutor -- -Dio.netty.globalEventExecutor.quietPeriodSeconds: 1
17:48:58.023 [main] DEBUG io.netty.channel.MultithreadEventLoopGroup -- -Dio.netty.eventLoopThreads: 16
17:48:58.038 [main] DEBUG io.netty.channel.nio.NioEventLoop -- -Dio.netty.noKeySetOptimization: false
17:48:58.038 [main] DEBUG io.netty.channel.nio.NioEventLoop -- -Dio.netty.selectorAutoRebuildThreshold: 512
17:48:58.116 [main] DEBUG io.netty.buffer.PooledByteBufAllocator -- -Dio.netty.allocator.numHeapArenas: 16
17:48:58.116 [main] DEBUG io.netty.buffer.PooledByteBufAllocator -- -Dio.netty.allocator.numDirectArenas: 16
17:48:58.116 [main] DEBUG io.netty.buffer.PooledByteBufAllocator -- -Dio.netty.allocator.pageSize: 8192
17:48:58.116 [main] DEBUG io.netty.buffer.PooledByteBufAllocator -- -Dio.netty.allocator.maxOrder: 9
17:48:58.117 [main] DEBUG io.netty.buffer.PooledByteBufAllocator -- -Dio.netty.allocator.chunkSize: 4194304
17:48:58.117 [main] DEBUG io.netty.buffer.PooledByteBufAllocator -- -Dio.netty.allocator.smallCacheSize: 256
17:48:58.117 [main] DEBUG io.netty.buffer.PooledByteBufAllocator -- -Dio.netty.allocator.normalCacheSize: 64
17:48:58.117 [main] DEBUG io.netty.buffer.PooledByteBufAllocator -- -Dio.netty.allocator.maxCachedBufferCapacity: 32768
17:48:58.117 [main] DEBUG io.netty.buffer.PooledByteBufAllocator -- -Dio.netty.allocator.cacheTrimInterval: 8192
17:48:58.117 [main] DEBUG io.netty.buffer.PooledByteBufAllocator -- -Dio.netty.allocator.cacheTrimIntervalMillis: 0
17:48:58.117 [main] DEBUG io.netty.buffer.PooledByteBufAllocator -- -Dio.netty.allocator.useCacheForAllThreads: false
17:48:58.117 [main] DEBUG io.netty.buffer.PooledByteBufAllocator -- -Dio.netty.allocator.maxCachedByteBuffersPerChunk: 1023
17:48:58.139 [main] DEBUG io.netty.buffer.ByteBufUtil -- -Dio.netty.allocator.type: pooled
17:48:58.140 [main] DEBUG io.netty.buffer.ByteBufUtil -- -Dio.netty.threadLocalDirectBufferSize: 0
17:48:58.140 [main] DEBUG io.netty.buffer.ByteBufUtil -- -Dio.netty.maxThreadLocalCharBufferSize: 16384
17:48:58.558 [Forwarding newSession on session null to remote] DEBUG io.netty.channel.DefaultChannelId -- -Dio.netty.processId: 18068 (auto-detected)
17:48:58.561 [Forwarding newSession on session null to remote] DEBUG io.netty.util.NetUtil -- -Djava.net.preferIPv4Stack: false
17:48:58.562 [Forwarding newSession on session null to remote] DEBUG io.netty.util.NetUtil -- -Djava.net.preferIPv6Addresses: false
17:48:59.128 [Forwarding newSession on session null to remote] DEBUG io.netty.util.NetUtilInitializations -- Loopback interface: lo (Software Loopback Interface 1, 127.0.0.1)
17:48:59.129 [Forwarding newSession on session null to remote] DEBUG io.netty.util.NetUtil -- Failed to get SOMAXCONN from sysctl and file \proc\sys\net\core\somaxconn. Default: 200
17:48:59.165 [Forwarding newSession on session null to remote] DEBUG io.netty.channel.DefaultChannelId -- -Dio.netty.machineId: 00:05:9a:ff:fe:3c:7a:00 (auto-detected)
17:48:59.239 [AsyncHttpClient-1-2] DEBUG io.netty.buffer.AbstractByteBuf -- -Dio.netty.buffer.checkAccessible: true
17:48:59.239 [AsyncHttpClient-1-2] DEBUG io.netty.buffer.AbstractByteBuf -- -Dio.netty.buffer.checkBounds: true
17:48:59.239 [AsyncHttpClient-1-2] DEBUG io.netty.util.ResourceLeakDetectorFactory -- Loaded default ResourceLeakDetector: io.netty.util.ResourceLeakDetector@1f87276a
17:48:59.274 [AsyncHttpClient-1-2] DEBUG org.asynchttpclient.netty.channel.NettyConnectListener -- Using new Channel '[id: 0x020b4601, L:/127.0.0.1:63420 - R:localhost/127.0.0.1:4444]' for 'POST' to '/wd/hub/session'
17:48:59.355 [AsyncHttpClient-1-2] DEBUG io.netty.util.Recycler -- -Dio.netty.recycler.maxCapacityPerThread: 4096
17:48:59.356 [AsyncHttpClient-1-2] DEBUG io.netty.util.Recycler -- -Dio.netty.recycler.ratio: 8
17:48:59.356 [AsyncHttpClient-1-2] DEBUG io.netty.util.Recycler -- -Dio.netty.recycler.chunkSize: 32
17:48:59.356 [AsyncHttpClient-1-2] DEBUG io.netty.util.Recycler -- -Dio.netty.recycler.blocking: false
17:48:59.356 [AsyncHttpClient-1-2] DEBUG io.netty.util.Recycler -- -Dio.netty.recycler.batchFastThreadLocalOnly: true
17:49:03.532 [AsyncHttpClient-1-2] DEBUG io.netty.handler.codec.compression.Brotli -- brotli4j not in the classpath; Brotli support will be unavailable.
17:49:03.533 [AsyncHttpClient-1-2] DEBUG org.asynchttpclient.netty.handler.HttpHandler -- 

Request DefaultHttpRequest(decodeResult: success, version: HTTP/1.1)
POST /wd/hub/session HTTP/1.1
traceparent: 00-1133e5c6498ddfa4d5ac818d2991aaee-c415602eb4cf092e-01
User-Agent: selenium/4.13.0 (java windows)
Content-Length: 254
Content-Type: application/json; charset=utf-8
host: localhost:4444
accept: */*

Response DefaultHttpResponse(decodeResult: success, version: HTTP/1.1)
HTTP/1.1 200 OK
content-length: 1496
Cache-Control: no-cache
Content-Type: application/json; charset=utf-8

17:49:03.546 [AsyncHttpClient-1-2] DEBUG org.asynchttpclient.netty.channel.ChannelManager -- Adding key: http://localhost:4444 for channel [id: 0x020b4601, L:/127.0.0.1:63420 - R:localhost/127.0.0.1:4444]
17:49:03.687 [Forwarding setCurrentWindowSize on session 7ba8ff3bf30367aad55a4e3910d5e455 to remote] DEBUG org.asynchttpclient.netty.request.NettyRequestSender -- Using pooled Channel '[id: 0x020b4601, L:/127.0.0.1:63420 - R:localhost/127.0.0.1:4444]' for 'POST' to 'http://localhost:4444/wd/hub/session/7ba8ff3bf30367aad55a4e3910d5e455/window/rect'
17:49:03.687 [Forwarding setCurrentWindowSize on session 7ba8ff3bf30367aad55a4e3910d5e455 to remote] DEBUG org.asynchttpclient.netty.request.NettyRequestSender -- Using open Channel [id: 0x020b4601, L:/127.0.0.1:63420 - R:localhost/127.0.0.1:4444] for POST '/wd/hub/session/7ba8ff3bf30367aad55a4e3910d5e455/window/rect'
17:49:03.896 [AsyncHttpClient-1-2] DEBUG org.asynchttpclient.netty.handler.HttpHandler -- 

Request DefaultHttpRequest(decodeResult: success, version: HTTP/1.1)
POST /wd/hub/session/7ba8ff3bf30367aad55a4e3910d5e455/window/rect HTTP/1.1
traceparent: 00-4e774508657de78c29bc6b9ed65f0b98-661f099972f1adff-01
User-Agent: selenium/4.13.0 (java windows)
Content-Length: 37
Content-Type: application/json; charset=utf-8
host: localhost:4444
accept: */*

Response DefaultHttpResponse(decodeResult: success, version: HTTP/1.1)
HTTP/1.1 200 OK
content-length: 52
content-type: application/json; charset=utf-8
cache-control: no-cache

17:49:03.896 [AsyncHttpClient-1-2] DEBUG org.asynchttpclient.netty.channel.ChannelManager -- Adding key: http://localhost:4444 for channel [id: 0x020b4601, L:/127.0.0.1:63420 - R:localhost/127.0.0.1:4444]
17:49:03.959 [main] INFO helpers.LoggerHelper -- @Test: readFromArray
17:49:03.960 [main] INFO helpers.LoggerHelper -- Description: Trying to read data from an array object
17:49:03.960 [main] INFO helpers.LoggerHelper -- ######################################################################################
17:49:03.981 [Forwarding get on session 7ba8ff3bf30367aad55a4e3910d5e455 to remote] DEBUG org.asynchttpclient.netty.request.NettyRequestSender -- Using pooled Channel '[id: 0x020b4601, L:/127.0.0.1:63420 - R:localhost/127.0.0.1:4444]' for 'POST' to 'http://localhost:4444/wd/hub/session/7ba8ff3bf30367aad55a4e3910d5e455/url'
17:49:03.981 [Forwarding get on session 7ba8ff3bf30367aad55a4e3910d5e455 to remote] DEBUG org.asynchttpclient.netty.request.NettyRequestSender -- Using open Channel [id: 0x020b4601, L:/127.0.0.1:63420 - R:localhost/127.0.0.1:4444] for POST '/wd/hub/session/7ba8ff3bf30367aad55a4e3910d5e455/url'
17:49:05.303 [AsyncHttpClient-1-2] DEBUG org.asynchttpclient.netty.handler.HttpHandler -- 

Request DefaultHttpRequest(decodeResult: success, version: HTTP/1.1)
POST /wd/hub/session/7ba8ff3bf30367aad55a4e3910d5e455/url HTTP/1.1
traceparent: 00-9f7c9ee8463e0ca60cb39dc01de49247-98b7b827c50b1a9a-01
User-Agent: selenium/4.13.0 (java windows)
Content-Length: 43
Content-Type: application/json; charset=utf-8
host: localhost:4444
accept: */*

Response DefaultHttpResponse(decodeResult: success, version: HTTP/1.1)
HTTP/1.1 200 OK
content-length: 14
content-type: application/json; charset=utf-8
cache-control: no-cache

17:49:05.304 [AsyncHttpClient-1-2] DEBUG org.asynchttpclient.netty.channel.ChannelManager -- Adding key: http://localhost:4444 for channel [id: 0x020b4601, L:/127.0.0.1:63420 - R:localhost/127.0.0.1:4444]
17:49:05.316 [Forwarding findElement on session 7ba8ff3bf30367aad55a4e3910d5e455 to remote] DEBUG org.asynchttpclient.netty.request.NettyRequestSender -- Using pooled Channel '[id: 0x020b4601, L:/127.0.0.1:63420 - R:localhost/127.0.0.1:4444]' for 'POST' to 'http://localhost:4444/wd/hub/session/7ba8ff3bf30367aad55a4e3910d5e455/element'
17:49:05.316 [Forwarding findElement on session 7ba8ff3bf30367aad55a4e3910d5e455 to remote] DEBUG org.asynchttpclient.netty.request.NettyRequestSender -- Using open Channel [id: 0x020b4601, L:/127.0.0.1:63420 - R:localhost/127.0.0.1:4444] for POST '/wd/hub/session/7ba8ff3bf30367aad55a4e3910d5e455/element'
17:49:05.427 [AsyncHttpClient-1-2] DEBUG org.asynchttpclient.netty.handler.HttpHandler -- 

Request DefaultHttpRequest(decodeResult: success, version: HTTP/1.1)
POST /wd/hub/session/7ba8ff3bf30367aad55a4e3910d5e455/element HTTP/1.1
traceparent: 00-c248baac0bb44a5cc37ed12b66bd367f-ee3569a57a51db5e-01
User-Agent: selenium/4.13.0 (java windows)
Content-Length: 56
Content-Type: application/json; charset=utf-8
host: localhost:4444
accept: */*

Response DefaultHttpResponse(decodeResult: success, version: HTTP/1.1)
HTTP/1.1 200 OK
content-length: 94
content-type: application/json; charset=utf-8
cache-control: no-cache

17:49:05.427 [AsyncHttpClient-1-2] DEBUG org.asynchttpclient.netty.channel.ChannelManager -- Adding key: http://localhost:4444 for channel [id: 0x020b4601, L:/127.0.0.1:63420 - R:localhost/127.0.0.1:4444]
17:49:05.459 [Forwarding isElementDisplayed on session 7ba8ff3bf30367aad55a4e3910d5e455 to remote] DEBUG org.asynchttpclient.netty.request.NettyRequestSender -- Using pooled Channel '[id: 0x020b4601, L:/127.0.0.1:63420 - R:localhost/127.0.0.1:4444]' for 'POST' to 'http://localhost:4444/wd/hub/session/7ba8ff3bf30367aad55a4e3910d5e455/execute/sync'
17:49:05.459 [Forwarding isElementDisplayed on session 7ba8ff3bf30367aad55a4e3910d5e455 to remote] DEBUG org.asynchttpclient.netty.request.NettyRequestSender -- Using open Channel [id: 0x020b4601, L:/127.0.0.1:63420 - R:localhost/127.0.0.1:4444] for POST '/wd/hub/session/7ba8ff3bf30367aad55a4e3910d5e455/execute/sync'
17:49:05.579 [AsyncHttpClient-1-2] DEBUG org.asynchttpclient.netty.handler.HttpHandler -- 

Request DefaultHttpRequest(decodeResult: success, version: HTTP/1.1)
POST /wd/hub/session/7ba8ff3bf30367aad55a4e3910d5e455/execute/sync HTTP/1.1
traceparent: 00-3fc8d6ea14320064759f9dc7881bd87c-aae04bee72842bf3-01
User-Agent: selenium/4.13.0 (java windows)
Content-Length: 48813
Content-Type: application/json; charset=utf-8
host: localhost:4444
accept: */*

Response DefaultHttpResponse(decodeResult: success, version: HTTP/1.1)
HTTP/1.1 200 OK
content-length: 14
content-type: application/json; charset=utf-8
cache-control: no-cache

17:49:05.581 [AsyncHttpClient-1-2] DEBUG org.asynchttpclient.netty.channel.ChannelManager -- Adding key: http://localhost:4444 for channel [id: 0x020b4601, L:/127.0.0.1:63420 - R:localhost/127.0.0.1:4444]
17:49:05.585 [Forwarding findElement on session 7ba8ff3bf30367aad55a4e3910d5e455 to remote] DEBUG org.asynchttpclient.netty.request.NettyRequestSender -- Using pooled Channel '[id: 0x020b4601, L:/127.0.0.1:63420 - R:localhost/127.0.0.1:4444]' for 'POST' to 'http://localhost:4444/wd/hub/session/7ba8ff3bf30367aad55a4e3910d5e455/element'
17:49:05.586 [Forwarding findElement on session 7ba8ff3bf30367aad55a4e3910d5e455 to remote] DEBUG org.asynchttpclient.netty.request.NettyRequestSender -- Using open Channel [id: 0x020b4601, L:/127.0.0.1:63420 - R:localhost/127.0.0.1:4444] for POST '/wd/hub/session/7ba8ff3bf30367aad55a4e3910d5e455/element'
17:49:05.677 [AsyncHttpClient-1-2] DEBUG org.asynchttpclient.netty.handler.HttpHandler -- 

Request DefaultHttpRequest(decodeResult: success, version: HTTP/1.1)
POST /wd/hub/session/7ba8ff3bf30367aad55a4e3910d5e455/element HTTP/1.1
traceparent: 00-63cb4173f91211965c7f24787cd1dc26-f3200a98d85404d5-01
User-Agent: selenium/4.13.0 (java windows)
Content-Length: 56
Content-Type: application/json; charset=utf-8
host: localhost:4444
accept: */*

Response DefaultHttpResponse(decodeResult: success, version: HTTP/1.1)
HTTP/1.1 200 OK
content-length: 94
content-type: application/json; charset=utf-8
cache-control: no-cache

17:49:05.677 [AsyncHttpClient-1-2] DEBUG org.asynchttpclient.netty.channel.ChannelManager -- Adding key: http://localhost:4444 for channel [id: 0x020b4601, L:/127.0.0.1:63420 - R:localhost/127.0.0.1:4444]
17:49:05.685 [Forwarding sendKeysToElement on session 7ba8ff3bf30367aad55a4e3910d5e455 to remote] DEBUG org.asynchttpclient.netty.request.NettyRequestSender -- Using pooled Channel '[id: 0x020b4601, L:/127.0.0.1:63420 - R:localhost/127.0.0.1:4444]' for 'POST' to 'http://localhost:4444/wd/hub/session/7ba8ff3bf30367aad55a4e3910d5e455/element/A58C181618818C893261E25B5565D6B4_element_8/value'
17:49:05.685 [Forwarding sendKeysToElement on session 7ba8ff3bf30367aad55a4e3910d5e455 to remote] DEBUG org.asynchttpclient.netty.request.NettyRequestSender -- Using open Channel [id: 0x020b4601, L:/127.0.0.1:63420 - R:localhost/127.0.0.1:4444] for POST '/wd/hub/session/7ba8ff3bf30367aad55a4e3910d5e455/element/A58C181618818C893261E25B5565D6B4_element_8/value'
17:49:05.922 [AsyncHttpClient-1-2] DEBUG org.asynchttpclient.netty.handler.HttpHandler -- 

Request DefaultHttpRequest(decodeResult: success, version: HTTP/1.1)
POST /wd/hub/session/7ba8ff3bf30367aad55a4e3910d5e455/element/A58C181618818C893261E25B5565D6B4_element_8/value HTTP/1.1
traceparent: 00-bd5f6b048eebdc1aec5b18831dde1024-f614f6e0be31d211-01
User-Agent: selenium/4.13.0 (java windows)
Content-Length: 217
Content-Type: application/json; charset=utf-8
host: localhost:4444
accept: */*

Response DefaultHttpResponse(decodeResult: success, version: HTTP/1.1)
HTTP/1.1 200 OK
content-length: 14
content-type: application/json; charset=utf-8
cache-control: no-cache

17:49:05.922 [AsyncHttpClient-1-2] DEBUG org.asynchttpclient.netty.channel.ChannelManager -- Adding key: http://localhost:4444 for channel [id: 0x020b4601, L:/127.0.0.1:63420 - R:localhost/127.0.0.1:4444]
17:49:05.925 [Forwarding findElement on session 7ba8ff3bf30367aad55a4e3910d5e455 to remote] DEBUG org.asynchttpclient.netty.request.NettyRequestSender -- Using pooled Channel '[id: 0x020b4601, L:/127.0.0.1:63420 - R:localhost/127.0.0.1:4444]' for 'POST' to 'http://localhost:4444/wd/hub/session/7ba8ff3bf30367aad55a4e3910d5e455/element'
17:49:05.925 [Forwarding findElement on session 7ba8ff3bf30367aad55a4e3910d5e455 to remote] DEBUG org.asynchttpclient.netty.request.NettyRequestSender -- Using open Channel [id: 0x020b4601, L:/127.0.0.1:63420 - R:localhost/127.0.0.1:4444] for POST '/wd/hub/session/7ba8ff3bf30367aad55a4e3910d5e455/element'
17:49:05.994 [AsyncHttpClient-1-2] DEBUG org.asynchttpclient.netty.handler.HttpHandler -- 

Request DefaultHttpRequest(decodeResult: success, version: HTTP/1.1)
POST /wd/hub/session/7ba8ff3bf30367aad55a4e3910d5e455/element HTTP/1.1
traceparent: 00-b32ef515e70d53f6415aa76385d30b5c-31862b83a3328c2c-01
User-Agent: selenium/4.13.0 (java windows)
Content-Length: 56
Content-Type: application/json; charset=utf-8
host: localhost:4444
accept: */*

Response DefaultHttpResponse(decodeResult: success, version: HTTP/1.1)
HTTP/1.1 200 OK
content-length: 94
content-type: application/json; charset=utf-8
cache-control: no-cache

17:49:05.994 [AsyncHttpClient-1-2] DEBUG org.asynchttpclient.netty.channel.ChannelManager -- Adding key: http://localhost:4444 for channel [id: 0x020b4601, L:/127.0.0.1:63420 - R:localhost/127.0.0.1:4444]
17:49:06.003 [Forwarding getElementAttribute on session 7ba8ff3bf30367aad55a4e3910d5e455 to remote] DEBUG org.asynchttpclient.netty.request.NettyRequestSender -- Using pooled Channel '[id: 0x020b4601, L:/127.0.0.1:63420 - R:localhost/127.0.0.1:4444]' for 'POST' to 'http://localhost:4444/wd/hub/session/7ba8ff3bf30367aad55a4e3910d5e455/execute/sync'
17:49:06.003 [Forwarding getElementAttribute on session 7ba8ff3bf30367aad55a4e3910d5e455 to remote] DEBUG org.asynchttpclient.netty.request.NettyRequestSender -- Using open Channel [id: 0x020b4601, L:/127.0.0.1:63420 - R:localhost/127.0.0.1:4444] for POST '/wd/hub/session/7ba8ff3bf30367aad55a4e3910d5e455/execute/sync'
17:49:06.074 [AsyncHttpClient-1-2] DEBUG org.asynchttpclient.netty.handler.HttpHandler -- 

Request DefaultHttpRequest(decodeResult: success, version: HTTP/1.1)
POST /wd/hub/session/7ba8ff3bf30367aad55a4e3910d5e455/execute/sync HTTP/1.1
traceparent: 00-af9d11a5ea004d19cf6e8ac0f95c3ad3-224413edd087ae6b-01
User-Agent: selenium/4.13.0 (java windows)
Content-Length: 47378
Content-Type: application/json; charset=utf-8
host: localhost:4444
accept: */*

Response DefaultHttpResponse(decodeResult: success, version: HTTP/1.1)
HTTP/1.1 200 OK
content-length: 223
content-type: application/json; charset=utf-8
cache-control: no-cache

17:49:06.074 [AsyncHttpClient-1-2] DEBUG org.asynchttpclient.netty.channel.ChannelManager -- Adding key: http://localhost:4444 for channel [id: 0x020b4601, L:/127.0.0.1:63420 - R:localhost/127.0.0.1:4444]
17:49:06.079 [Forwarding getElementAttribute on session 7ba8ff3bf30367aad55a4e3910d5e455 to remote] DEBUG org.asynchttpclient.netty.request.NettyRequestSender -- Using pooled Channel '[id: 0x020b4601, L:/127.0.0.1:63420 - R:localhost/127.0.0.1:4444]' for 'POST' to 'http://localhost:4444/wd/hub/session/7ba8ff3bf30367aad55a4e3910d5e455/execute/sync'
17:49:06.079 [Forwarding getElementAttribute on session 7ba8ff3bf30367aad55a4e3910d5e455 to remote] DEBUG org.asynchttpclient.netty.request.NettyRequestSender -- Using open Channel [id: 0x020b4601, L:/127.0.0.1:63420 - R:localhost/127.0.0.1:4444] for POST '/wd/hub/session/7ba8ff3bf30367aad55a4e3910d5e455/execute/sync'
17:49:06.170 [AsyncHttpClient-1-2] DEBUG org.asynchttpclient.netty.handler.HttpHandler -- 

Request DefaultHttpRequest(decodeResult: success, version: HTTP/1.1)
POST /wd/hub/session/7ba8ff3bf30367aad55a4e3910d5e455/execute/sync HTTP/1.1
traceparent: 00-67121c48dcd13db1d40a5598602a94bd-1200023696001ac4-01
User-Agent: selenium/4.13.0 (java windows)
Content-Length: 47374
Content-Type: application/json; charset=utf-8
host: localhost:4444
accept: */*

Response DefaultHttpResponse(decodeResult: success, version: HTTP/1.1)
HTTP/1.1 200 OK
content-length: 34
content-type: application/json; charset=utf-8
cache-control: no-cache

17:49:06.171 [AsyncHttpClient-1-2] DEBUG org.asynchttpclient.netty.channel.ChannelManager -- Adding key: http://localhost:4444 for channel [id: 0x020b4601, L:/127.0.0.1:63420 - R:localhost/127.0.0.1:4444]
17:49:06.178 [Forwarding getElementAttribute on session 7ba8ff3bf30367aad55a4e3910d5e455 to remote] DEBUG org.asynchttpclient.netty.request.NettyRequestSender -- Using pooled Channel '[id: 0x020b4601, L:/127.0.0.1:63420 - R:localhost/127.0.0.1:4444]' for 'POST' to 'http://localhost:4444/wd/hub/session/7ba8ff3bf30367aad55a4e3910d5e455/execute/sync'
17:49:06.178 [Forwarding getElementAttribute on session 7ba8ff3bf30367aad55a4e3910d5e455 to remote] DEBUG org.asynchttpclient.netty.request.NettyRequestSender -- Using open Channel [id: 0x020b4601, L:/127.0.0.1:63420 - R:localhost/127.0.0.1:4444] for POST '/wd/hub/session/7ba8ff3bf30367aad55a4e3910d5e455/execute/sync'
17:49:06.238 [AsyncHttpClient-1-2] DEBUG org.asynchttpclient.netty.handler.HttpHandler -- 

Request DefaultHttpRequest(decodeResult: success, version: HTTP/1.1)
POST /wd/hub/session/7ba8ff3bf30367aad55a4e3910d5e455/execute/sync HTTP/1.1
traceparent: 00-728d9b54f5a1edcc238983a2a817c1e9-de3d9a70ced7befc-01
User-Agent: selenium/4.13.0 (java windows)
Content-Length: 47380
Content-Type: application/json; charset=utf-8
host: localhost:4444
accept: */*

Response DefaultHttpResponse(decodeResult: success, version: HTTP/1.1)
HTTP/1.1 200 OK
content-length: 20
content-type: application/json; charset=utf-8
cache-control: no-cache

17:49:06.239 [AsyncHttpClient-1-2] DEBUG org.asynchttpclient.netty.channel.ChannelManager -- Adding key: http://localhost:4444 for channel [id: 0x020b4601, L:/127.0.0.1:63420 - R:localhost/127.0.0.1:4444]
17:49:06.242 [Forwarding getElementAttribute on session 7ba8ff3bf30367aad55a4e3910d5e455 to remote] DEBUG org.asynchttpclient.netty.request.NettyRequestSender -- Using pooled Channel '[id: 0x020b4601, L:/127.0.0.1:63420 - R:localhost/127.0.0.1:4444]' for 'POST' to 'http://localhost:4444/wd/hub/session/7ba8ff3bf30367aad55a4e3910d5e455/execute/sync'
17:49:06.242 [Forwarding getElementAttribute on session 7ba8ff3bf30367aad55a4e3910d5e455 to remote] DEBUG org.asynchttpclient.netty.request.NettyRequestSender -- Using open Channel [id: 0x020b4601, L:/127.0.0.1:63420 - R:localhost/127.0.0.1:4444] for POST '/wd/hub/session/7ba8ff3bf30367aad55a4e3910d5e455/execute/sync'
17:49:06.315 [AsyncHttpClient-1-2] DEBUG org.asynchttpclient.netty.handler.HttpHandler -- 

Request DefaultHttpRequest(decodeResult: success, version: HTTP/1.1)
POST /wd/hub/session/7ba8ff3bf30367aad55a4e3910d5e455/execute/sync HTTP/1.1
traceparent: 00-98d47d3db0299b6e676d0681aee52627-8ea71eabdb1739ae-01
User-Agent: selenium/4.13.0 (java windows)
Content-Length: 47373
Content-Type: application/json; charset=utf-8
host: localhost:4444
accept: */*

Response DefaultHttpResponse(decodeResult: success, version: HTTP/1.1)
HTTP/1.1 200 OK
content-length: 16
content-type: application/json; charset=utf-8
cache-control: no-cache

17:49:06.316 [AsyncHttpClient-1-2] DEBUG org.asynchttpclient.netty.channel.ChannelManager -- Adding key: http://localhost:4444 for channel [id: 0x020b4601, L:/127.0.0.1:63420 - R:localhost/127.0.0.1:4444]
17:49:06.319 [Forwarding getElementAttribute on session 7ba8ff3bf30367aad55a4e3910d5e455 to remote] DEBUG org.asynchttpclient.netty.request.NettyRequestSender -- Using pooled Channel '[id: 0x020b4601, L:/127.0.0.1:63420 - R:localhost/127.0.0.1:4444]' for 'POST' to 'http://localhost:4444/wd/hub/session/7ba8ff3bf30367aad55a4e3910d5e455/execute/sync'
17:49:06.319 [Forwarding getElementAttribute on session 7ba8ff3bf30367aad55a4e3910d5e455 to remote] DEBUG org.asynchttpclient.netty.request.NettyRequestSender -- Using open Channel [id: 0x020b4601, L:/127.0.0.1:63420 - R:localhost/127.0.0.1:4444] for POST '/wd/hub/session/7ba8ff3bf30367aad55a4e3910d5e455/execute/sync'
17:49:06.376 [AsyncHttpClient-1-2] DEBUG org.asynchttpclient.netty.handler.HttpHandler -- 

Request DefaultHttpRequest(decodeResult: success, version: HTTP/1.1)
POST /wd/hub/session/7ba8ff3bf30367aad55a4e3910d5e455/execute/sync HTTP/1.1
traceparent: 00-f4673d86999b1ddaa6d3bddd7ac54f09-46dddbc6b41ec212-01
User-Agent: selenium/4.13.0 (java windows)
Content-Length: 47378
Content-Type: application/json; charset=utf-8
host: localhost:4444
accept: */*

Response DefaultHttpResponse(decodeResult: success, version: HTTP/1.1)
HTTP/1.1 200 OK
content-length: 20
content-type: application/json; charset=utf-8
cache-control: no-cache

17:49:06.377 [AsyncHttpClient-1-2] DEBUG org.asynchttpclient.netty.channel.ChannelManager -- Adding key: http://localhost:4444 for channel [id: 0x020b4601, L:/127.0.0.1:63420 - R:localhost/127.0.0.1:4444]
17:49:06.381 [Forwarding getElementAttribute on session 7ba8ff3bf30367aad55a4e3910d5e455 to remote] DEBUG org.asynchttpclient.netty.request.NettyRequestSender -- Using pooled Channel '[id: 0x020b4601, L:/127.0.0.1:63420 - R:localhost/127.0.0.1:4444]' for 'POST' to 'http://localhost:4444/wd/hub/session/7ba8ff3bf30367aad55a4e3910d5e455/execute/sync'
17:49:06.381 [Forwarding getElementAttribute on session 7ba8ff3bf30367aad55a4e3910d5e455 to remote] DEBUG org.asynchttpclient.netty.request.NettyRequestSender -- Using open Channel [id: 0x020b4601, L:/127.0.0.1:63420 - R:localhost/127.0.0.1:4444] for POST '/wd/hub/session/7ba8ff3bf30367aad55a4e3910d5e455/execute/sync'
17:49:06.452 [AsyncHttpClient-1-2] DEBUG org.asynchttpclient.netty.handler.HttpHandler -- 

Request DefaultHttpRequest(decodeResult: success, version: HTTP/1.1)
POST /wd/hub/session/7ba8ff3bf30367aad55a4e3910d5e455/execute/sync HTTP/1.1
traceparent: 00-380d2d485b1c712df274c9ba7df90c12-1140f061951c8951-01
User-Agent: selenium/4.13.0 (java windows)
Content-Length: 47371
Content-Type: application/json; charset=utf-8
host: localhost:4444
accept: */*

Response DefaultHttpResponse(decodeResult: success, version: HTTP/1.1)
HTTP/1.1 200 OK
content-length: 21
content-type: application/json; charset=utf-8
cache-control: no-cache

17:49:06.453 [AsyncHttpClient-1-2] DEBUG org.asynchttpclient.netty.channel.ChannelManager -- Adding key: http://localhost:4444 for channel [id: 0x020b4601, L:/127.0.0.1:63420 - R:localhost/127.0.0.1:4444]
17:49:06.456 [Forwarding getElementAttribute on session 7ba8ff3bf30367aad55a4e3910d5e455 to remote] DEBUG org.asynchttpclient.netty.request.NettyRequestSender -- Using pooled Channel '[id: 0x020b4601, L:/127.0.0.1:63420 - R:localhost/127.0.0.1:4444]' for 'POST' to 'http://localhost:4444/wd/hub/session/7ba8ff3bf30367aad55a4e3910d5e455/execute/sync'
17:49:06.456 [Forwarding getElementAttribute on session 7ba8ff3bf30367aad55a4e3910d5e455 to remote] DEBUG org.asynchttpclient.netty.request.NettyRequestSender -- Using open Channel [id: 0x020b4601, L:/127.0.0.1:63420 - R:localhost/127.0.0.1:4444] for POST '/wd/hub/session/7ba8ff3bf30367aad55a4e3910d5e455/execute/sync'
17:49:06.520 [AsyncHttpClient-1-2] DEBUG org.asynchttpclient.netty.handler.HttpHandler -- 

Request DefaultHttpRequest(decodeResult: success, version: HTTP/1.1)
POST /wd/hub/session/7ba8ff3bf30367aad55a4e3910d5e455/execute/sync HTTP/1.1
traceparent: 00-1b2af90460b8bf9b3b96f5ccc2e1b840-2e026e08da22f36d-01
User-Agent: selenium/4.13.0 (java windows)
Content-Length: 47373
Content-Type: application/json; charset=utf-8
host: localhost:4444
accept: */*

Response DefaultHttpResponse(decodeResult: success, version: HTTP/1.1)
HTTP/1.1 200 OK
content-length: 21
content-type: application/json; charset=utf-8
cache-control: no-cache

17:49:06.520 [AsyncHttpClient-1-2] DEBUG org.asynchttpclient.netty.channel.ChannelManager -- Adding key: http://localhost:4444 for channel [id: 0x020b4601, L:/127.0.0.1:63420 - R:localhost/127.0.0.1:4444]
17:49:06.525 [Forwarding getElementAttribute on session 7ba8ff3bf30367aad55a4e3910d5e455 to remote] DEBUG org.asynchttpclient.netty.request.NettyRequestSender -- Using pooled Channel '[id: 0x020b4601, L:/127.0.0.1:63420 - R:localhost/127.0.0.1:4444]' for 'POST' to 'http://localhost:4444/wd/hub/session/7ba8ff3bf30367aad55a4e3910d5e455/execute/sync'
17:49:06.526 [Forwarding getElementAttribute on session 7ba8ff3bf30367aad55a4e3910d5e455 to remote] DEBUG org.asynchttpclient.netty.request.NettyRequestSender -- Using open Channel [id: 0x020b4601, L:/127.0.0.1:63420 - R:localhost/127.0.0.1:4444] for POST '/wd/hub/session/7ba8ff3bf30367aad55a4e3910d5e455/execute/sync'
17:49:06.579 [AsyncHttpClient-1-2] DEBUG org.asynchttpclient.netty.handler.HttpHandler -- 

Request DefaultHttpRequest(decodeResult: success, version: HTTP/1.1)
POST /wd/hub/session/7ba8ff3bf30367aad55a4e3910d5e455/execute/sync HTTP/1.1
traceparent: 00-ae706372d38620dba766ffcb2bbf6d99-3934ae487643da28-01
User-Agent: selenium/4.13.0 (java windows)
Content-Length: 47380
Content-Type: application/json; charset=utf-8
host: localhost:4444
accept: */*

Response DefaultHttpResponse(decodeResult: success, version: HTTP/1.1)
HTTP/1.1 200 OK
content-length: 15
content-type: application/json; charset=utf-8
cache-control: no-cache

17:49:06.579 [AsyncHttpClient-1-2] DEBUG org.asynchttpclient.netty.channel.ChannelManager -- Adding key: http://localhost:4444 for channel [id: 0x020b4601, L:/127.0.0.1:63420 - R:localhost/127.0.0.1:4444]
17:49:06.582 [Forwarding getElementAttribute on session 7ba8ff3bf30367aad55a4e3910d5e455 to remote] DEBUG org.asynchttpclient.netty.request.NettyRequestSender -- Using pooled Channel '[id: 0x020b4601, L:/127.0.0.1:63420 - R:localhost/127.0.0.1:4444]' for 'POST' to 'http://localhost:4444/wd/hub/session/7ba8ff3bf30367aad55a4e3910d5e455/execute/sync'
17:49:06.582 [Forwarding getElementAttribute on session 7ba8ff3bf30367aad55a4e3910d5e455 to remote] DEBUG org.asynchttpclient.netty.request.NettyRequestSender -- Using open Channel [id: 0x020b4601, L:/127.0.0.1:63420 - R:localhost/127.0.0.1:4444] for POST '/wd/hub/session/7ba8ff3bf30367aad55a4e3910d5e455/execute/sync'
17:49:06.635 [AsyncHttpClient-1-2] DEBUG org.asynchttpclient.netty.handler.HttpHandler -- 

Request DefaultHttpRequest(decodeResult: success, version: HTTP/1.1)
POST /wd/hub/session/7ba8ff3bf30367aad55a4e3910d5e455/execute/sync HTTP/1.1
traceparent: 00-85fb215ea84ee2a7896490c52206ce3a-693a33d3c643c565-01
User-Agent: selenium/4.13.0 (java windows)
Content-Length: 47383
Content-Type: application/json; charset=utf-8
host: localhost:4444
accept: */*

Response DefaultHttpResponse(decodeResult: success, version: HTTP/1.1)
HTTP/1.1 200 OK
content-length: 16
content-type: application/json; charset=utf-8
cache-control: no-cache

17:49:06.635 [AsyncHttpClient-1-2] DEBUG org.asynchttpclient.netty.channel.ChannelManager -- Adding key: http://localhost:4444 for channel [id: 0x020b4601, L:/127.0.0.1:63420 - R:localhost/127.0.0.1:4444]
17:49:06.638 [Forwarding getElementAttribute on session 7ba8ff3bf30367aad55a4e3910d5e455 to remote] DEBUG org.asynchttpclient.netty.request.NettyRequestSender -- Using pooled Channel '[id: 0x020b4601, L:/127.0.0.1:63420 - R:localhost/127.0.0.1:4444]' for 'POST' to 'http://localhost:4444/wd/hub/session/7ba8ff3bf30367aad55a4e3910d5e455/execute/sync'
17:49:06.638 [Forwarding getElementAttribute on session 7ba8ff3bf30367aad55a4e3910d5e455 to remote] DEBUG org.asynchttpclient.netty.request.NettyRequestSender -- Using open Channel [id: 0x020b4601, L:/127.0.0.1:63420 - R:localhost/127.0.0.1:4444] for POST '/wd/hub/session/7ba8ff3bf30367aad55a4e3910d5e455/execute/sync'
17:49:06.691 [AsyncHttpClient-1-2] DEBUG org.asynchttpclient.netty.handler.HttpHandler -- 

Request DefaultHttpRequest(decodeResult: success, version: HTTP/1.1)
POST /wd/hub/session/7ba8ff3bf30367aad55a4e3910d5e455/execute/sync HTTP/1.1
traceparent: 00-c1ec10991b74ab301de5c7db66ab4447-1a11202097d1bd55-01
User-Agent: selenium/4.13.0 (java windows)
Content-Length: 47374
Content-Type: application/json; charset=utf-8
host: localhost:4444
accept: */*

Response DefaultHttpResponse(decodeResult: success, version: HTTP/1.1)
HTTP/1.1 200 OK
content-length: 25
content-type: application/json; charset=utf-8
cache-control: no-cache

17:49:06.692 [AsyncHttpClient-1-2] DEBUG org.asynchttpclient.netty.channel.ChannelManager -- Adding key: http://localhost:4444 for channel [id: 0x020b4601, L:/127.0.0.1:63420 - R:localhost/127.0.0.1:4444]
17:49:06.694 [main] INFO helpers.LoggerHelper -- Testing user: standard_user
17:49:06.696 [Forwarding findElement on session 7ba8ff3bf30367aad55a4e3910d5e455 to remote] DEBUG org.asynchttpclient.netty.request.NettyRequestSender -- Using pooled Channel '[id: 0x020b4601, L:/127.0.0.1:63420 - R:localhost/127.0.0.1:4444]' for 'POST' to 'http://localhost:4444/wd/hub/session/7ba8ff3bf30367aad55a4e3910d5e455/element'
17:49:06.697 [Forwarding findElement on session 7ba8ff3bf30367aad55a4e3910d5e455 to remote] DEBUG org.asynchttpclient.netty.request.NettyRequestSender -- Using open Channel [id: 0x020b4601, L:/127.0.0.1:63420 - R:localhost/127.0.0.1:4444] for POST '/wd/hub/session/7ba8ff3bf30367aad55a4e3910d5e455/element'
17:49:06.746 [AsyncHttpClient-1-2] DEBUG org.asynchttpclient.netty.handler.HttpHandler -- 

Request DefaultHttpRequest(decodeResult: success, version: HTTP/1.1)
POST /wd/hub/session/7ba8ff3bf30367aad55a4e3910d5e455/element HTTP/1.1
traceparent: 00-5d98b4254be05a2e9a88a09c508a51c7-4e6dcb20b2e843f3-01
User-Agent: selenium/4.13.0 (java windows)
Content-Length: 53
Content-Type: application/json; charset=utf-8
host: localhost:4444
accept: */*

Response DefaultHttpResponse(decodeResult: success, version: HTTP/1.1)
HTTP/1.1 200 OK
content-length: 94
content-type: application/json; charset=utf-8
cache-control: no-cache

17:49:06.747 [AsyncHttpClient-1-2] DEBUG org.asynchttpclient.netty.channel.ChannelManager -- Adding key: http://localhost:4444 for channel [id: 0x020b4601, L:/127.0.0.1:63420 - R:localhost/127.0.0.1:4444]
17:49:06.750 [Forwarding isElementDisplayed on session 7ba8ff3bf30367aad55a4e3910d5e455 to remote] DEBUG org.asynchttpclient.netty.request.NettyRequestSender -- Using pooled Channel '[id: 0x020b4601, L:/127.0.0.1:63420 - R:localhost/127.0.0.1:4444]' for 'POST' to 'http://localhost:4444/wd/hub/session/7ba8ff3bf30367aad55a4e3910d5e455/execute/sync'
17:49:06.750 [Forwarding isElementDisplayed on session 7ba8ff3bf30367aad55a4e3910d5e455 to remote] DEBUG org.asynchttpclient.netty.request.NettyRequestSender -- Using open Channel [id: 0x020b4601, L:/127.0.0.1:63420 - R:localhost/127.0.0.1:4444] for POST '/wd/hub/session/7ba8ff3bf30367aad55a4e3910d5e455/execute/sync'
17:49:06.803 [AsyncHttpClient-1-2] DEBUG org.asynchttpclient.netty.handler.HttpHandler -- 

Request DefaultHttpRequest(decodeResult: success, version: HTTP/1.1)
POST /wd/hub/session/7ba8ff3bf30367aad55a4e3910d5e455/execute/sync HTTP/1.1
traceparent: 00-e2ae1065753fbd14cdd26935af80bc13-1a5a946696c4102d-01
User-Agent: selenium/4.13.0 (java windows)
Content-Length: 48813
Content-Type: application/json; charset=utf-8
host: localhost:4444
accept: */*

Response DefaultHttpResponse(decodeResult: success, version: HTTP/1.1)
HTTP/1.1 200 OK
content-length: 14
content-type: application/json; charset=utf-8
cache-control: no-cache

17:49:06.804 [AsyncHttpClient-1-2] DEBUG org.asynchttpclient.netty.channel.ChannelManager -- Adding key: http://localhost:4444 for channel [id: 0x020b4601, L:/127.0.0.1:63420 - R:localhost/127.0.0.1:4444]
17:49:06.806 [Forwarding findElement on session 7ba8ff3bf30367aad55a4e3910d5e455 to remote] DEBUG org.asynchttpclient.netty.request.NettyRequestSender -- Using pooled Channel '[id: 0x020b4601, L:/127.0.0.1:63420 - R:localhost/127.0.0.1:4444]' for 'POST' to 'http://localhost:4444/wd/hub/session/7ba8ff3bf30367aad55a4e3910d5e455/element'
17:49:06.806 [Forwarding findElement on session 7ba8ff3bf30367aad55a4e3910d5e455 to remote] DEBUG org.asynchttpclient.netty.request.NettyRequestSender -- Using open Channel [id: 0x020b4601, L:/127.0.0.1:63420 - R:localhost/127.0.0.1:4444] for POST '/wd/hub/session/7ba8ff3bf30367aad55a4e3910d5e455/element'
17:49:06.845 [AsyncHttpClient-1-2] DEBUG org.asynchttpclient.netty.handler.HttpHandler -- 

Request DefaultHttpRequest(decodeResult: success, version: HTTP/1.1)
POST /wd/hub/session/7ba8ff3bf30367aad55a4e3910d5e455/element HTTP/1.1
traceparent: 00-4ac3a7a62b03b133b4b087acf4ed2e28-fbc730fd1b2fb1cf-01
User-Agent: selenium/4.13.0 (java windows)
Content-Length: 53
Content-Type: application/json; charset=utf-8
host: localhost:4444
accept: */*

Response DefaultHttpResponse(decodeResult: success, version: HTTP/1.1)
HTTP/1.1 200 OK
content-length: 94
content-type: application/json; charset=utf-8
cache-control: no-cache

17:49:06.845 [AsyncHttpClient-1-2] DEBUG org.asynchttpclient.netty.channel.ChannelManager -- Adding key: http://localhost:4444 for channel [id: 0x020b4601, L:/127.0.0.1:63420 - R:localhost/127.0.0.1:4444]
17:49:06.848 [Forwarding sendKeysToElement on session 7ba8ff3bf30367aad55a4e3910d5e455 to remote] DEBUG org.asynchttpclient.netty.request.NettyRequestSender -- Using pooled Channel '[id: 0x020b4601, L:/127.0.0.1:63420 - R:localhost/127.0.0.1:4444]' for 'POST' to 'http://localhost:4444/wd/hub/session/7ba8ff3bf30367aad55a4e3910d5e455/element/A58C181618818C893261E25B5565D6B4_element_2/value'
17:49:06.848 [Forwarding sendKeysToElement on session 7ba8ff3bf30367aad55a4e3910d5e455 to remote] DEBUG org.asynchttpclient.netty.request.NettyRequestSender -- Using open Channel [id: 0x020b4601, L:/127.0.0.1:63420 - R:localhost/127.0.0.1:4444] for POST '/wd/hub/session/7ba8ff3bf30367aad55a4e3910d5e455/element/A58C181618818C893261E25B5565D6B4_element_2/value'
17:49:07.031 [AsyncHttpClient-1-2] DEBUG org.asynchttpclient.netty.handler.HttpHandler -- 

Request DefaultHttpRequest(decodeResult: success, version: HTTP/1.1)
POST /wd/hub/session/7ba8ff3bf30367aad55a4e3910d5e455/element/A58C181618818C893261E25B5565D6B4_element_2/value HTTP/1.1
traceparent: 00-53e833a1d1b54db13654a82e891defa0-71df086e6986c952-01
User-Agent: selenium/4.13.0 (java windows)
Content-Length: 207
Content-Type: application/json; charset=utf-8
host: localhost:4444
accept: */*

Response DefaultHttpResponse(decodeResult: success, version: HTTP/1.1)
HTTP/1.1 200 OK
content-length: 14
content-type: application/json; charset=utf-8
cache-control: no-cache

17:49:07.032 [AsyncHttpClient-1-2] DEBUG org.asynchttpclient.netty.channel.ChannelManager -- Adding key: http://localhost:4444 for channel [id: 0x020b4601, L:/127.0.0.1:63420 - R:localhost/127.0.0.1:4444]
17:49:07.035 [Forwarding findElement on session 7ba8ff3bf30367aad55a4e3910d5e455 to remote] DEBUG org.asynchttpclient.netty.request.NettyRequestSender -- Using pooled Channel '[id: 0x020b4601, L:/127.0.0.1:63420 - R:localhost/127.0.0.1:4444]' for 'POST' to 'http://localhost:4444/wd/hub/session/7ba8ff3bf30367aad55a4e3910d5e455/element'
17:49:07.035 [Forwarding findElement on session 7ba8ff3bf30367aad55a4e3910d5e455 to remote] DEBUG org.asynchttpclient.netty.request.NettyRequestSender -- Using open Channel [id: 0x020b4601, L:/127.0.0.1:63420 - R:localhost/127.0.0.1:4444] for POST '/wd/hub/session/7ba8ff3bf30367aad55a4e3910d5e455/element'
17:49:07.111 [AsyncHttpClient-1-2] DEBUG org.asynchttpclient.netty.handler.HttpHandler -- 

Request DefaultHttpRequest(decodeResult: success, version: HTTP/1.1)
POST /wd/hub/session/7ba8ff3bf30367aad55a4e3910d5e455/element HTTP/1.1
traceparent: 00-5cea1a445cead8b658e31c9f7d5cc28b-33a5d793502633f3-01
User-Agent: selenium/4.13.0 (java windows)
Content-Length: 53
Content-Type: application/json; charset=utf-8
host: localhost:4444
accept: */*

Response DefaultHttpResponse(decodeResult: success, version: HTTP/1.1)
HTTP/1.1 200 OK
content-length: 94
content-type: application/json; charset=utf-8
cache-control: no-cache

17:49:07.111 [AsyncHttpClient-1-2] DEBUG org.asynchttpclient.netty.channel.ChannelManager -- Adding key: http://localhost:4444 for channel [id: 0x020b4601, L:/127.0.0.1:63420 - R:localhost/127.0.0.1:4444]
17:49:07.118 [Forwarding getElementAttribute on session 7ba8ff3bf30367aad55a4e3910d5e455 to remote] DEBUG org.asynchttpclient.netty.request.NettyRequestSender -- Using pooled Channel '[id: 0x020b4601, L:/127.0.0.1:63420 - R:localhost/127.0.0.1:4444]' for 'POST' to 'http://localhost:4444/wd/hub/session/7ba8ff3bf30367aad55a4e3910d5e455/execute/sync'
17:49:07.118 [Forwarding getElementAttribute on session 7ba8ff3bf30367aad55a4e3910d5e455 to remote] DEBUG org.asynchttpclient.netty.request.NettyRequestSender -- Using open Channel [id: 0x020b4601, L:/127.0.0.1:63420 - R:localhost/127.0.0.1:4444] for POST '/wd/hub/session/7ba8ff3bf30367aad55a4e3910d5e455/execute/sync'
17:49:07.177 [AsyncHttpClient-1-2] DEBUG org.asynchttpclient.netty.handler.HttpHandler -- 

Request DefaultHttpRequest(decodeResult: success, version: HTTP/1.1)
POST /wd/hub/session/7ba8ff3bf30367aad55a4e3910d5e455/execute/sync HTTP/1.1
traceparent: 00-a9f4f71dc0b724da6c0c1f4de907a631-7e451529e598f341-01
User-Agent: selenium/4.13.0 (java windows)
Content-Length: 47378
Content-Type: application/json; charset=utf-8
host: localhost:4444
accept: */*

Response DefaultHttpResponse(decodeResult: success, version: HTTP/1.1)
HTTP/1.1 200 OK
content-length: 224
content-type: application/json; charset=utf-8
cache-control: no-cache

17:49:07.178 [AsyncHttpClient-1-2] DEBUG org.asynchttpclient.netty.channel.ChannelManager -- Adding key: http://localhost:4444 for channel [id: 0x020b4601, L:/127.0.0.1:63420 - R:localhost/127.0.0.1:4444]
17:49:07.184 [Forwarding getElementAttribute on session 7ba8ff3bf30367aad55a4e3910d5e455 to remote] DEBUG org.asynchttpclient.netty.request.NettyRequestSender -- Using pooled Channel '[id: 0x020b4601, L:/127.0.0.1:63420 - R:localhost/127.0.0.1:4444]' for 'POST' to 'http://localhost:4444/wd/hub/session/7ba8ff3bf30367aad55a4e3910d5e455/execute/sync'
17:49:07.184 [Forwarding getElementAttribute on session 7ba8ff3bf30367aad55a4e3910d5e455 to remote] DEBUG org.asynchttpclient.netty.request.NettyRequestSender -- Using open Channel [id: 0x020b4601, L:/127.0.0.1:63420 - R:localhost/127.0.0.1:4444] for POST '/wd/hub/session/7ba8ff3bf30367aad55a4e3910d5e455/execute/sync'
17:49:07.243 [AsyncHttpClient-1-2] DEBUG org.asynchttpclient.netty.handler.HttpHandler -- 

Request DefaultHttpRequest(decodeResult: success, version: HTTP/1.1)
POST /wd/hub/session/7ba8ff3bf30367aad55a4e3910d5e455/execute/sync HTTP/1.1
traceparent: 00-18770f58220c303f7da4195ffe7ef91a-1fbf82e17301b3ac-01
User-Agent: selenium/4.13.0 (java windows)
Content-Length: 47374
Content-Type: application/json; charset=utf-8
host: localhost:4444
accept: */*

Response DefaultHttpResponse(decodeResult: success, version: HTTP/1.1)
HTTP/1.1 200 OK
content-length: 34
content-type: application/json; charset=utf-8
cache-control: no-cache

17:49:07.244 [AsyncHttpClient-1-2] DEBUG org.asynchttpclient.netty.channel.ChannelManager -- Adding key: http://localhost:4444 for channel [id: 0x020b4601, L:/127.0.0.1:63420 - R:localhost/127.0.0.1:4444]
17:49:07.249 [Forwarding getElementAttribute on session 7ba8ff3bf30367aad55a4e3910d5e455 to remote] DEBUG org.asynchttpclient.netty.request.NettyRequestSender -- Using pooled Channel '[id: 0x020b4601, L:/127.0.0.1:63420 - R:localhost/127.0.0.1:4444]' for 'POST' to 'http://localhost:4444/wd/hub/session/7ba8ff3bf30367aad55a4e3910d5e455/execute/sync'
17:49:07.249 [Forwarding getElementAttribute on session 7ba8ff3bf30367aad55a4e3910d5e455 to remote] DEBUG org.asynchttpclient.netty.request.NettyRequestSender -- Using open Channel [id: 0x020b4601, L:/127.0.0.1:63420 - R:localhost/127.0.0.1:4444] for POST '/wd/hub/session/7ba8ff3bf30367aad55a4e3910d5e455/execute/sync'
17:49:07.320 [AsyncHttpClient-1-2] DEBUG org.asynchttpclient.netty.handler.HttpHandler -- 

Request DefaultHttpRequest(decodeResult: success, version: HTTP/1.1)
POST /wd/hub/session/7ba8ff3bf30367aad55a4e3910d5e455/execute/sync HTTP/1.1
traceparent: 00-598104ba03139df23b678dbb82ad4fa6-8d3a00e5d4c5c97e-01
User-Agent: selenium/4.13.0 (java windows)
Content-Length: 47380
Content-Type: application/json; charset=utf-8
host: localhost:4444
accept: */*

Response DefaultHttpResponse(decodeResult: success, version: HTTP/1.1)
HTTP/1.1 200 OK
content-length: 20
content-type: application/json; charset=utf-8
cache-control: no-cache

17:49:07.320 [AsyncHttpClient-1-2] DEBUG org.asynchttpclient.netty.channel.ChannelManager -- Adding key: http://localhost:4444 for channel [id: 0x020b4601, L:/127.0.0.1:63420 - R:localhost/127.0.0.1:4444]
17:49:07.325 [Forwarding getElementAttribute on session 7ba8ff3bf30367aad55a4e3910d5e455 to remote] DEBUG org.asynchttpclient.netty.request.NettyRequestSender -- Using pooled Channel '[id: 0x020b4601, L:/127.0.0.1:63420 - R:localhost/127.0.0.1:4444]' for 'POST' to 'http://localhost:4444/wd/hub/session/7ba8ff3bf30367aad55a4e3910d5e455/execute/sync'
17:49:07.326 [Forwarding getElementAttribute on session 7ba8ff3bf30367aad55a4e3910d5e455 to remote] DEBUG org.asynchttpclient.netty.request.NettyRequestSender -- Using open Channel [id: 0x020b4601, L:/127.0.0.1:63420 - R:localhost/127.0.0.1:4444] for POST '/wd/hub/session/7ba8ff3bf30367aad55a4e3910d5e455/execute/sync'
17:49:07.375 [AsyncHttpClient-1-2] DEBUG org.asynchttpclient.netty.handler.HttpHandler -- 

Request DefaultHttpRequest(decodeResult: success, version: HTTP/1.1)
POST /wd/hub/session/7ba8ff3bf30367aad55a4e3910d5e455/execute/sync HTTP/1.1
traceparent: 00-f6e6ec85c2ea0170a9308ad49a55301d-0c77c3897bb40fdd-01
User-Agent: selenium/4.13.0 (java windows)
Content-Length: 47373
Content-Type: application/json; charset=utf-8
host: localhost:4444
accept: */*

Response DefaultHttpResponse(decodeResult: success, version: HTTP/1.1)
HTTP/1.1 200 OK
content-length: 20
content-type: application/json; charset=utf-8
cache-control: no-cache

17:49:07.377 [AsyncHttpClient-1-2] DEBUG org.asynchttpclient.netty.channel.ChannelManager -- Adding key: http://localhost:4444 for channel [id: 0x020b4601, L:/127.0.0.1:63420 - R:localhost/127.0.0.1:4444]
17:49:07.380 [Forwarding getElementAttribute on session 7ba8ff3bf30367aad55a4e3910d5e455 to remote] DEBUG org.asynchttpclient.netty.request.NettyRequestSender -- Using pooled Channel '[id: 0x020b4601, L:/127.0.0.1:63420 - R:localhost/127.0.0.1:4444]' for 'POST' to 'http://localhost:4444/wd/hub/session/7ba8ff3bf30367aad55a4e3910d5e455/execute/sync'
17:49:07.381 [Forwarding getElementAttribute on session 7ba8ff3bf30367aad55a4e3910d5e455 to remote] DEBUG org.asynchttpclient.netty.request.NettyRequestSender -- Using open Channel [id: 0x020b4601, L:/127.0.0.1:63420 - R:localhost/127.0.0.1:4444] for POST '/wd/hub/session/7ba8ff3bf30367aad55a4e3910d5e455/execute/sync'
17:49:07.422 [AsyncHttpClient-1-2] DEBUG org.asynchttpclient.netty.handler.HttpHandler -- 

Request DefaultHttpRequest(decodeResult: success, version: HTTP/1.1)
POST /wd/hub/session/7ba8ff3bf30367aad55a4e3910d5e455/execute/sync HTTP/1.1
traceparent: 00-fa36d0449ab08e7525a5cfd031bda1b8-1037ded8510eb1a0-01
User-Agent: selenium/4.13.0 (java windows)
Content-Length: 47378
Content-Type: application/json; charset=utf-8
host: localhost:4444
accept: */*

Response DefaultHttpResponse(decodeResult: success, version: HTTP/1.1)
HTTP/1.1 200 OK
content-length: 20
content-type: application/json; charset=utf-8
cache-control: no-cache

17:49:07.423 [AsyncHttpClient-1-2] DEBUG org.asynchttpclient.netty.channel.ChannelManager -- Adding key: http://localhost:4444 for channel [id: 0x020b4601, L:/127.0.0.1:63420 - R:localhost/127.0.0.1:4444]
17:49:07.426 [Forwarding getElementAttribute on session 7ba8ff3bf30367aad55a4e3910d5e455 to remote] DEBUG org.asynchttpclient.netty.request.NettyRequestSender -- Using pooled Channel '[id: 0x020b4601, L:/127.0.0.1:63420 - R:localhost/127.0.0.1:4444]' for 'POST' to 'http://localhost:4444/wd/hub/session/7ba8ff3bf30367aad55a4e3910d5e455/execute/sync'
17:49:07.426 [Forwarding getElementAttribute on session 7ba8ff3bf30367aad55a4e3910d5e455 to remote] DEBUG org.asynchttpclient.netty.request.NettyRequestSender -- Using open Channel [id: 0x020b4601, L:/127.0.0.1:63420 - R:localhost/127.0.0.1:4444] for POST '/wd/hub/session/7ba8ff3bf30367aad55a4e3910d5e455/execute/sync'
17:49:07.465 [AsyncHttpClient-1-2] DEBUG org.asynchttpclient.netty.handler.HttpHandler -- 

Request DefaultHttpRequest(decodeResult: success, version: HTTP/1.1)
POST /wd/hub/session/7ba8ff3bf30367aad55a4e3910d5e455/execute/sync HTTP/1.1
traceparent: 00-c417963b3fdb53ec5ce5a53213fb3aa8-ff7209e0dd2e8a69-01
User-Agent: selenium/4.13.0 (java windows)
Content-Length: 47371
Content-Type: application/json; charset=utf-8
host: localhost:4444
accept: */*

Response DefaultHttpResponse(decodeResult: success, version: HTTP/1.1)
HTTP/1.1 200 OK
content-length: 20
content-type: application/json; charset=utf-8
cache-control: no-cache

17:49:07.465 [AsyncHttpClient-1-2] DEBUG org.asynchttpclient.netty.channel.ChannelManager -- Adding key: http://localhost:4444 for channel [id: 0x020b4601, L:/127.0.0.1:63420 - R:localhost/127.0.0.1:4444]
17:49:07.468 [Forwarding getElementAttribute on session 7ba8ff3bf30367aad55a4e3910d5e455 to remote] DEBUG org.asynchttpclient.netty.request.NettyRequestSender -- Using pooled Channel '[id: 0x020b4601, L:/127.0.0.1:63420 - R:localhost/127.0.0.1:4444]' for 'POST' to 'http://localhost:4444/wd/hub/session/7ba8ff3bf30367aad55a4e3910d5e455/execute/sync'
17:49:07.469 [Forwarding getElementAttribute on session 7ba8ff3bf30367aad55a4e3910d5e455 to remote] DEBUG org.asynchttpclient.netty.request.NettyRequestSender -- Using open Channel [id: 0x020b4601, L:/127.0.0.1:63420 - R:localhost/127.0.0.1:4444] for POST '/wd/hub/session/7ba8ff3bf30367aad55a4e3910d5e455/execute/sync'
17:49:07.526 [AsyncHttpClient-1-2] DEBUG org.asynchttpclient.netty.handler.HttpHandler -- 

Request DefaultHttpRequest(decodeResult: success, version: HTTP/1.1)
POST /wd/hub/session/7ba8ff3bf30367aad55a4e3910d5e455/execute/sync HTTP/1.1
traceparent: 00-ab4ee2923469934732ef1115c9a1b97b-2c5632940161b81a-01
User-Agent: selenium/4.13.0 (java windows)
Content-Length: 47373
Content-Type: application/json; charset=utf-8
host: localhost:4444
accept: */*

Response DefaultHttpResponse(decodeResult: success, version: HTTP/1.1)
HTTP/1.1 200 OK
content-length: 20
content-type: application/json; charset=utf-8
cache-control: no-cache

17:49:07.527 [AsyncHttpClient-1-2] DEBUG org.asynchttpclient.netty.channel.ChannelManager -- Adding key: http://localhost:4444 for channel [id: 0x020b4601, L:/127.0.0.1:63420 - R:localhost/127.0.0.1:4444]
17:49:07.531 [Forwarding getElementAttribute on session 7ba8ff3bf30367aad55a4e3910d5e455 to remote] DEBUG org.asynchttpclient.netty.request.NettyRequestSender -- Using pooled Channel '[id: 0x020b4601, L:/127.0.0.1:63420 - R:localhost/127.0.0.1:4444]' for 'POST' to 'http://localhost:4444/wd/hub/session/7ba8ff3bf30367aad55a4e3910d5e455/execute/sync'
17:49:07.531 [Forwarding getElementAttribute on session 7ba8ff3bf30367aad55a4e3910d5e455 to remote] DEBUG org.asynchttpclient.netty.request.NettyRequestSender -- Using open Channel [id: 0x020b4601, L:/127.0.0.1:63420 - R:localhost/127.0.0.1:4444] for POST '/wd/hub/session/7ba8ff3bf30367aad55a4e3910d5e455/execute/sync'
17:49:07.622 [AsyncHttpClient-1-2] DEBUG org.asynchttpclient.netty.handler.HttpHandler -- 

Request DefaultHttpRequest(decodeResult: success, version: HTTP/1.1)
POST /wd/hub/session/7ba8ff3bf30367aad55a4e3910d5e455/execute/sync HTTP/1.1
traceparent: 00-0a40325bfe00255bcf50d59a98aa7fda-bf87552043600e8a-01
User-Agent: selenium/4.13.0 (java windows)
Content-Length: 47380
Content-Type: application/json; charset=utf-8
host: localhost:4444
accept: */*

Response DefaultHttpResponse(decodeResult: success, version: HTTP/1.1)
HTTP/1.1 200 OK
content-length: 15
content-type: application/json; charset=utf-8
cache-control: no-cache

17:49:07.622 [AsyncHttpClient-1-2] DEBUG org.asynchttpclient.netty.channel.ChannelManager -- Adding key: http://localhost:4444 for channel [id: 0x020b4601, L:/127.0.0.1:63420 - R:localhost/127.0.0.1:4444]
17:49:07.629 [Forwarding getElementAttribute on session 7ba8ff3bf30367aad55a4e3910d5e455 to remote] DEBUG org.asynchttpclient.netty.request.NettyRequestSender -- Using pooled Channel '[id: 0x020b4601, L:/127.0.0.1:63420 - R:localhost/127.0.0.1:4444]' for 'POST' to 'http://localhost:4444/wd/hub/session/7ba8ff3bf30367aad55a4e3910d5e455/execute/sync'
17:49:07.630 [Forwarding getElementAttribute on session 7ba8ff3bf30367aad55a4e3910d5e455 to remote] DEBUG org.asynchttpclient.netty.request.NettyRequestSender -- Using open Channel [id: 0x020b4601, L:/127.0.0.1:63420 - R:localhost/127.0.0.1:4444] for POST '/wd/hub/session/7ba8ff3bf30367aad55a4e3910d5e455/execute/sync'
17:49:07.695 [AsyncHttpClient-1-2] DEBUG org.asynchttpclient.netty.handler.HttpHandler -- 

Request DefaultHttpRequest(decodeResult: success, version: HTTP/1.1)
POST /wd/hub/session/7ba8ff3bf30367aad55a4e3910d5e455/execute/sync HTTP/1.1
traceparent: 00-44768946eb29da5010ca721ad551b7a7-fe5bba8667468b9c-01
User-Agent: selenium/4.13.0 (java windows)
Content-Length: 47383
Content-Type: application/json; charset=utf-8
host: localhost:4444
accept: */*

Response DefaultHttpResponse(decodeResult: success, version: HTTP/1.1)
HTTP/1.1 200 OK
content-length: 16
content-type: application/json; charset=utf-8
cache-control: no-cache

17:49:07.696 [AsyncHttpClient-1-2] DEBUG org.asynchttpclient.netty.channel.ChannelManager -- Adding key: http://localhost:4444 for channel [id: 0x020b4601, L:/127.0.0.1:63420 - R:localhost/127.0.0.1:4444]
17:49:07.702 [Forwarding getElementAttribute on session 7ba8ff3bf30367aad55a4e3910d5e455 to remote] DEBUG org.asynchttpclient.netty.request.NettyRequestSender -- Using pooled Channel '[id: 0x020b4601, L:/127.0.0.1:63420 - R:localhost/127.0.0.1:4444]' for 'POST' to 'http://localhost:4444/wd/hub/session/7ba8ff3bf30367aad55a4e3910d5e455/execute/sync'
17:49:07.702 [Forwarding getElementAttribute on session 7ba8ff3bf30367aad55a4e3910d5e455 to remote] DEBUG org.asynchttpclient.netty.request.NettyRequestSender -- Using open Channel [id: 0x020b4601, L:/127.0.0.1:63420 - R:localhost/127.0.0.1:4444] for POST '/wd/hub/session/7ba8ff3bf30367aad55a4e3910d5e455/execute/sync'
17:49:07.748 [AsyncHttpClient-1-2] DEBUG org.asynchttpclient.netty.handler.HttpHandler -- 

Request DefaultHttpRequest(decodeResult: success, version: HTTP/1.1)
POST /wd/hub/session/7ba8ff3bf30367aad55a4e3910d5e455/execute/sync HTTP/1.1
traceparent: 00-f330ef56a9de22ffbccb2cd4ab5c0a71-616af62307a39b86-01
User-Agent: selenium/4.13.0 (java windows)
Content-Length: 47374
Content-Type: application/json; charset=utf-8
host: localhost:4444
accept: */*

Response DefaultHttpResponse(decodeResult: success, version: HTTP/1.1)
HTTP/1.1 200 OK
content-length: 24
content-type: application/json; charset=utf-8
cache-control: no-cache

17:49:07.749 [AsyncHttpClient-1-2] DEBUG org.asynchttpclient.netty.channel.ChannelManager -- Adding key: http://localhost:4444 for channel [id: 0x020b4601, L:/127.0.0.1:63420 - R:localhost/127.0.0.1:4444]
17:49:07.752 [main] INFO helpers.LoggerHelper -- Testing password: secret_sauce
17:49:07.753 [Forwarding findElement on session 7ba8ff3bf30367aad55a4e3910d5e455 to remote] DEBUG org.asynchttpclient.netty.request.NettyRequestSender -- Using pooled Channel '[id: 0x020b4601, L:/127.0.0.1:63420 - R:localhost/127.0.0.1:4444]' for 'POST' to 'http://localhost:4444/wd/hub/session/7ba8ff3bf30367aad55a4e3910d5e455/element'
17:49:07.753 [Forwarding findElement on session 7ba8ff3bf30367aad55a4e3910d5e455 to remote] DEBUG org.asynchttpclient.netty.request.NettyRequestSender -- Using open Channel [id: 0x020b4601, L:/127.0.0.1:63420 - R:localhost/127.0.0.1:4444] for POST '/wd/hub/session/7ba8ff3bf30367aad55a4e3910d5e455/element'
17:49:07.798 [AsyncHttpClient-1-2] DEBUG org.asynchttpclient.netty.handler.HttpHandler -- 

Request DefaultHttpRequest(decodeResult: success, version: HTTP/1.1)
POST /wd/hub/session/7ba8ff3bf30367aad55a4e3910d5e455/element HTTP/1.1
traceparent: 00-398985ee0e6bf172c80610a2016c2f5f-c1f19dafbe5bbcb9-01
User-Agent: selenium/4.13.0 (java windows)
Content-Length: 59
Content-Type: application/json; charset=utf-8
host: localhost:4444
accept: */*

Response DefaultHttpResponse(decodeResult: success, version: HTTP/1.1)
HTTP/1.1 200 OK
content-length: 94
content-type: application/json; charset=utf-8
cache-control: no-cache

17:49:07.799 [AsyncHttpClient-1-2] DEBUG org.asynchttpclient.netty.channel.ChannelManager -- Adding key: http://localhost:4444 for channel [id: 0x020b4601, L:/127.0.0.1:63420 - R:localhost/127.0.0.1:4444]
17:49:07.801 [Forwarding isElementDisplayed on session 7ba8ff3bf30367aad55a4e3910d5e455 to remote] DEBUG org.asynchttpclient.netty.request.NettyRequestSender -- Using pooled Channel '[id: 0x020b4601, L:/127.0.0.1:63420 - R:localhost/127.0.0.1:4444]' for 'POST' to 'http://localhost:4444/wd/hub/session/7ba8ff3bf30367aad55a4e3910d5e455/execute/sync'
17:49:07.801 [Forwarding isElementDisplayed on session 7ba8ff3bf30367aad55a4e3910d5e455 to remote] DEBUG org.asynchttpclient.netty.request.NettyRequestSender -- Using open Channel [id: 0x020b4601, L:/127.0.0.1:63420 - R:localhost/127.0.0.1:4444] for POST '/wd/hub/session/7ba8ff3bf30367aad55a4e3910d5e455/execute/sync'
17:49:07.842 [AsyncHttpClient-1-2] DEBUG org.asynchttpclient.netty.handler.HttpHandler -- 

Request DefaultHttpRequest(decodeResult: success, version: HTTP/1.1)
POST /wd/hub/session/7ba8ff3bf30367aad55a4e3910d5e455/execute/sync HTTP/1.1
traceparent: 00-e1c1e5cc23df914f9d9aaabefe7a7de9-0baf13f7e87404fa-01
User-Agent: selenium/4.13.0 (java windows)
Content-Length: 48813
Content-Type: application/json; charset=utf-8
host: localhost:4444
accept: */*

Response DefaultHttpResponse(decodeResult: success, version: HTTP/1.1)
HTTP/1.1 200 OK
content-length: 14
content-type: application/json; charset=utf-8
cache-control: no-cache

17:49:07.842 [AsyncHttpClient-1-2] DEBUG org.asynchttpclient.netty.channel.ChannelManager -- Adding key: http://localhost:4444 for channel [id: 0x020b4601, L:/127.0.0.1:63420 - R:localhost/127.0.0.1:4444]
17:49:07.845 [Forwarding findElement on session 7ba8ff3bf30367aad55a4e3910d5e455 to remote] DEBUG org.asynchttpclient.netty.request.NettyRequestSender -- Using pooled Channel '[id: 0x020b4601, L:/127.0.0.1:63420 - R:localhost/127.0.0.1:4444]' for 'POST' to 'http://localhost:4444/wd/hub/session/7ba8ff3bf30367aad55a4e3910d5e455/element'
17:49:07.846 [Forwarding findElement on session 7ba8ff3bf30367aad55a4e3910d5e455 to remote] DEBUG org.asynchttpclient.netty.request.NettyRequestSender -- Using open Channel [id: 0x020b4601, L:/127.0.0.1:63420 - R:localhost/127.0.0.1:4444] for POST '/wd/hub/session/7ba8ff3bf30367aad55a4e3910d5e455/element'
17:49:07.875 [AsyncHttpClient-1-2] DEBUG org.asynchttpclient.netty.handler.HttpHandler -- 

Request DefaultHttpRequest(decodeResult: success, version: HTTP/1.1)
POST /wd/hub/session/7ba8ff3bf30367aad55a4e3910d5e455/element HTTP/1.1
traceparent: 00-4a6126dabee5e59af009a532cfb81b1b-8c94db242e8e03c1-01
User-Agent: selenium/4.13.0 (java windows)
Content-Length: 59
Content-Type: application/json; charset=utf-8
host: localhost:4444
accept: */*

Response DefaultHttpResponse(decodeResult: success, version: HTTP/1.1)
HTTP/1.1 200 OK
content-length: 94
content-type: application/json; charset=utf-8
cache-control: no-cache

17:49:07.876 [AsyncHttpClient-1-2] DEBUG org.asynchttpclient.netty.channel.ChannelManager -- Adding key: http://localhost:4444 for channel [id: 0x020b4601, L:/127.0.0.1:63420 - R:localhost/127.0.0.1:4444]
17:49:07.878 [Forwarding getElementAttribute on session 7ba8ff3bf30367aad55a4e3910d5e455 to remote] DEBUG org.asynchttpclient.netty.request.NettyRequestSender -- Using pooled Channel '[id: 0x020b4601, L:/127.0.0.1:63420 - R:localhost/127.0.0.1:4444]' for 'POST' to 'http://localhost:4444/wd/hub/session/7ba8ff3bf30367aad55a4e3910d5e455/execute/sync'
17:49:07.878 [Forwarding getElementAttribute on session 7ba8ff3bf30367aad55a4e3910d5e455 to remote] DEBUG org.asynchttpclient.netty.request.NettyRequestSender -- Using open Channel [id: 0x020b4601, L:/127.0.0.1:63420 - R:localhost/127.0.0.1:4444] for POST '/wd/hub/session/7ba8ff3bf30367aad55a4e3910d5e455/execute/sync'
17:49:07.916 [AsyncHttpClient-1-2] DEBUG org.asynchttpclient.netty.handler.HttpHandler -- 

Request DefaultHttpRequest(decodeResult: success, version: HTTP/1.1)
POST /wd/hub/session/7ba8ff3bf30367aad55a4e3910d5e455/execute/sync HTTP/1.1
traceparent: 00-3cbbd16b5a583d638e11027d0d30f561-bb480b231965d099-01
User-Agent: selenium/4.13.0 (java windows)
Content-Length: 47378
Content-Type: application/json; charset=utf-8
host: localhost:4444
accept: */*

Response DefaultHttpResponse(decodeResult: success, version: HTTP/1.1)
HTTP/1.1 200 OK
content-length: 160
content-type: application/json; charset=utf-8
cache-control: no-cache

17:49:07.917 [AsyncHttpClient-1-2] DEBUG org.asynchttpclient.netty.channel.ChannelManager -- Adding key: http://localhost:4444 for channel [id: 0x020b4601, L:/127.0.0.1:63420 - R:localhost/127.0.0.1:4444]
17:49:07.921 [Forwarding getElementAttribute on session 7ba8ff3bf30367aad55a4e3910d5e455 to remote] DEBUG org.asynchttpclient.netty.request.NettyRequestSender -- Using pooled Channel '[id: 0x020b4601, L:/127.0.0.1:63420 - R:localhost/127.0.0.1:4444]' for 'POST' to 'http://localhost:4444/wd/hub/session/7ba8ff3bf30367aad55a4e3910d5e455/execute/sync'
17:49:07.921 [Forwarding getElementAttribute on session 7ba8ff3bf30367aad55a4e3910d5e455 to remote] DEBUG org.asynchttpclient.netty.request.NettyRequestSender -- Using open Channel [id: 0x020b4601, L:/127.0.0.1:63420 - R:localhost/127.0.0.1:4444] for POST '/wd/hub/session/7ba8ff3bf30367aad55a4e3910d5e455/execute/sync'
17:49:07.958 [AsyncHttpClient-1-2] DEBUG org.asynchttpclient.netty.handler.HttpHandler -- 

Request DefaultHttpRequest(decodeResult: success, version: HTTP/1.1)
POST /wd/hub/session/7ba8ff3bf30367aad55a4e3910d5e455/execute/sync HTTP/1.1
traceparent: 00-d01b33af7300128a5e709dfd0ebc47b6-16f4065ea6411e02-01
User-Agent: selenium/4.13.0 (java windows)
Content-Length: 47373
Content-Type: application/json; charset=utf-8
host: localhost:4444
accept: */*

Response DefaultHttpResponse(decodeResult: success, version: HTTP/1.1)
HTTP/1.1 200 OK
content-length: 18
content-type: application/json; charset=utf-8
cache-control: no-cache

17:49:07.958 [AsyncHttpClient-1-2] DEBUG org.asynchttpclient.netty.channel.ChannelManager -- Adding key: http://localhost:4444 for channel [id: 0x020b4601, L:/127.0.0.1:63420 - R:localhost/127.0.0.1:4444]
17:49:07.962 [Forwarding getElementAttribute on session 7ba8ff3bf30367aad55a4e3910d5e455 to remote] DEBUG org.asynchttpclient.netty.request.NettyRequestSender -- Using pooled Channel '[id: 0x020b4601, L:/127.0.0.1:63420 - R:localhost/127.0.0.1:4444]' for 'POST' to 'http://localhost:4444/wd/hub/session/7ba8ff3bf30367aad55a4e3910d5e455/execute/sync'
17:49:07.962 [Forwarding getElementAttribute on session 7ba8ff3bf30367aad55a4e3910d5e455 to remote] DEBUG org.asynchttpclient.netty.request.NettyRequestSender -- Using open Channel [id: 0x020b4601, L:/127.0.0.1:63420 - R:localhost/127.0.0.1:4444] for POST '/wd/hub/session/7ba8ff3bf30367aad55a4e3910d5e455/execute/sync'
17:49:08.010 [AsyncHttpClient-1-2] DEBUG org.asynchttpclient.netty.handler.HttpHandler -- 

Request DefaultHttpRequest(decodeResult: success, version: HTTP/1.1)
POST /wd/hub/session/7ba8ff3bf30367aad55a4e3910d5e455/execute/sync HTTP/1.1
traceparent: 00-cb93a171fdcac6d2f227a1b5d466cafe-515a8bc5e8995f82-01
User-Agent: selenium/4.13.0 (java windows)
Content-Length: 47374
Content-Type: application/json; charset=utf-8
host: localhost:4444
accept: */*

Response DefaultHttpResponse(decodeResult: success, version: HTTP/1.1)
HTTP/1.1 200 OK
content-length: 36
content-type: application/json; charset=utf-8
cache-control: no-cache

17:49:08.010 [AsyncHttpClient-1-2] DEBUG org.asynchttpclient.netty.channel.ChannelManager -- Adding key: http://localhost:4444 for channel [id: 0x020b4601, L:/127.0.0.1:63420 - R:localhost/127.0.0.1:4444]
17:49:08.013 [Forwarding getElementAttribute on session 7ba8ff3bf30367aad55a4e3910d5e455 to remote] DEBUG org.asynchttpclient.netty.request.NettyRequestSender -- Using pooled Channel '[id: 0x020b4601, L:/127.0.0.1:63420 - R:localhost/127.0.0.1:4444]' for 'POST' to 'http://localhost:4444/wd/hub/session/7ba8ff3bf30367aad55a4e3910d5e455/execute/sync'
17:49:08.013 [Forwarding getElementAttribute on session 7ba8ff3bf30367aad55a4e3910d5e455 to remote] DEBUG org.asynchttpclient.netty.request.NettyRequestSender -- Using open Channel [id: 0x020b4601, L:/127.0.0.1:63420 - R:localhost/127.0.0.1:4444] for POST '/wd/hub/session/7ba8ff3bf30367aad55a4e3910d5e455/execute/sync'
17:49:08.051 [AsyncHttpClient-1-2] DEBUG org.asynchttpclient.netty.handler.HttpHandler -- 

Request DefaultHttpRequest(decodeResult: success, version: HTTP/1.1)
POST /wd/hub/session/7ba8ff3bf30367aad55a4e3910d5e455/execute/sync HTTP/1.1
traceparent: 00-645ca8f80cf12a9a7f85e1a1cc01efc1-eb66ce6d1510edeb-01
User-Agent: selenium/4.13.0 (java windows)
Content-Length: 47378
Content-Type: application/json; charset=utf-8
host: localhost:4444
accept: */*

Response DefaultHttpResponse(decodeResult: success, version: HTTP/1.1)
HTTP/1.1 200 OK
content-length: 24
content-type: application/json; charset=utf-8
cache-control: no-cache

17:49:08.051 [AsyncHttpClient-1-2] DEBUG org.asynchttpclient.netty.channel.ChannelManager -- Adding key: http://localhost:4444 for channel [id: 0x020b4601, L:/127.0.0.1:63420 - R:localhost/127.0.0.1:4444]
17:49:08.055 [Forwarding getElementAttribute on session 7ba8ff3bf30367aad55a4e3910d5e455 to remote] DEBUG org.asynchttpclient.netty.request.NettyRequestSender -- Using pooled Channel '[id: 0x020b4601, L:/127.0.0.1:63420 - R:localhost/127.0.0.1:4444]' for 'POST' to 'http://localhost:4444/wd/hub/session/7ba8ff3bf30367aad55a4e3910d5e455/execute/sync'
17:49:08.055 [Forwarding getElementAttribute on session 7ba8ff3bf30367aad55a4e3910d5e455 to remote] DEBUG org.asynchttpclient.netty.request.NettyRequestSender -- Using open Channel [id: 0x020b4601, L:/127.0.0.1:63420 - R:localhost/127.0.0.1:4444] for POST '/wd/hub/session/7ba8ff3bf30367aad55a4e3910d5e455/execute/sync'
17:49:08.102 [AsyncHttpClient-1-2] DEBUG org.asynchttpclient.netty.handler.HttpHandler -- 

Request DefaultHttpRequest(decodeResult: success, version: HTTP/1.1)
POST /wd/hub/session/7ba8ff3bf30367aad55a4e3910d5e455/execute/sync HTTP/1.1
traceparent: 00-a2ed21c4e558d4312447198e94738b40-c4ad15e04b03b19f-01
User-Agent: selenium/4.13.0 (java windows)
Content-Length: 47371
Content-Type: application/json; charset=utf-8
host: localhost:4444
accept: */*

Response DefaultHttpResponse(decodeResult: success, version: HTTP/1.1)
HTTP/1.1 200 OK
content-length: 24
content-type: application/json; charset=utf-8
cache-control: no-cache

17:49:08.102 [AsyncHttpClient-1-2] DEBUG org.asynchttpclient.netty.channel.ChannelManager -- Adding key: http://localhost:4444 for channel [id: 0x020b4601, L:/127.0.0.1:63420 - R:localhost/127.0.0.1:4444]
17:49:08.107 [Forwarding getElementAttribute on session 7ba8ff3bf30367aad55a4e3910d5e455 to remote] DEBUG org.asynchttpclient.netty.request.NettyRequestSender -- Using pooled Channel '[id: 0x020b4601, L:/127.0.0.1:63420 - R:localhost/127.0.0.1:4444]' for 'POST' to 'http://localhost:4444/wd/hub/session/7ba8ff3bf30367aad55a4e3910d5e455/execute/sync'
17:49:08.107 [Forwarding getElementAttribute on session 7ba8ff3bf30367aad55a4e3910d5e455 to remote] DEBUG org.asynchttpclient.netty.request.NettyRequestSender -- Using open Channel [id: 0x020b4601, L:/127.0.0.1:63420 - R:localhost/127.0.0.1:4444] for POST '/wd/hub/session/7ba8ff3bf30367aad55a4e3910d5e455/execute/sync'
17:49:08.158 [AsyncHttpClient-1-2] DEBUG org.asynchttpclient.netty.handler.HttpHandler -- 

Request DefaultHttpRequest(decodeResult: success, version: HTTP/1.1)
POST /wd/hub/session/7ba8ff3bf30367aad55a4e3910d5e455/execute/sync HTTP/1.1
traceparent: 00-eb9defd004174b5f1aff3b10324218c0-07ef0b04fd9990cb-01
User-Agent: selenium/4.13.0 (java windows)
Content-Length: 47373
Content-Type: application/json; charset=utf-8
host: localhost:4444
accept: */*

Response DefaultHttpResponse(decodeResult: success, version: HTTP/1.1)
HTTP/1.1 200 OK
content-length: 24
content-type: application/json; charset=utf-8
cache-control: no-cache

17:49:08.159 [AsyncHttpClient-1-2] DEBUG org.asynchttpclient.netty.channel.ChannelManager -- Adding key: http://localhost:4444 for channel [id: 0x020b4601, L:/127.0.0.1:63420 - R:localhost/127.0.0.1:4444]
17:49:08.164 [Forwarding getElementAttribute on session 7ba8ff3bf30367aad55a4e3910d5e455 to remote] DEBUG org.asynchttpclient.netty.request.NettyRequestSender -- Using pooled Channel '[id: 0x020b4601, L:/127.0.0.1:63420 - R:localhost/127.0.0.1:4444]' for 'POST' to 'http://localhost:4444/wd/hub/session/7ba8ff3bf30367aad55a4e3910d5e455/execute/sync'
17:49:08.164 [Forwarding getElementAttribute on session 7ba8ff3bf30367aad55a4e3910d5e455 to remote] DEBUG org.asynchttpclient.netty.request.NettyRequestSender -- Using open Channel [id: 0x020b4601, L:/127.0.0.1:63420 - R:localhost/127.0.0.1:4444] for POST '/wd/hub/session/7ba8ff3bf30367aad55a4e3910d5e455/execute/sync'
17:49:08.246 [AsyncHttpClient-1-2] DEBUG org.asynchttpclient.netty.handler.HttpHandler -- 

Request DefaultHttpRequest(decodeResult: success, version: HTTP/1.1)
POST /wd/hub/session/7ba8ff3bf30367aad55a4e3910d5e455/execute/sync HTTP/1.1
traceparent: 00-74e5eb7ba341dc318137fbd91610bc94-e3843c52caba551b-01
User-Agent: selenium/4.13.0 (java windows)
Content-Length: 47374
Content-Type: application/json; charset=utf-8
host: localhost:4444
accept: */*

Response DefaultHttpResponse(decodeResult: success, version: HTTP/1.1)
HTTP/1.1 200 OK
content-length: 17
content-type: application/json; charset=utf-8
cache-control: no-cache

17:49:08.247 [AsyncHttpClient-1-2] DEBUG org.asynchttpclient.netty.channel.ChannelManager -- Adding key: http://localhost:4444 for channel [id: 0x020b4601, L:/127.0.0.1:63420 - R:localhost/127.0.0.1:4444]
17:49:08.251 [Forwarding findElement on session 7ba8ff3bf30367aad55a4e3910d5e455 to remote] DEBUG org.asynchttpclient.netty.request.NettyRequestSender -- Using pooled Channel '[id: 0x020b4601, L:/127.0.0.1:63420 - R:localhost/127.0.0.1:4444]' for 'POST' to 'http://localhost:4444/wd/hub/session/7ba8ff3bf30367aad55a4e3910d5e455/element'
17:49:08.251 [Forwarding findElement on session 7ba8ff3bf30367aad55a4e3910d5e455 to remote] DEBUG org.asynchttpclient.netty.request.NettyRequestSender -- Using open Channel [id: 0x020b4601, L:/127.0.0.1:63420 - R:localhost/127.0.0.1:4444] for POST '/wd/hub/session/7ba8ff3bf30367aad55a4e3910d5e455/element'
17:49:08.293 [AsyncHttpClient-1-2] DEBUG org.asynchttpclient.netty.handler.HttpHandler -- 

Request DefaultHttpRequest(decodeResult: success, version: HTTP/1.1)
POST /wd/hub/session/7ba8ff3bf30367aad55a4e3910d5e455/element HTTP/1.1
traceparent: 00-7959f7fb39cb87c26e7b9338c5f45f1a-5a17e4314aeb6073-01
User-Agent: selenium/4.13.0 (java windows)
Content-Length: 59
Content-Type: application/json; charset=utf-8
host: localhost:4444
accept: */*

Response DefaultHttpResponse(decodeResult: success, version: HTTP/1.1)
HTTP/1.1 200 OK
content-length: 94
content-type: application/json; charset=utf-8
cache-control: no-cache

17:49:08.294 [AsyncHttpClient-1-2] DEBUG org.asynchttpclient.netty.channel.ChannelManager -- Adding key: http://localhost:4444 for channel [id: 0x020b4601, L:/127.0.0.1:63420 - R:localhost/127.0.0.1:4444]
17:49:08.295 [Forwarding clickElement on session 7ba8ff3bf30367aad55a4e3910d5e455 to remote] DEBUG org.asynchttpclient.netty.request.NettyRequestSender -- Using pooled Channel '[id: 0x020b4601, L:/127.0.0.1:63420 - R:localhost/127.0.0.1:4444]' for 'POST' to 'http://localhost:4444/wd/hub/session/7ba8ff3bf30367aad55a4e3910d5e455/element/A58C181618818C893261E25B5565D6B4_element_6/click'
17:49:08.295 [Forwarding clickElement on session 7ba8ff3bf30367aad55a4e3910d5e455 to remote] DEBUG org.asynchttpclient.netty.request.NettyRequestSender -- Using open Channel [id: 0x020b4601, L:/127.0.0.1:63420 - R:localhost/127.0.0.1:4444] for POST '/wd/hub/session/7ba8ff3bf30367aad55a4e3910d5e455/element/A58C181618818C893261E25B5565D6B4_element_6/click'
17:49:08.516 [AsyncHttpClient-1-2] DEBUG org.asynchttpclient.netty.handler.HttpHandler -- 

Request DefaultHttpRequest(decodeResult: success, version: HTTP/1.1)
POST /wd/hub/session/7ba8ff3bf30367aad55a4e3910d5e455/element/A58C181618818C893261E25B5565D6B4_element_6/click HTTP/1.1
traceparent: 00-4ec0b5843945acd36796cd9be4ed2cd3-672c121defc23808-01
User-Agent: selenium/4.13.0 (java windows)
Content-Length: 56
Content-Type: application/json; charset=utf-8
host: localhost:4444
accept: */*

Response DefaultHttpResponse(decodeResult: success, version: HTTP/1.1)
HTTP/1.1 200 OK
content-length: 14
content-type: application/json; charset=utf-8
cache-control: no-cache

[...]
17:49:38.323 [main] INFO helpers.LoggerHelper -- Testing password: secret_sauce
17:49:38.324 [Forwarding findElement on session 7ba8ff3bf30367aad55a4e3910d5e455 to remote] DEBUG org.asynchttpclient.netty.request.NettyRequestSender -- Using pooled Channel '[id: 0x020b4601, L:/127.0.0.1:63420 - R:localhost/127.0.0.1:4444]' for 'POST' to 'http://localhost:4444/wd/hub/session/7ba8ff3bf30367aad55a4e3910d5e455/element'
17:49:38.324 [Forwarding findElement on session 7ba8ff3bf30367aad55a4e3910d5e455 to remote] DEBUG org.asynchttpclient.netty.request.NettyRequestSender -- Using open Channel [id: 0x020b4601, L:/127.0.0.1:63420 - R:localhost/127.0.0.1:4444] for POST '/wd/hub/session/7ba8ff3bf30367aad55a4e3910d5e455/element'
17:49:38.346 [AsyncHttpClient-1-2] DEBUG org.asynchttpclient.netty.handler.HttpHandler -- 

Request DefaultHttpRequest(decodeResult: success, version: HTTP/1.1)
POST /wd/hub/session/7ba8ff3bf30367aad55a4e3910d5e455/element HTTP/1.1
traceparent: 00-7d6f1120f082496f8f9c40beb07ccd53-cdc5402112755620-01
User-Agent: selenium/4.13.0 (java windows)
Content-Length: 59
Content-Type: application/json; charset=utf-8
host: localhost:4444
accept: */*

Response DefaultHttpResponse(decodeResult: success, version: HTTP/1.1)
HTTP/1.1 200 OK
content-length: 96
content-type: application/json; charset=utf-8
cache-control: no-cache

17:49:38.347 [AsyncHttpClient-1-2] DEBUG org.asynchttpclient.netty.channel.ChannelManager -- Adding key: http://localhost:4444 for channel [id: 0x020b4601, L:/127.0.0.1:63420 - R:localhost/127.0.0.1:4444]
17:49:38.350 [Forwarding isElementDisplayed on session 7ba8ff3bf30367aad55a4e3910d5e455 to remote] DEBUG org.asynchttpclient.netty.request.NettyRequestSender -- Using pooled Channel '[id: 0x020b4601, L:/127.0.0.1:63420 - R:localhost/127.0.0.1:4444]' for 'POST' to 'http://localhost:4444/wd/hub/session/7ba8ff3bf30367aad55a4e3910d5e455/execute/sync'
17:49:38.350 [Forwarding isElementDisplayed on session 7ba8ff3bf30367aad55a4e3910d5e455 to remote] DEBUG org.asynchttpclient.netty.request.NettyRequestSender -- Using open Channel [id: 0x020b4601, L:/127.0.0.1:63420 - R:localhost/127.0.0.1:4444] for POST '/wd/hub/session/7ba8ff3bf30367aad55a4e3910d5e455/execute/sync'
17:49:38.381 [AsyncHttpClient-1-2] DEBUG org.asynchttpclient.netty.handler.HttpHandler -- 

Request DefaultHttpRequest(decodeResult: success, version: HTTP/1.1)
POST /wd/hub/session/7ba8ff3bf30367aad55a4e3910d5e455/execute/sync HTTP/1.1
traceparent: 00-9189c9553cdc626b938873ec668333a0-04dbd26e745f41b0-01
User-Agent: selenium/4.13.0 (java windows)
Content-Length: 48815
Content-Type: application/json; charset=utf-8
host: localhost:4444
accept: */*

Response DefaultHttpResponse(decodeResult: success, version: HTTP/1.1)
HTTP/1.1 200 OK
content-length: 14
content-type: application/json; charset=utf-8
cache-control: no-cache

17:49:38.381 [AsyncHttpClient-1-2] DEBUG org.asynchttpclient.netty.channel.ChannelManager -- Adding key: http://localhost:4444 for channel [id: 0x020b4601, L:/127.0.0.1:63420 - R:localhost/127.0.0.1:4444]
17:49:38.382 [Forwarding findElement on session 7ba8ff3bf30367aad55a4e3910d5e455 to remote] DEBUG org.asynchttpclient.netty.request.NettyRequestSender -- Using pooled Channel '[id: 0x020b4601, L:/127.0.0.1:63420 - R:localhost/127.0.0.1:4444]' for 'POST' to 'http://localhost:4444/wd/hub/session/7ba8ff3bf30367aad55a4e3910d5e455/element'
17:49:38.382 [Forwarding findElement on session 7ba8ff3bf30367aad55a4e3910d5e455 to remote] DEBUG org.asynchttpclient.netty.request.NettyRequestSender -- Using open Channel [id: 0x020b4601, L:/127.0.0.1:63420 - R:localhost/127.0.0.1:4444] for POST '/wd/hub/session/7ba8ff3bf30367aad55a4e3910d5e455/element'
17:49:38.402 [AsyncHttpClient-1-2] DEBUG org.asynchttpclient.netty.handler.HttpHandler -- 

Request DefaultHttpRequest(decodeResult: success, version: HTTP/1.1)
POST /wd/hub/session/7ba8ff3bf30367aad55a4e3910d5e455/element HTTP/1.1
traceparent: 00-0536e6b4baf5769243b080653ce3e3c4-26e5296edece1295-01
User-Agent: selenium/4.13.0 (java windows)
Content-Length: 59
Content-Type: application/json; charset=utf-8
host: localhost:4444
accept: */*

Response DefaultHttpResponse(decodeResult: success, version: HTTP/1.1)
HTTP/1.1 200 OK
content-length: 96
content-type: application/json; charset=utf-8
cache-control: no-cache

17:49:38.402 [AsyncHttpClient-1-2] DEBUG org.asynchttpclient.netty.channel.ChannelManager -- Adding key: http://localhost:4444 for channel [id: 0x020b4601, L:/127.0.0.1:63420 - R:localhost/127.0.0.1:4444]
17:49:38.404 [Forwarding getElementAttribute on session 7ba8ff3bf30367aad55a4e3910d5e455 to remote] DEBUG org.asynchttpclient.netty.request.NettyRequestSender -- Using pooled Channel '[id: 0x020b4601, L:/127.0.0.1:63420 - R:localhost/127.0.0.1:4444]' for 'POST' to 'http://localhost:4444/wd/hub/session/7ba8ff3bf30367aad55a4e3910d5e455/execute/sync'
17:49:38.404 [Forwarding getElementAttribute on session 7ba8ff3bf30367aad55a4e3910d5e455 to remote] DEBUG org.asynchttpclient.netty.request.NettyRequestSender -- Using open Channel [id: 0x020b4601, L:/127.0.0.1:63420 - R:localhost/127.0.0.1:4444] for POST '/wd/hub/session/7ba8ff3bf30367aad55a4e3910d5e455/execute/sync'
17:49:38.427 [AsyncHttpClient-1-2] DEBUG org.asynchttpclient.netty.handler.HttpHandler -- 

Request DefaultHttpRequest(decodeResult: success, version: HTTP/1.1)
POST /wd/hub/session/7ba8ff3bf30367aad55a4e3910d5e455/execute/sync HTTP/1.1
traceparent: 00-01ca37024b7188060c7a199e30e22604-39c726e7583a989b-01
User-Agent: selenium/4.13.0 (java windows)
Content-Length: 47380
Content-Type: application/json; charset=utf-8
host: localhost:4444
accept: */*

Response DefaultHttpResponse(decodeResult: success, version: HTTP/1.1)
HTTP/1.1 200 OK
content-length: 160
content-type: application/json; charset=utf-8
cache-control: no-cache

17:49:38.427 [AsyncHttpClient-1-2] DEBUG org.asynchttpclient.netty.channel.ChannelManager -- Adding key: http://localhost:4444 for channel [id: 0x020b4601, L:/127.0.0.1:63420 - R:localhost/127.0.0.1:4444]
17:49:38.430 [Forwarding getElementAttribute on session 7ba8ff3bf30367aad55a4e3910d5e455 to remote] DEBUG org.asynchttpclient.netty.request.NettyRequestSender -- Using pooled Channel '[id: 0x020b4601, L:/127.0.0.1:63420 - R:localhost/127.0.0.1:4444]' for 'POST' to 'http://localhost:4444/wd/hub/session/7ba8ff3bf30367aad55a4e3910d5e455/execute/sync'
17:49:38.430 [Forwarding getElementAttribute on session 7ba8ff3bf30367aad55a4e3910d5e455 to remote] DEBUG org.asynchttpclient.netty.request.NettyRequestSender -- Using open Channel [id: 0x020b4601, L:/127.0.0.1:63420 - R:localhost/127.0.0.1:4444] for POST '/wd/hub/session/7ba8ff3bf30367aad55a4e3910d5e455/execute/sync'
17:49:38.453 [AsyncHttpClient-1-2] DEBUG org.asynchttpclient.netty.handler.HttpHandler -- 

Request DefaultHttpRequest(decodeResult: success, version: HTTP/1.1)
POST /wd/hub/session/7ba8ff3bf30367aad55a4e3910d5e455/execute/sync HTTP/1.1
traceparent: 00-360cc8acae5dd256618dd614626a73e0-0414c44b07c8d43a-01
User-Agent: selenium/4.13.0 (java windows)
Content-Length: 47375
Content-Type: application/json; charset=utf-8
host: localhost:4444
accept: */*

Response DefaultHttpResponse(decodeResult: success, version: HTTP/1.1)
HTTP/1.1 200 OK
content-length: 18
content-type: application/json; charset=utf-8
cache-control: no-cache

17:49:38.453 [AsyncHttpClient-1-2] DEBUG org.asynchttpclient.netty.channel.ChannelManager -- Adding key: http://localhost:4444 for channel [id: 0x020b4601, L:/127.0.0.1:63420 - R:localhost/127.0.0.1:4444]
17:49:38.455 [Forwarding getElementAttribute on session 7ba8ff3bf30367aad55a4e3910d5e455 to remote] DEBUG org.asynchttpclient.netty.request.NettyRequestSender -- Using pooled Channel '[id: 0x020b4601, L:/127.0.0.1:63420 - R:localhost/127.0.0.1:4444]' for 'POST' to 'http://localhost:4444/wd/hub/session/7ba8ff3bf30367aad55a4e3910d5e455/execute/sync'
17:49:38.456 [Forwarding getElementAttribute on session 7ba8ff3bf30367aad55a4e3910d5e455 to remote] DEBUG org.asynchttpclient.netty.request.NettyRequestSender -- Using open Channel [id: 0x020b4601, L:/127.0.0.1:63420 - R:localhost/127.0.0.1:4444] for POST '/wd/hub/session/7ba8ff3bf30367aad55a4e3910d5e455/execute/sync'
17:49:38.482 [AsyncHttpClient-1-2] DEBUG org.asynchttpclient.netty.handler.HttpHandler -- 

Request DefaultHttpRequest(decodeResult: success, version: HTTP/1.1)
POST /wd/hub/session/7ba8ff3bf30367aad55a4e3910d5e455/execute/sync HTTP/1.1
traceparent: 00-2db6ebed5ed4bab146d41a1c22e16dd8-8f321b9daa8f24da-01
User-Agent: selenium/4.13.0 (java windows)
Content-Length: 47376
Content-Type: application/json; charset=utf-8
host: localhost:4444
accept: */*

Response DefaultHttpResponse(decodeResult: success, version: HTTP/1.1)
HTTP/1.1 200 OK
content-length: 36
content-type: application/json; charset=utf-8
cache-control: no-cache

17:49:38.483 [AsyncHttpClient-1-2] DEBUG org.asynchttpclient.netty.channel.ChannelManager -- Adding key: http://localhost:4444 for channel [id: 0x020b4601, L:/127.0.0.1:63420 - R:localhost/127.0.0.1:4444]
17:49:38.485 [Forwarding getElementAttribute on session 7ba8ff3bf30367aad55a4e3910d5e455 to remote] DEBUG org.asynchttpclient.netty.request.NettyRequestSender -- Using pooled Channel '[id: 0x020b4601, L:/127.0.0.1:63420 - R:localhost/127.0.0.1:4444]' for 'POST' to 'http://localhost:4444/wd/hub/session/7ba8ff3bf30367aad55a4e3910d5e455/execute/sync'
17:49:38.485 [Forwarding getElementAttribute on session 7ba8ff3bf30367aad55a4e3910d5e455 to remote] DEBUG org.asynchttpclient.netty.request.NettyRequestSender -- Using open Channel [id: 0x020b4601, L:/127.0.0.1:63420 - R:localhost/127.0.0.1:4444] for POST '/wd/hub/session/7ba8ff3bf30367aad55a4e3910d5e455/execute/sync'
17:49:38.524 [AsyncHttpClient-1-2] DEBUG org.asynchttpclient.netty.handler.HttpHandler -- 

Request DefaultHttpRequest(decodeResult: success, version: HTTP/1.1)
POST /wd/hub/session/7ba8ff3bf30367aad55a4e3910d5e455/execute/sync HTTP/1.1
traceparent: 00-83da6ace249c1e59db8f46cffac2900f-32fb5ca843f01b33-01
User-Agent: selenium/4.13.0 (java windows)
Content-Length: 47380
Content-Type: application/json; charset=utf-8
host: localhost:4444
accept: */*

Response DefaultHttpResponse(decodeResult: success, version: HTTP/1.1)
HTTP/1.1 200 OK
content-length: 24
content-type: application/json; charset=utf-8
cache-control: no-cache

17:49:38.524 [AsyncHttpClient-1-2] DEBUG org.asynchttpclient.netty.channel.ChannelManager -- Adding key: http://localhost:4444 for channel [id: 0x020b4601, L:/127.0.0.1:63420 - R:localhost/127.0.0.1:4444]
17:49:38.526 [Forwarding getElementAttribute on session 7ba8ff3bf30367aad55a4e3910d5e455 to remote] DEBUG org.asynchttpclient.netty.request.NettyRequestSender -- Using pooled Channel '[id: 0x020b4601, L:/127.0.0.1:63420 - R:localhost/127.0.0.1:4444]' for 'POST' to 'http://localhost:4444/wd/hub/session/7ba8ff3bf30367aad55a4e3910d5e455/execute/sync'
17:49:38.526 [Forwarding getElementAttribute on session 7ba8ff3bf30367aad55a4e3910d5e455 to remote] DEBUG org.asynchttpclient.netty.request.NettyRequestSender -- Using open Channel [id: 0x020b4601, L:/127.0.0.1:63420 - R:localhost/127.0.0.1:4444] for POST '/wd/hub/session/7ba8ff3bf30367aad55a4e3910d5e455/execute/sync'
17:49:38.560 [AsyncHttpClient-1-2] DEBUG org.asynchttpclient.netty.handler.HttpHandler -- 

Request DefaultHttpRequest(decodeResult: success, version: HTTP/1.1)
POST /wd/hub/session/7ba8ff3bf30367aad55a4e3910d5e455/execute/sync HTTP/1.1
traceparent: 00-846445edfc19200ccdcda1c608eed743-67bcb393c1ef3cce-01
User-Agent: selenium/4.13.0 (java windows)
Content-Length: 47373
Content-Type: application/json; charset=utf-8
host: localhost:4444
accept: */*

Response DefaultHttpResponse(decodeResult: success, version: HTTP/1.1)
HTTP/1.1 200 OK
content-length: 24
content-type: application/json; charset=utf-8
cache-control: no-cache

17:49:38.560 [AsyncHttpClient-1-2] DEBUG org.asynchttpclient.netty.channel.ChannelManager -- Adding key: http://localhost:4444 for channel [id: 0x020b4601, L:/127.0.0.1:63420 - R:localhost/127.0.0.1:4444]
17:49:38.562 [Forwarding getElementAttribute on session 7ba8ff3bf30367aad55a4e3910d5e455 to remote] DEBUG org.asynchttpclient.netty.request.NettyRequestSender -- Using pooled Channel '[id: 0x020b4601, L:/127.0.0.1:63420 - R:localhost/127.0.0.1:4444]' for 'POST' to 'http://localhost:4444/wd/hub/session/7ba8ff3bf30367aad55a4e3910d5e455/execute/sync'
17:49:38.562 [Forwarding getElementAttribute on session 7ba8ff3bf30367aad55a4e3910d5e455 to remote] DEBUG org.asynchttpclient.netty.request.NettyRequestSender -- Using open Channel [id: 0x020b4601, L:/127.0.0.1:63420 - R:localhost/127.0.0.1:4444] for POST '/wd/hub/session/7ba8ff3bf30367aad55a4e3910d5e455/execute/sync'
17:49:38.587 [AsyncHttpClient-1-2] DEBUG org.asynchttpclient.netty.handler.HttpHandler -- 

Request DefaultHttpRequest(decodeResult: success, version: HTTP/1.1)
POST /wd/hub/session/7ba8ff3bf30367aad55a4e3910d5e455/execute/sync HTTP/1.1
traceparent: 00-a8d1db33098942bc88ee5b289cb50611-4a0dad87bfb3be8c-01
User-Agent: selenium/4.13.0 (java windows)
Content-Length: 47375
Content-Type: application/json; charset=utf-8
host: localhost:4444
accept: */*

Response DefaultHttpResponse(decodeResult: success, version: HTTP/1.1)
HTTP/1.1 200 OK
content-length: 24
content-type: application/json; charset=utf-8
cache-control: no-cache

17:49:38.587 [AsyncHttpClient-1-2] DEBUG org.asynchttpclient.netty.channel.ChannelManager -- Adding key: http://localhost:4444 for channel [id: 0x020b4601, L:/127.0.0.1:63420 - R:localhost/127.0.0.1:4444]
17:49:38.588 [Forwarding getElementAttribute on session 7ba8ff3bf30367aad55a4e3910d5e455 to remote] DEBUG org.asynchttpclient.netty.request.NettyRequestSender -- Using pooled Channel '[id: 0x020b4601, L:/127.0.0.1:63420 - R:localhost/127.0.0.1:4444]' for 'POST' to 'http://localhost:4444/wd/hub/session/7ba8ff3bf30367aad55a4e3910d5e455/execute/sync'
17:49:38.588 [Forwarding getElementAttribute on session 7ba8ff3bf30367aad55a4e3910d5e455 to remote] DEBUG org.asynchttpclient.netty.request.NettyRequestSender -- Using open Channel [id: 0x020b4601, L:/127.0.0.1:63420 - R:localhost/127.0.0.1:4444] for POST '/wd/hub/session/7ba8ff3bf30367aad55a4e3910d5e455/execute/sync'
17:49:38.610 [AsyncHttpClient-1-2] DEBUG org.asynchttpclient.netty.handler.HttpHandler -- 

Request DefaultHttpRequest(decodeResult: success, version: HTTP/1.1)
POST /wd/hub/session/7ba8ff3bf30367aad55a4e3910d5e455/execute/sync HTTP/1.1
traceparent: 00-c38c3b6d4814896070909722591448c5-2180253f338ad3b5-01
User-Agent: selenium/4.13.0 (java windows)
Content-Length: 47376
Content-Type: application/json; charset=utf-8
host: localhost:4444
accept: */*

Response DefaultHttpResponse(decodeResult: success, version: HTTP/1.1)
HTTP/1.1 200 OK
content-length: 17
content-type: application/json; charset=utf-8
cache-control: no-cache

17:49:38.610 [AsyncHttpClient-1-2] DEBUG org.asynchttpclient.netty.channel.ChannelManager -- Adding key: http://localhost:4444 for channel [id: 0x020b4601, L:/127.0.0.1:63420 - R:localhost/127.0.0.1:4444]
17:49:38.612 [Forwarding findElement on session 7ba8ff3bf30367aad55a4e3910d5e455 to remote] DEBUG org.asynchttpclient.netty.request.NettyRequestSender -- Using pooled Channel '[id: 0x020b4601, L:/127.0.0.1:63420 - R:localhost/127.0.0.1:4444]' for 'POST' to 'http://localhost:4444/wd/hub/session/7ba8ff3bf30367aad55a4e3910d5e455/element'
17:49:38.612 [Forwarding findElement on session 7ba8ff3bf30367aad55a4e3910d5e455 to remote] DEBUG org.asynchttpclient.netty.request.NettyRequestSender -- Using open Channel [id: 0x020b4601, L:/127.0.0.1:63420 - R:localhost/127.0.0.1:4444] for POST '/wd/hub/session/7ba8ff3bf30367aad55a4e3910d5e455/element'
17:49:38.631 [AsyncHttpClient-1-2] DEBUG org.asynchttpclient.netty.handler.HttpHandler -- 

Request DefaultHttpRequest(decodeResult: success, version: HTTP/1.1)
POST /wd/hub/session/7ba8ff3bf30367aad55a4e3910d5e455/element HTTP/1.1
traceparent: 00-6f403135a2c6ef1eb9b0285b0e0b4f5f-ebc434d9c7b252a3-01
User-Agent: selenium/4.13.0 (java windows)
Content-Length: 59
Content-Type: application/json; charset=utf-8
host: localhost:4444
accept: */*

Response DefaultHttpResponse(decodeResult: success, version: HTTP/1.1)
HTTP/1.1 200 OK
content-length: 96
content-type: application/json; charset=utf-8
cache-control: no-cache

17:49:38.631 [AsyncHttpClient-1-2] DEBUG org.asynchttpclient.netty.channel.ChannelManager -- Adding key: http://localhost:4444 for channel [id: 0x020b4601, L:/127.0.0.1:63420 - R:localhost/127.0.0.1:4444]
17:49:38.632 [Forwarding clickElement on session 7ba8ff3bf30367aad55a4e3910d5e455 to remote] DEBUG org.asynchttpclient.netty.request.NettyRequestSender -- Using pooled Channel '[id: 0x020b4601, L:/127.0.0.1:63420 - R:localhost/127.0.0.1:4444]' for 'POST' to 'http://localhost:4444/wd/hub/session/7ba8ff3bf30367aad55a4e3910d5e455/element/35D35551A2883D5C59177ED730B5151A_element_118/click'
17:49:38.632 [Forwarding clickElement on session 7ba8ff3bf30367aad55a4e3910d5e455 to remote] DEBUG org.asynchttpclient.netty.request.NettyRequestSender -- Using open Channel [id: 0x020b4601, L:/127.0.0.1:63420 - R:localhost/127.0.0.1:4444] for POST '/wd/hub/session/7ba8ff3bf30367aad55a4e3910d5e455/element/35D35551A2883D5C59177ED730B5151A_element_118/click'
17:49:43.743 [AsyncHttpClient-1-2] DEBUG org.asynchttpclient.netty.handler.HttpHandler -- 

Request DefaultHttpRequest(decodeResult: success, version: HTTP/1.1)
POST /wd/hub/session/7ba8ff3bf30367aad55a4e3910d5e455/element/35D35551A2883D5C59177ED730B5151A_element_118/click HTTP/1.1
traceparent: 00-3f5136d3a36b6e4e8d07473dfc4983fb-164931eb0dfc1a87-01
User-Agent: selenium/4.13.0 (java windows)
Content-Length: 58
Content-Type: application/json; charset=utf-8
host: localhost:4444
accept: */*

Response DefaultHttpResponse(decodeResult: success, version: HTTP/1.1)
HTTP/1.1 200 OK
content-length: 14
content-type: application/json; charset=utf-8
cache-control: no-cache

17:49:43.743 [AsyncHttpClient-1-2] DEBUG org.asynchttpclient.netty.channel.ChannelManager -- Adding key: http://localhost:4444 for channel [id: 0x020b4601, L:/127.0.0.1:63420 - R:localhost/127.0.0.1:4444]
17:49:43.744 [main] INFO helpers.LoggerHelper -- @Test: readFromFileCSVLike has PASSED
17:49:43.744 [main] INFO helpers.LoggerHelper -- ######################################################################################
17:49:43.746 [Forwarding screenshot on session 7ba8ff3bf30367aad55a4e3910d5e455 to remote] DEBUG org.asynchttpclient.netty.request.NettyRequestSender -- Using pooled Channel '[id: 0x020b4601, L:/127.0.0.1:63420 - R:localhost/127.0.0.1:4444]' for 'GET' to 'http://localhost:4444/wd/hub/session/7ba8ff3bf30367aad55a4e3910d5e455/screenshot'
17:49:43.746 [Forwarding screenshot on session 7ba8ff3bf30367aad55a4e3910d5e455 to remote] DEBUG org.asynchttpclient.netty.request.NettyRequestSender -- Using open Channel [id: 0x020b4601, L:/127.0.0.1:63420 - R:localhost/127.0.0.1:4444] for GET '/wd/hub/session/7ba8ff3bf30367aad55a4e3910d5e455/screenshot'
17:49:43.991 [AsyncHttpClient-1-2] DEBUG org.asynchttpclient.netty.handler.HttpHandler -- 

Request DefaultFullHttpRequest(decodeResult: success, version: HTTP/1.1, content: EmptyByteBufBE)
GET /wd/hub/session/7ba8ff3bf30367aad55a4e3910d5e455/screenshot HTTP/1.1
Cache-Control: no-cache
traceparent: 00-6cec13354067f458af5a83ab98a56c62-f6e92ebd596e6c46-01
User-Agent: selenium/4.13.0 (java windows)
Content-Type: application/json; charset=utf-8
host: localhost:4444
accept: */*

Response DefaultHttpResponse(decodeResult: success, version: HTTP/1.1)
HTTP/1.1 200 OK
content-length: 431932
content-type: application/json; charset=utf-8
cache-control: no-cache

17:49:44.000 [AsyncHttpClient-1-2] DEBUG org.asynchttpclient.netty.channel.ChannelManager -- Adding key: http://localhost:4444 for channel [id: 0x020b4601, L:/127.0.0.1:63420 - R:localhost/127.0.0.1:4444]
17:49:44.018 [main] INFO helpers.LoggerHelper -- Screenshot saved successfully.
]]></system-out>
  </testcase>
</testsuite>