<?xml version="1.0" encoding="UTF-8"?>
<testng-results ignored="2" total="6" passed="4" failed="0" skipped="0">
  <reporter-output>
  </reporter-output>
  <suite started-at="2023-10-27T18:43:49 CEST" name="TestNG" finished-at="2023-10-27T18:44:21 CEST" duration-ms="31993">
    <groups>
      <group name="Regression">
        <method signature="LoginWithDP.readFromArray(java.lang.String,java.lang.String)[pri:100, instance:FrontEnd.SauceDemo.LoginWithDP@5b04476e]" name="readFromArray" class="FrontEnd.SauceDemo.LoginWithDP"/>
      </group> <!-- Regression -->
      <group name="Smoke">
        <method signature="LoginWithDP.readFromArray(java.lang.String,java.lang.String)[pri:100, instance:FrontEnd.SauceDemo.LoginWithDP@5b04476e]" name="readFromArray" class="FrontEnd.SauceDemo.LoginWithDP"/>
      </group> <!-- Smoke -->
    </groups>
    <test started-at="2023-10-27T18:43:49 CEST" name="TestNG" finished-at="2023-10-27T18:44:21 CEST" duration-ms="31993">
      <class name="FrontEnd.SauceDemo.LoginWithDP">
        <test-method signature="readFromArray(java.lang.String,java.lang.String)[pri:100, instance:FrontEnd.SauceDemo.LoginWithDP@5b04476e]" started-at="2023-10-27T18:43:54 CEST" name="readFromArray" description="Trying to read data from an array object" data-provider="array" finished-at="2023-10-27T18:44:00 CEST" duration-ms="5567" status="PASS">
          <params>
            <param index="0">
              <value>
                <![CDATA[standard_user]]>
              </value>
            </param>
            <param index="1">
              <value>
                <![CDATA[secret_sauce]]>
              </value>
            </param>
          </params>
          <reporter-output>
          </reporter-output>
        </test-method> <!-- readFromArray -->
        <test-method signature="readFromArray(java.lang.String,java.lang.String)[pri:100, instance:FrontEnd.SauceDemo.LoginWithDP@5b04476e]" started-at="2023-10-27T18:44:01 CEST" name="readFromArray" description="Trying to read data from an array object" data-provider="array" finished-at="2023-10-27T18:44:05 CEST" duration-ms="4484" status="PASS">
          <params>
            <param index="0">
              <value>
                <![CDATA[locked_out_user]]>
              </value>
            </param>
            <param index="1">
              <value>
                <![CDATA[secret_sauce]]>
              </value>
            </param>
          </params>
          <reporter-output>
          </reporter-output>
        </test-method> <!-- readFromArray -->
        <test-method signature="readFromArray(java.lang.String,java.lang.String)[pri:100, instance:FrontEnd.SauceDemo.LoginWithDP@5b04476e]" started-at="2023-10-27T18:44:06 CEST" name="readFromArray" description="Trying to read data from an array object" data-provider="array" finished-at="2023-10-27T18:44:10 CEST" duration-ms="4046" status="PASS">
          <params>
            <param index="0">
              <value>
                <![CDATA[problem_user]]>
              </value>
            </param>
            <param index="1">
              <value>
                <![CDATA[secret_sauce]]>
              </value>
            </param>
          </params>
          <reporter-output>
          </reporter-output>
        </test-method> <!-- readFromArray -->
        <test-method signature="readFromArray(java.lang.String,java.lang.String)[pri:100, instance:FrontEnd.SauceDemo.LoginWithDP@5b04476e]" started-at="2023-10-27T18:44:11 CEST" name="readFromArray" description="Trying to read data from an array object" data-provider="array" finished-at="2023-10-27T18:44:20 CEST" duration-ms="9571" status="PASS">
          <params>
            <param index="0">
              <value>
                <![CDATA[performance_glitch_user]]>
              </value>
            </param>
            <param index="1">
              <value>
                <![CDATA[secret_sauce]]>
              </value>
            </param>
          </params>
          <reporter-output>
          </reporter-output>
        </test-method> <!-- readFromArray -->
      </class> <!-- FrontEnd.SauceDemo.LoginWithDP -->
    </test> <!-- TestNG -->
  </suite> <!-- TestNG -->
</testng-results>
