<?xml version="1.0" encoding="UTF-8"?>
<testsuite xmlns:xsi="http://www.w3.org/2001/XMLSchema-instance" xsi:noNamespaceSchemaLocation="https://maven.apache.org/surefire/maven-surefire-plugin/xsd/surefire-test-report-3.0.xsd" version="3.0" name="TestSuite" time="36.978" tests="4" errors="0" skipped="0" failures="0">
  <properties>
[...]
</properties>
  <testcase name="readFromArray[standard_user, secret_sauce](1)" classname="FrontEnd.SauceDemo.LoginWithDP" time="6.424">
    <system-out><![CDATA[18:43:49.134 [main] INFO helpers.LoggerHelper -- Starting suite
18:43:49.145 [main] INFO helpers.LoggerHelper -- I am in onStart method from TestNG
18:43:49.146 [main] INFO helpers.LoggerHelper -- # # # # # # # # # # # # # # # # # # # # # # # # # # # #
18:43:49.529 [main] DEBUG io.github.bonigarcia.wdm.WebDriverManager -- Using WebDriverManager 5.5.3
18:43:50.325 [main] DEBUG io.github.bonigarcia.wdm.cache.ResolutionCache -- Resolution chrome=117 in cache (valid until 18:46:45 27/10/2023 CEST)
18:43:50.327 [main] DEBUG io.github.bonigarcia.wdm.cache.ResolutionCache -- Resolution chrome117=117.0.5938.149 in cache (valid until 19:12:20 27/10/2023 CEST)
18:43:50.329 [main] INFO io.github.bonigarcia.wdm.WebDriverManager -- Using chromedriver 117.0.5938.149 (resolved driver for Chrome 117)
18:43:50.425 [main] DEBUG io.github.bonigarcia.wdm.WebDriverManager -- Driver chromedriver 117.0.5938.149 found in cache
18:43:50.427 [main] INFO io.github.bonigarcia.wdm.WebDriverManager -- Exporting webdriver.chrome.driver as C:\Users\740722\.cache\selenium\chromedriver\win64\117.0.5938.149\chromedriver.exe
18:43:50.439 [main] INFO helpers.LoggerHelper -- [BrowserDriver/loadChromeDriver] Connecting to: http://localhost:4444/wd/hub
18:43:50.895 [main] DEBUG io.netty.util.internal.logging.InternalLoggerFactory -- Using SLF4J as the default logging framework
18:43:50.904 [main] DEBUG io.netty.util.ResourceLeakDetector -- -Dio.netty.leakDetection.level: simple
18:43:50.905 [main] DEBUG io.netty.util.ResourceLeakDetector -- -Dio.netty.leakDetection.targetRecords: 4
18:43:50.916 [main] DEBUG io.netty.util.ResourceLeakDetectorFactory -- Loaded default ResourceLeakDetector: io.netty.util.ResourceLeakDetector@745c2004
18:43:50.967 [main] DEBUG io.netty.util.internal.PlatformDependent0 -- -Dio.netty.noUnsafe: false
18:43:50.967 [main] DEBUG io.netty.util.internal.PlatformDependent0 -- Java version: 11
18:43:50.971 [main] DEBUG io.netty.util.internal.PlatformDependent0 -- sun.misc.Unsafe.theUnsafe: available
18:43:50.973 [main] DEBUG io.netty.util.internal.PlatformDependent0 -- sun.misc.Unsafe.copyMemory: available
18:43:50.975 [main] DEBUG io.netty.util.internal.PlatformDependent0 -- sun.misc.Unsafe.storeFence: available
18:43:50.978 [main] DEBUG io.netty.util.internal.PlatformDependent0 -- java.nio.Buffer.address: available
18:43:50.980 [main] DEBUG io.netty.util.internal.PlatformDependent0 -- direct buffer constructor: unavailable: Reflective setAccessible(true) disabled
18:43:50.982 [main] DEBUG io.netty.util.internal.PlatformDependent0 -- java.nio.Bits.unaligned: available, true
18:43:50.986 [main] DEBUG io.netty.util.internal.PlatformDependent0 -- jdk.internal.misc.Unsafe.allocateUninitializedArray(int): unavailable: class io.netty.util.internal.PlatformDependent0$7 cannot access class jdk.internal.misc.Unsafe (in module java.base) because module java.base does not export jdk.internal.misc to unnamed module @4de4b452
18:43:50.991 [main] DEBUG io.netty.util.internal.PlatformDependent0 -- java.nio.DirectByteBuffer.<init>(long, {int,long}): unavailable
18:43:50.991 [main] DEBUG io.netty.util.internal.PlatformDependent -- sun.misc.Unsafe: available
18:43:50.995 [main] DEBUG io.netty.util.internal.PlatformDependent -- maxDirectMemory: 4255121408 bytes (maybe)
18:43:50.996 [main] DEBUG io.netty.util.internal.PlatformDependent -- -Dio.netty.tmpdir: C:\Users\740722\AppData\Local\Temp\1 (java.io.tmpdir)
18:43:50.996 [main] DEBUG io.netty.util.internal.PlatformDependent -- -Dio.netty.bitMode: 64 (sun.arch.data.model)
18:43:50.997 [main] DEBUG io.netty.util.internal.PlatformDependent -- Platform: Windows
18:43:50.999 [main] DEBUG io.netty.util.internal.PlatformDependent -- -Dio.netty.maxDirectMemory: -1 bytes
18:43:50.999 [main] DEBUG io.netty.util.internal.PlatformDependent -- -Dio.netty.uninitializedArrayAllocationThreshold: -1
18:43:51.001 [main] DEBUG io.netty.util.internal.CleanerJava9 -- java.nio.ByteBuffer.cleaner(): available
18:43:51.002 [main] DEBUG io.netty.util.internal.PlatformDependent -- -Dio.netty.noPreferDirect: false
18:43:51.024 [main] DEBUG io.netty.util.internal.PlatformDependent -- org.jctools-core.MpscChunkedArrayQueue: available
18:43:51.081 [main] DEBUG io.netty.util.internal.InternalThreadLocalMap -- -Dio.netty.threadLocalMap.stringBuilder.initialSize: 1024
18:43:51.081 [main] DEBUG io.netty.util.internal.InternalThreadLocalMap -- -Dio.netty.threadLocalMap.stringBuilder.maxSize: 4096
18:43:51.186 [main] DEBUG io.netty.handler.ssl.JdkSslContext -- Default protocols (JDK): [TLSv1.3, TLSv1.2, TLSv1.1, TLSv1] 
18:43:51.187 [main] DEBUG io.netty.handler.ssl.JdkSslContext -- Default cipher suites (JDK): [TLS_ECDHE_ECDSA_WITH_AES_256_GCM_SHA384, TLS_ECDHE_ECDSA_WITH_AES_128_GCM_SHA256, TLS_ECDHE_RSA_WITH_AES_128_GCM_SHA256, TLS_ECDHE_RSA_WITH_AES_256_GCM_SHA384, TLS_ECDHE_RSA_WITH_AES_128_CBC_SHA, TLS_ECDHE_RSA_WITH_AES_256_CBC_SHA, TLS_RSA_WITH_AES_128_GCM_SHA256, TLS_RSA_WITH_AES_128_CBC_SHA, TLS_RSA_WITH_AES_256_CBC_SHA, TLS_AES_128_GCM_SHA256, TLS_AES_256_GCM_SHA384]
18:43:51.225 [main] DEBUG io.netty.util.concurrent.GlobalEventExecutor -- -Dio.netty.globalEventExecutor.quietPeriodSeconds: 1
18:43:51.269 [main] DEBUG io.netty.channel.MultithreadEventLoopGroup -- -Dio.netty.eventLoopThreads: 16
18:43:51.298 [main] DEBUG io.netty.channel.nio.NioEventLoop -- -Dio.netty.noKeySetOptimization: false
18:43:51.298 [main] DEBUG io.netty.channel.nio.NioEventLoop -- -Dio.netty.selectorAutoRebuildThreshold: 512
18:43:51.413 [main] DEBUG io.netty.buffer.PooledByteBufAllocator -- -Dio.netty.allocator.numHeapArenas: 16
18:43:51.413 [main] DEBUG io.netty.buffer.PooledByteBufAllocator -- -Dio.netty.allocator.numDirectArenas: 16
18:43:51.413 [main] DEBUG io.netty.buffer.PooledByteBufAllocator -- -Dio.netty.allocator.pageSize: 8192
18:43:51.413 [main] DEBUG io.netty.buffer.PooledByteBufAllocator -- -Dio.netty.allocator.maxOrder: 9
18:43:51.413 [main] DEBUG io.netty.buffer.PooledByteBufAllocator -- -Dio.netty.allocator.chunkSize: 4194304
18:43:51.413 [main] DEBUG io.netty.buffer.PooledByteBufAllocator -- -Dio.netty.allocator.smallCacheSize: 256
18:43:51.414 [main] DEBUG io.netty.buffer.PooledByteBufAllocator -- -Dio.netty.allocator.normalCacheSize: 64
18:43:51.414 [main] DEBUG io.netty.buffer.PooledByteBufAllocator -- -Dio.netty.allocator.maxCachedBufferCapacity: 32768
18:43:51.414 [main] DEBUG io.netty.buffer.PooledByteBufAllocator -- -Dio.netty.allocator.cacheTrimInterval: 8192
18:43:51.414 [main] DEBUG io.netty.buffer.PooledByteBufAllocator -- -Dio.netty.allocator.cacheTrimIntervalMillis: 0
18:43:51.414 [main] DEBUG io.netty.buffer.PooledByteBufAllocator -- -Dio.netty.allocator.useCacheForAllThreads: false
18:43:51.414 [main] DEBUG io.netty.buffer.PooledByteBufAllocator -- -Dio.netty.allocator.maxCachedByteBuffersPerChunk: 1023
18:43:51.444 [main] DEBUG io.netty.buffer.ByteBufUtil -- -Dio.netty.allocator.type: pooled
18:43:51.445 [main] DEBUG io.netty.buffer.ByteBufUtil -- -Dio.netty.threadLocalDirectBufferSize: 0
18:43:51.445 [main] DEBUG io.netty.buffer.ByteBufUtil -- -Dio.netty.maxThreadLocalCharBufferSize: 16384
18:43:52.152 [Forwarding newSession on session null to remote] DEBUG io.netty.channel.DefaultChannelId -- -Dio.netty.processId: 19168 (auto-detected)
18:43:52.156 [Forwarding newSession on session null to remote] DEBUG io.netty.util.NetUtil -- -Djava.net.preferIPv4Stack: false
18:43:52.156 [Forwarding newSession on session null to remote] DEBUG io.netty.util.NetUtil -- -Djava.net.preferIPv6Addresses: false
18:43:52.815 [Forwarding newSession on session null to remote] DEBUG io.netty.util.NetUtilInitializations -- Loopback interface: lo (Software Loopback Interface 1, 127.0.0.1)
18:43:52.817 [Forwarding newSession on session null to remote] DEBUG io.netty.util.NetUtil -- Failed to get SOMAXCONN from sysctl and file \proc\sys\net\core\somaxconn. Default: 200
18:43:52.855 [Forwarding newSession on session null to remote] DEBUG io.netty.channel.DefaultChannelId -- -Dio.netty.machineId: 00:05:9a:ff:fe:3c:7a:00 (auto-detected)
18:43:52.956 [AsyncHttpClient-1-2] DEBUG io.netty.buffer.AbstractByteBuf -- -Dio.netty.buffer.checkAccessible: true
18:43:52.956 [AsyncHttpClient-1-2] DEBUG io.netty.buffer.AbstractByteBuf -- -Dio.netty.buffer.checkBounds: true
18:43:52.956 [AsyncHttpClient-1-2] DEBUG io.netty.util.ResourceLeakDetectorFactory -- Loaded default ResourceLeakDetector: io.netty.util.ResourceLeakDetector@10130c73
18:43:53.005 [AsyncHttpClient-1-2] DEBUG org.asynchttpclient.netty.channel.NettyConnectListener -- Using new Channel '[id: 0x98e99774, L:/127.0.0.1:56740 - R:localhost/127.0.0.1:4444]' for 'POST' to '/wd/hub/session'
18:43:53.078 [AsyncHttpClient-1-2] DEBUG io.netty.util.Recycler -- -Dio.netty.recycler.maxCapacityPerThread: 4096
18:43:53.079 [AsyncHttpClient-1-2] DEBUG io.netty.util.Recycler -- -Dio.netty.recycler.ratio: 8
18:43:53.079 [AsyncHttpClient-1-2] DEBUG io.netty.util.Recycler -- -Dio.netty.recycler.chunkSize: 32
18:43:53.079 [AsyncHttpClient-1-2] DEBUG io.netty.util.Recycler -- -Dio.netty.recycler.blocking: false
18:43:53.080 [AsyncHttpClient-1-2] DEBUG io.netty.util.Recycler -- -Dio.netty.recycler.batchFastThreadLocalOnly: true
18:43:54.081 [AsyncHttpClient-1-2] DEBUG io.netty.handler.codec.compression.Brotli -- brotli4j not in the classpath; Brotli support will be unavailable.
18:43:54.083 [AsyncHttpClient-1-2] DEBUG org.asynchttpclient.netty.handler.HttpHandler -- 

Request DefaultHttpRequest(decodeResult: success, version: HTTP/1.1)
POST /wd/hub/session HTTP/1.1
traceparent: 00-ca3fd901898fd21af3a2d7e9460d8b0b-c16d6406e7f00052-01
User-Agent: selenium/4.13.0 (java windows)
Content-Length: 254
Content-Type: application/json; charset=utf-8
host: localhost:4444
accept: */*

Response DefaultHttpResponse(decodeResult: success, version: HTTP/1.1)
HTTP/1.1 200 OK
content-length: 1496
Cache-Control: no-cache
Content-Type: application/json; charset=utf-8

18:43:54.108 [AsyncHttpClient-1-2] DEBUG org.asynchttpclient.netty.channel.ChannelManager -- Adding key: http://localhost:4444 for channel [id: 0x98e99774, L:/127.0.0.1:56740 - R:localhost/127.0.0.1:4444]
18:43:54.330 [Forwarding setCurrentWindowSize on session 0a975932d5d13a633e287ebb2eea088e to remote] DEBUG org.asynchttpclient.netty.request.NettyRequestSender -- Using pooled Channel '[id: 0x98e99774, L:/127.0.0.1:56740 - R:localhost/127.0.0.1:4444]' for 'POST' to 'http://localhost:4444/wd/hub/session/0a975932d5d13a633e287ebb2eea088e/window/rect'
18:43:54.330 [Forwarding setCurrentWindowSize on session 0a975932d5d13a633e287ebb2eea088e to remote] DEBUG org.asynchttpclient.netty.request.NettyRequestSender -- Using open Channel [id: 0x98e99774, L:/127.0.0.1:56740 - R:localhost/127.0.0.1:4444] for POST '/wd/hub/session/0a975932d5d13a633e287ebb2eea088e/window/rect'
18:43:54.483 [AsyncHttpClient-1-2] DEBUG org.asynchttpclient.netty.handler.HttpHandler -- 

Request DefaultHttpRequest(decodeResult: success, version: HTTP/1.1)
POST /wd/hub/session/0a975932d5d13a633e287ebb2eea088e/window/rect HTTP/1.1
traceparent: 00-9b187f59557c271f52e54f155ed0aa3e-add96fa438a7fc12-01
User-Agent: selenium/4.13.0 (java windows)
Content-Length: 37
Content-Type: application/json; charset=utf-8
host: localhost:4444
accept: */*

Response DefaultHttpResponse(decodeResult: success, version: HTTP/1.1)
HTTP/1.1 200 OK
content-length: 52
content-type: application/json; charset=utf-8
cache-control: no-cache

18:43:54.484 [AsyncHttpClient-1-2] DEBUG org.asynchttpclient.netty.channel.ChannelManager -- Adding key: http://localhost:4444 for channel [id: 0x98e99774, L:/127.0.0.1:56740 - R:localhost/127.0.0.1:4444]
18:43:54.592 [main] INFO helpers.LoggerHelper -- @Test: readFromArray
18:43:54.592 [main] INFO helpers.LoggerHelper -- Description: Trying to read data from an array object
18:43:54.592 [main] INFO helpers.LoggerHelper -- ######################################################################################
18:43:54.622 [Forwarding get on session 0a975932d5d13a633e287ebb2eea088e to remote] DEBUG org.asynchttpclient.netty.request.NettyRequestSender -- Using pooled Channel '[id: 0x98e99774, L:/127.0.0.1:56740 - R:localhost/127.0.0.1:4444]' for 'POST' to 'http://localhost:4444/wd/hub/session/0a975932d5d13a633e287ebb2eea088e/url'
18:43:54.622 [Forwarding get on session 0a975932d5d13a633e287ebb2eea088e to remote] DEBUG org.asynchttpclient.netty.request.NettyRequestSender -- Using open Channel [id: 0x98e99774, L:/127.0.0.1:56740 - R:localhost/127.0.0.1:4444] for POST '/wd/hub/session/0a975932d5d13a633e287ebb2eea088e/url'
18:43:55.584 [AsyncHttpClient-1-2] DEBUG org.asynchttpclient.netty.handler.HttpHandler -- 

Request DefaultHttpRequest(decodeResult: success, version: HTTP/1.1)
POST /wd/hub/session/0a975932d5d13a633e287ebb2eea088e/url HTTP/1.1
traceparent: 00-78c827803a79b79526336bf269e1ded2-49717658ebd6d82a-01
User-Agent: selenium/4.13.0 (java windows)
Content-Length: 43
Content-Type: application/json; charset=utf-8
host: localhost:4444
accept: */*

Response DefaultHttpResponse(decodeResult: success, version: HTTP/1.1)
HTTP/1.1 200 OK
content-length: 14
content-type: application/json; charset=utf-8
cache-control: no-cache

18:43:55.585 [AsyncHttpClient-1-2] DEBUG org.asynchttpclient.netty.channel.ChannelManager -- Adding key: http://localhost:4444 for channel [id: 0x98e99774, L:/127.0.0.1:56740 - R:localhost/127.0.0.1:4444]
18:43:55.610 [Forwarding findElement on session 0a975932d5d13a633e287ebb2eea088e to remote] DEBUG org.asynchttpclient.netty.request.NettyRequestSender -- Using pooled Channel '[id: 0x98e99774, L:/127.0.0.1:56740 - R:localhost/127.0.0.1:4444]' for 'POST' to 'http://localhost:4444/wd/hub/session/0a975932d5d13a633e287ebb2eea088e/element'
18:43:55.610 [Forwarding findElement on session 0a975932d5d13a633e287ebb2eea088e to remote] DEBUG org.asynchttpclient.netty.request.NettyRequestSender -- Using open Channel [id: 0x98e99774, L:/127.0.0.1:56740 - R:localhost/127.0.0.1:4444] for POST '/wd/hub/session/0a975932d5d13a633e287ebb2eea088e/element'
18:43:55.695 [AsyncHttpClient-1-2] DEBUG org.asynchttpclient.netty.handler.HttpHandler -- 

Request DefaultHttpRequest(decodeResult: success, version: HTTP/1.1)
POST /wd/hub/session/0a975932d5d13a633e287ebb2eea088e/element HTTP/1.1
traceparent: 00-1e6914e99d5830c6ebef45b0a25d4801-11456d5dffd27d8e-01
User-Agent: selenium/4.13.0 (java windows)
Content-Length: 56
Content-Type: application/json; charset=utf-8
host: localhost:4444
accept: */*

Response DefaultHttpResponse(decodeResult: success, version: HTTP/1.1)
HTTP/1.1 200 OK
content-length: 94
content-type: application/json; charset=utf-8
cache-control: no-cache

18:43:55.696 [AsyncHttpClient-1-2] DEBUG org.asynchttpclient.netty.channel.ChannelManager -- Adding key: http://localhost:4444 for channel [id: 0x98e99774, L:/127.0.0.1:56740 - R:localhost/127.0.0.1:4444]
18:43:55.735 [Forwarding isElementDisplayed on session 0a975932d5d13a633e287ebb2eea088e to remote] DEBUG org.asynchttpclient.netty.request.NettyRequestSender -- Using pooled Channel '[id: 0x98e99774, L:/127.0.0.1:56740 - R:localhost/127.0.0.1:4444]' for 'POST' to 'http://localhost:4444/wd/hub/session/0a975932d5d13a633e287ebb2eea088e/execute/sync'
18:43:55.736 [Forwarding isElementDisplayed on session 0a975932d5d13a633e287ebb2eea088e to remote] DEBUG org.asynchttpclient.netty.request.NettyRequestSender -- Using open Channel [id: 0x98e99774, L:/127.0.0.1:56740 - R:localhost/127.0.0.1:4444] for POST '/wd/hub/session/0a975932d5d13a633e287ebb2eea088e/execute/sync'
18:43:56.013 [AsyncHttpClient-1-2] DEBUG org.asynchttpclient.netty.handler.HttpHandler -- 

Request DefaultHttpRequest(decodeResult: success, version: HTTP/1.1)
POST /wd/hub/session/0a975932d5d13a633e287ebb2eea088e/execute/sync HTTP/1.1
traceparent: 00-602c46f86c770c85504af51dbb711a63-c7f8a90902b20281-01
User-Agent: selenium/4.13.0 (java windows)
Content-Length: 48813
Content-Type: application/json; charset=utf-8
host: localhost:4444
accept: */*

Response DefaultHttpResponse(decodeResult: success, version: HTTP/1.1)
HTTP/1.1 200 OK
content-length: 14
content-type: application/json; charset=utf-8
cache-control: no-cache

18:43:56.014 [AsyncHttpClient-1-2] DEBUG org.asynchttpclient.netty.channel.ChannelManager -- Adding key: http://localhost:4444 for channel [id: 0x98e99774, L:/127.0.0.1:56740 - R:localhost/127.0.0.1:4444]
18:43:56.022 [Forwarding findElement on session 0a975932d5d13a633e287ebb2eea088e to remote] DEBUG org.asynchttpclient.netty.request.NettyRequestSender -- Using pooled Channel '[id: 0x98e99774, L:/127.0.0.1:56740 - R:localhost/127.0.0.1:4444]' for 'POST' to 'http://localhost:4444/wd/hub/session/0a975932d5d13a633e287ebb2eea088e/element'
18:43:56.023 [Forwarding findElement on session 0a975932d5d13a633e287ebb2eea088e to remote] DEBUG org.asynchttpclient.netty.request.NettyRequestSender -- Using open Channel [id: 0x98e99774, L:/127.0.0.1:56740 - R:localhost/127.0.0.1:4444] for POST '/wd/hub/session/0a975932d5d13a633e287ebb2eea088e/element'
18:43:56.081 [AsyncHttpClient-1-2] DEBUG org.asynchttpclient.netty.handler.HttpHandler -- 

Request DefaultHttpRequest(decodeResult: success, version: HTTP/1.1)
POST /wd/hub/session/0a975932d5d13a633e287ebb2eea088e/element HTTP/1.1
traceparent: 00-01601a1b8721c0daa854884afc340728-d5a8ec945459b949-01
User-Agent: selenium/4.13.0 (java windows)
Content-Length: 56
Content-Type: application/json; charset=utf-8
host: localhost:4444
accept: */*

Response DefaultHttpResponse(decodeResult: success, version: HTTP/1.1)
HTTP/1.1 200 OK
content-length: 94
content-type: application/json; charset=utf-8
cache-control: no-cache

18:43:56.081 [AsyncHttpClient-1-2] DEBUG org.asynchttpclient.netty.channel.ChannelManager -- Adding key: http://localhost:4444 for channel [id: 0x98e99774, L:/127.0.0.1:56740 - R:localhost/127.0.0.1:4444]
18:43:56.100 [Forwarding sendKeysToElement on session 0a975932d5d13a633e287ebb2eea088e to remote] DEBUG org.asynchttpclient.netty.request.NettyRequestSender -- Using pooled Channel '[id: 0x98e99774, L:/127.0.0.1:56740 - R:localhost/127.0.0.1:4444]' for 'POST' to 'http://localhost:4444/wd/hub/session/0a975932d5d13a633e287ebb2eea088e/element/453C5B9E34A56EED4AD827D096E75754_element_8/value'
18:43:56.100 [Forwarding sendKeysToElement on session 0a975932d5d13a633e287ebb2eea088e to remote] DEBUG org.asynchttpclient.netty.request.NettyRequestSender -- Using open Channel [id: 0x98e99774, L:/127.0.0.1:56740 - R:localhost/127.0.0.1:4444] for POST '/wd/hub/session/0a975932d5d13a633e287ebb2eea088e/element/453C5B9E34A56EED4AD827D096E75754_element_8/value'
18:43:56.438 [AsyncHttpClient-1-2] DEBUG org.asynchttpclient.netty.handler.HttpHandler -- 

Request DefaultHttpRequest(decodeResult: success, version: HTTP/1.1)
POST /wd/hub/session/0a975932d5d13a633e287ebb2eea088e/element/453C5B9E34A56EED4AD827D096E75754_element_8/value HTTP/1.1
traceparent: 00-d34de831514cc43ed54b7d434d2227d6-1062249d62809733-01
User-Agent: selenium/4.13.0 (java windows)
Content-Length: 217
Content-Type: application/json; charset=utf-8
host: localhost:4444
accept: */*

Response DefaultHttpResponse(decodeResult: success, version: HTTP/1.1)
HTTP/1.1 200 OK
content-length: 14
content-type: application/json; charset=utf-8
cache-control: no-cache

18:43:56.439 [AsyncHttpClient-1-2] DEBUG org.asynchttpclient.netty.channel.ChannelManager -- Adding key: http://localhost:4444 for channel [id: 0x98e99774, L:/127.0.0.1:56740 - R:localhost/127.0.0.1:4444]
18:43:56.442 [Forwarding findElement on session 0a975932d5d13a633e287ebb2eea088e to remote] DEBUG org.asynchttpclient.netty.request.NettyRequestSender -- Using pooled Channel '[id: 0x98e99774, L:/127.0.0.1:56740 - R:localhost/127.0.0.1:4444]' for 'POST' to 'http://localhost:4444/wd/hub/session/0a975932d5d13a633e287ebb2eea088e/element'
18:43:56.442 [Forwarding findElement on session 0a975932d5d13a633e287ebb2eea088e to remote] DEBUG org.asynchttpclient.netty.request.NettyRequestSender -- Using open Channel [id: 0x98e99774, L:/127.0.0.1:56740 - R:localhost/127.0.0.1:4444] for POST '/wd/hub/session/0a975932d5d13a633e287ebb2eea088e/element'
18:43:56.470 [AsyncHttpClient-1-2] DEBUG org.asynchttpclient.netty.handler.HttpHandler -- 

Request DefaultHttpRequest(decodeResult: success, version: HTTP/1.1)
POST /wd/hub/session/0a975932d5d13a633e287ebb2eea088e/element HTTP/1.1
traceparent: 00-93cd2a9cdc5a20626ea5a6c2db8c1d69-5d4b423d63ee169c-01
User-Agent: selenium/4.13.0 (java windows)
Content-Length: 56
Content-Type: application/json; charset=utf-8
host: localhost:4444
accept: */*

Response DefaultHttpResponse(decodeResult: success, version: HTTP/1.1)
HTTP/1.1 200 OK
content-length: 94
content-type: application/json; charset=utf-8
cache-control: no-cache

18:43:56.471 [AsyncHttpClient-1-2] DEBUG org.asynchttpclient.netty.channel.ChannelManager -- Adding key: http://localhost:4444 for channel [id: 0x98e99774, L:/127.0.0.1:56740 - R:localhost/127.0.0.1:4444]
18:43:56.493 [Forwarding getElementAttribute on session 0a975932d5d13a633e287ebb2eea088e to remote] DEBUG org.asynchttpclient.netty.request.NettyRequestSender -- Using pooled Channel '[id: 0x98e99774, L:/127.0.0.1:56740 - R:localhost/127.0.0.1:4444]' for 'POST' to 'http://localhost:4444/wd/hub/session/0a975932d5d13a633e287ebb2eea088e/execute/sync'
18:43:56.493 [Forwarding getElementAttribute on session 0a975932d5d13a633e287ebb2eea088e to remote] DEBUG org.asynchttpclient.netty.request.NettyRequestSender -- Using open Channel [id: 0x98e99774, L:/127.0.0.1:56740 - R:localhost/127.0.0.1:4444] for POST '/wd/hub/session/0a975932d5d13a633e287ebb2eea088e/execute/sync'
18:43:56.552 [AsyncHttpClient-1-2] DEBUG org.asynchttpclient.netty.handler.HttpHandler -- 

Request DefaultHttpRequest(decodeResult: success, version: HTTP/1.1)
POST /wd/hub/session/0a975932d5d13a633e287ebb2eea088e/execute/sync HTTP/1.1
traceparent: 00-94090362c32f6c78cfd45edac3986946-055071d938bffa0b-01
User-Agent: selenium/4.13.0 (java windows)
Content-Length: 47378
Content-Type: application/json; charset=utf-8
host: localhost:4444
accept: */*

Response DefaultHttpResponse(decodeResult: success, version: HTTP/1.1)
HTTP/1.1 200 OK
content-length: 223
content-type: application/json; charset=utf-8
cache-control: no-cache

18:43:56.553 [AsyncHttpClient-1-2] DEBUG org.asynchttpclient.netty.channel.ChannelManager -- Adding key: http://localhost:4444 for channel [id: 0x98e99774, L:/127.0.0.1:56740 - R:localhost/127.0.0.1:4444]
18:43:56.558 [Forwarding getElementAttribute on session 0a975932d5d13a633e287ebb2eea088e to remote] DEBUG org.asynchttpclient.netty.request.NettyRequestSender -- Using pooled Channel '[id: 0x98e99774, L:/127.0.0.1:56740 - R:localhost/127.0.0.1:4444]' for 'POST' to 'http://localhost:4444/wd/hub/session/0a975932d5d13a633e287ebb2eea088e/execute/sync'
18:43:56.559 [Forwarding getElementAttribute on session 0a975932d5d13a633e287ebb2eea088e to remote] DEBUG org.asynchttpclient.netty.request.NettyRequestSender -- Using open Channel [id: 0x98e99774, L:/127.0.0.1:56740 - R:localhost/127.0.0.1:4444] for POST '/wd/hub/session/0a975932d5d13a633e287ebb2eea088e/execute/sync'
18:43:56.595 [AsyncHttpClient-1-2] DEBUG org.asynchttpclient.netty.handler.HttpHandler -- 

Request DefaultHttpRequest(decodeResult: success, version: HTTP/1.1)
POST /wd/hub/session/0a975932d5d13a633e287ebb2eea088e/execute/sync HTTP/1.1
traceparent: 00-d86dee39c434bc2cce1dcb14dc4279bb-cb58188af31e2679-01
User-Agent: selenium/4.13.0 (java windows)
Content-Length: 47374
Content-Type: application/json; charset=utf-8
host: localhost:4444
accept: */*

Response DefaultHttpResponse(decodeResult: success, version: HTTP/1.1)
HTTP/1.1 200 OK
content-length: 34
content-type: application/json; charset=utf-8
cache-control: no-cache

18:43:56.596 [AsyncHttpClient-1-2] DEBUG org.asynchttpclient.netty.channel.ChannelManager -- Adding key: http://localhost:4444 for channel [id: 0x98e99774, L:/127.0.0.1:56740 - R:localhost/127.0.0.1:4444]
18:43:56.601 [Forwarding getElementAttribute on session 0a975932d5d13a633e287ebb2eea088e to remote] DEBUG org.asynchttpclient.netty.request.NettyRequestSender -- Using pooled Channel '[id: 0x98e99774, L:/127.0.0.1:56740 - R:localhost/127.0.0.1:4444]' for 'POST' to 'http://localhost:4444/wd/hub/session/0a975932d5d13a633e287ebb2eea088e/execute/sync'
18:43:56.601 [Forwarding getElementAttribute on session 0a975932d5d13a633e287ebb2eea088e to remote] DEBUG org.asynchttpclient.netty.request.NettyRequestSender -- Using open Channel [id: 0x98e99774, L:/127.0.0.1:56740 - R:localhost/127.0.0.1:4444] for POST '/wd/hub/session/0a975932d5d13a633e287ebb2eea088e/execute/sync'
18:43:56.638 [AsyncHttpClient-1-2] DEBUG org.asynchttpclient.netty.handler.HttpHandler -- 

Request DefaultHttpRequest(decodeResult: success, version: HTTP/1.1)
POST /wd/hub/session/0a975932d5d13a633e287ebb2eea088e/execute/sync HTTP/1.1
traceparent: 00-6a99ba9903f2755550e114054858974e-4477024ebe00b7cc-01
User-Agent: selenium/4.13.0 (java windows)
Content-Length: 47380
Content-Type: application/json; charset=utf-8
host: localhost:4444
accept: */*

Response DefaultHttpResponse(decodeResult: success, version: HTTP/1.1)
HTTP/1.1 200 OK
content-length: 20
content-type: application/json; charset=utf-8
cache-control: no-cache

18:43:56.638 [AsyncHttpClient-1-2] DEBUG org.asynchttpclient.netty.channel.ChannelManager -- Adding key: http://localhost:4444 for channel [id: 0x98e99774, L:/127.0.0.1:56740 - R:localhost/127.0.0.1:4444]
18:43:56.639 [AsyncHttpClient-1-1] DEBUG org.asynchttpclient.netty.channel.DefaultChannelPool -- Entry count for : http://localhost:4444 : 1
18:43:56.643 [Forwarding getElementAttribute on session 0a975932d5d13a633e287ebb2eea088e to remote] DEBUG org.asynchttpclient.netty.request.NettyRequestSender -- Using pooled Channel '[id: 0x98e99774, L:/127.0.0.1:56740 - R:localhost/127.0.0.1:4444]' for 'POST' to 'http://localhost:4444/wd/hub/session/0a975932d5d13a633e287ebb2eea088e/execute/sync'
18:43:56.643 [Forwarding getElementAttribute on session 0a975932d5d13a633e287ebb2eea088e to remote] DEBUG org.asynchttpclient.netty.request.NettyRequestSender -- Using open Channel [id: 0x98e99774, L:/127.0.0.1:56740 - R:localhost/127.0.0.1:4444] for POST '/wd/hub/session/0a975932d5d13a633e287ebb2eea088e/execute/sync'
18:43:56.823 [AsyncHttpClient-1-2] DEBUG org.asynchttpclient.netty.handler.HttpHandler -- 

Request DefaultHttpRequest(decodeResult: success, version: HTTP/1.1)
POST /wd/hub/session/0a975932d5d13a633e287ebb2eea088e/execute/sync HTTP/1.1
traceparent: 00-d3f3db84e06d8c1bc2ab8918a4e2874b-62cf42b6c8e9b77b-01
User-Agent: selenium/4.13.0 (java windows)
Content-Length: 47373
Content-Type: application/json; charset=utf-8
host: localhost:4444
accept: */*

Response DefaultHttpResponse(decodeResult: success, version: HTTP/1.1)
HTTP/1.1 200 OK
content-length: 16
content-type: application/json; charset=utf-8
cache-control: no-cache

18:43:56.824 [AsyncHttpClient-1-2] DEBUG org.asynchttpclient.netty.channel.ChannelManager -- Adding key: http://localhost:4444 for channel [id: 0x98e99774, L:/127.0.0.1:56740 - R:localhost/127.0.0.1:4444]
18:43:56.852 [Forwarding getElementAttribute on session 0a975932d5d13a633e287ebb2eea088e to remote] DEBUG org.asynchttpclient.netty.request.NettyRequestSender -- Using pooled Channel '[id: 0x98e99774, L:/127.0.0.1:56740 - R:localhost/127.0.0.1:4444]' for 'POST' to 'http://localhost:4444/wd/hub/session/0a975932d5d13a633e287ebb2eea088e/execute/sync'
18:43:56.854 [Forwarding getElementAttribute on session 0a975932d5d13a633e287ebb2eea088e to remote] DEBUG org.asynchttpclient.netty.request.NettyRequestSender -- Using open Channel [id: 0x98e99774, L:/127.0.0.1:56740 - R:localhost/127.0.0.1:4444] for POST '/wd/hub/session/0a975932d5d13a633e287ebb2eea088e/execute/sync'
18:43:56.991 [AsyncHttpClient-1-2] DEBUG org.asynchttpclient.netty.handler.HttpHandler -- 

Request DefaultHttpRequest(decodeResult: success, version: HTTP/1.1)
POST /wd/hub/session/0a975932d5d13a633e287ebb2eea088e/execute/sync HTTP/1.1
traceparent: 00-b94c1da1a38d435394528e6e7a4434bc-4d19637ecf269001-01
User-Agent: selenium/4.13.0 (java windows)
Content-Length: 47378
Content-Type: application/json; charset=utf-8
host: localhost:4444
accept: */*

Response DefaultHttpResponse(decodeResult: success, version: HTTP/1.1)
HTTP/1.1 200 OK
content-length: 20
content-type: application/json; charset=utf-8
cache-control: no-cache

18:43:56.992 [AsyncHttpClient-1-2] DEBUG org.asynchttpclient.netty.channel.ChannelManager -- Adding key: http://localhost:4444 for channel [id: 0x98e99774, L:/127.0.0.1:56740 - R:localhost/127.0.0.1:4444]
18:43:56.999 [Forwarding getElementAttribute on session 0a975932d5d13a633e287ebb2eea088e to remote] DEBUG org.asynchttpclient.netty.request.NettyRequestSender -- Using pooled Channel '[id: 0x98e99774, L:/127.0.0.1:56740 - R:localhost/127.0.0.1:4444]' for 'POST' to 'http://localhost:4444/wd/hub/session/0a975932d5d13a633e287ebb2eea088e/execute/sync'
18:43:57.000 [Forwarding getElementAttribute on session 0a975932d5d13a633e287ebb2eea088e to remote] DEBUG org.asynchttpclient.netty.request.NettyRequestSender -- Using open Channel [id: 0x98e99774, L:/127.0.0.1:56740 - R:localhost/127.0.0.1:4444] for POST '/wd/hub/session/0a975932d5d13a633e287ebb2eea088e/execute/sync'
18:43:57.054 [AsyncHttpClient-1-2] DEBUG org.asynchttpclient.netty.handler.HttpHandler -- 

Request DefaultHttpRequest(decodeResult: success, version: HTTP/1.1)
POST /wd/hub/session/0a975932d5d13a633e287ebb2eea088e/execute/sync HTTP/1.1
traceparent: 00-ad3d965530bf015b086e271ea030e429-813e8757c95c43e2-01
User-Agent: selenium/4.13.0 (java windows)
Content-Length: 47371
Content-Type: application/json; charset=utf-8
host: localhost:4444
accept: */*

Response DefaultHttpResponse(decodeResult: success, version: HTTP/1.1)
HTTP/1.1 200 OK
content-length: 21
content-type: application/json; charset=utf-8
cache-control: no-cache

18:43:57.055 [AsyncHttpClient-1-2] DEBUG org.asynchttpclient.netty.channel.ChannelManager -- Adding key: http://localhost:4444 for channel [id: 0x98e99774, L:/127.0.0.1:56740 - R:localhost/127.0.0.1:4444]
18:43:57.061 [Forwarding getElementAttribute on session 0a975932d5d13a633e287ebb2eea088e to remote] DEBUG org.asynchttpclient.netty.request.NettyRequestSender -- Using pooled Channel '[id: 0x98e99774, L:/127.0.0.1:56740 - R:localhost/127.0.0.1:4444]' for 'POST' to 'http://localhost:4444/wd/hub/session/0a975932d5d13a633e287ebb2eea088e/execute/sync'
18:43:57.061 [Forwarding getElementAttribute on session 0a975932d5d13a633e287ebb2eea088e to remote] DEBUG org.asynchttpclient.netty.request.NettyRequestSender -- Using open Channel [id: 0x98e99774, L:/127.0.0.1:56740 - R:localhost/127.0.0.1:4444] for POST '/wd/hub/session/0a975932d5d13a633e287ebb2eea088e/execute/sync'
18:43:57.143 [AsyncHttpClient-1-2] DEBUG org.asynchttpclient.netty.handler.HttpHandler -- 

Request DefaultHttpRequest(decodeResult: success, version: HTTP/1.1)
POST /wd/hub/session/0a975932d5d13a633e287ebb2eea088e/execute/sync HTTP/1.1
traceparent: 00-6b38f2b666fa278ba3889caa2a3807b5-e74773eef2fb1875-01
User-Agent: selenium/4.13.0 (java windows)
Content-Length: 47373
Content-Type: application/json; charset=utf-8
host: localhost:4444
accept: */*

Response DefaultHttpResponse(decodeResult: success, version: HTTP/1.1)
HTTP/1.1 200 OK
content-length: 21
content-type: application/json; charset=utf-8
cache-control: no-cache

18:43:57.143 [AsyncHttpClient-1-2] DEBUG org.asynchttpclient.netty.channel.ChannelManager -- Adding key: http://localhost:4444 for channel [id: 0x98e99774, L:/127.0.0.1:56740 - R:localhost/127.0.0.1:4444]
18:43:57.150 [Forwarding getElementAttribute on session 0a975932d5d13a633e287ebb2eea088e to remote] DEBUG org.asynchttpclient.netty.request.NettyRequestSender -- Using pooled Channel '[id: 0x98e99774, L:/127.0.0.1:56740 - R:localhost/127.0.0.1:4444]' for 'POST' to 'http://localhost:4444/wd/hub/session/0a975932d5d13a633e287ebb2eea088e/execute/sync'
18:43:57.151 [Forwarding getElementAttribute on session 0a975932d5d13a633e287ebb2eea088e to remote] DEBUG org.asynchttpclient.netty.request.NettyRequestSender -- Using open Channel [id: 0x98e99774, L:/127.0.0.1:56740 - R:localhost/127.0.0.1:4444] for POST '/wd/hub/session/0a975932d5d13a633e287ebb2eea088e/execute/sync'
18:43:57.228 [AsyncHttpClient-1-2] DEBUG org.asynchttpclient.netty.handler.HttpHandler -- 

Request DefaultHttpRequest(decodeResult: success, version: HTTP/1.1)
POST /wd/hub/session/0a975932d5d13a633e287ebb2eea088e/execute/sync HTTP/1.1
traceparent: 00-4328e7ac08bf3d97ffadc1b6062156e1-b8fa95235268e3d2-01
User-Agent: selenium/4.13.0 (java windows)
Content-Length: 47380
Content-Type: application/json; charset=utf-8
host: localhost:4444
accept: */*

Response DefaultHttpResponse(decodeResult: success, version: HTTP/1.1)
HTTP/1.1 200 OK
content-length: 15
content-type: application/json; charset=utf-8
cache-control: no-cache

18:43:57.229 [AsyncHttpClient-1-2] DEBUG org.asynchttpclient.netty.channel.ChannelManager -- Adding key: http://localhost:4444 for channel [id: 0x98e99774, L:/127.0.0.1:56740 - R:localhost/127.0.0.1:4444]
18:43:57.232 [Forwarding getElementAttribute on session 0a975932d5d13a633e287ebb2eea088e to remote] DEBUG org.asynchttpclient.netty.request.NettyRequestSender -- Using pooled Channel '[id: 0x98e99774, L:/127.0.0.1:56740 - R:localhost/127.0.0.1:4444]' for 'POST' to 'http://localhost:4444/wd/hub/session/0a975932d5d13a633e287ebb2eea088e/execute/sync'
18:43:57.233 [Forwarding getElementAttribute on session 0a975932d5d13a633e287ebb2eea088e to remote] DEBUG org.asynchttpclient.netty.request.NettyRequestSender -- Using open Channel [id: 0x98e99774, L:/127.0.0.1:56740 - R:localhost/127.0.0.1:4444] for POST '/wd/hub/session/0a975932d5d13a633e287ebb2eea088e/execute/sync'
18:43:57.266 [AsyncHttpClient-1-2] DEBUG org.asynchttpclient.netty.handler.HttpHandler -- 

Request DefaultHttpRequest(decodeResult: success, version: HTTP/1.1)
POST /wd/hub/session/0a975932d5d13a633e287ebb2eea088e/execute/sync HTTP/1.1
traceparent: 00-de83ef64a396bd3239dc60b1e5775dcc-56aba42f98b5c199-01
User-Agent: selenium/4.13.0 (java windows)
Content-Length: 47383
Content-Type: application/json; charset=utf-8
host: localhost:4444
accept: */*

Response DefaultHttpResponse(decodeResult: success, version: HTTP/1.1)
HTTP/1.1 200 OK
content-length: 16
content-type: application/json; charset=utf-8
cache-control: no-cache

18:43:57.267 [AsyncHttpClient-1-2] DEBUG org.asynchttpclient.netty.channel.ChannelManager -- Adding key: http://localhost:4444 for channel [id: 0x98e99774, L:/127.0.0.1:56740 - R:localhost/127.0.0.1:4444]
18:43:57.273 [Forwarding getElementAttribute on session 0a975932d5d13a633e287ebb2eea088e to remote] DEBUG org.asynchttpclient.netty.request.NettyRequestSender -- Using pooled Channel '[id: 0x98e99774, L:/127.0.0.1:56740 - R:localhost/127.0.0.1:4444]' for 'POST' to 'http://localhost:4444/wd/hub/session/0a975932d5d13a633e287ebb2eea088e/execute/sync'
18:43:57.273 [Forwarding getElementAttribute on session 0a975932d5d13a633e287ebb2eea088e to remote] DEBUG org.asynchttpclient.netty.request.NettyRequestSender -- Using open Channel [id: 0x98e99774, L:/127.0.0.1:56740 - R:localhost/127.0.0.1:4444] for POST '/wd/hub/session/0a975932d5d13a633e287ebb2eea088e/execute/sync'
18:43:57.309 [AsyncHttpClient-1-2] DEBUG org.asynchttpclient.netty.handler.HttpHandler -- 

Request DefaultHttpRequest(decodeResult: success, version: HTTP/1.1)
POST /wd/hub/session/0a975932d5d13a633e287ebb2eea088e/execute/sync HTTP/1.1
traceparent: 00-eb6d6845fc9ffc28ee061f20caea8273-7417c27749998ce2-01
User-Agent: selenium/4.13.0 (java windows)
Content-Length: 47374
Content-Type: application/json; charset=utf-8
host: localhost:4444
accept: */*

Response DefaultHttpResponse(decodeResult: success, version: HTTP/1.1)
HTTP/1.1 200 OK
content-length: 25
content-type: application/json; charset=utf-8
cache-control: no-cache

18:43:57.310 [AsyncHttpClient-1-2] DEBUG org.asynchttpclient.netty.channel.ChannelManager -- Adding key: http://localhost:4444 for channel [id: 0x98e99774, L:/127.0.0.1:56740 - R:localhost/127.0.0.1:4444]
18:43:57.313 [main] INFO helpers.LoggerHelper -- Testing user: standard_user
18:43:57.315 [Forwarding findElement on session 0a975932d5d13a633e287ebb2eea088e to remote] DEBUG org.asynchttpclient.netty.request.NettyRequestSender -- Using pooled Channel '[id: 0x98e99774, L:/127.0.0.1:56740 - R:localhost/127.0.0.1:4444]' for 'POST' to 'http://localhost:4444/wd/hub/session/0a975932d5d13a633e287ebb2eea088e/element'
18:43:57.315 [Forwarding findElement on session 0a975932d5d13a633e287ebb2eea088e to remote] DEBUG org.asynchttpclient.netty.request.NettyRequestSender -- Using open Channel [id: 0x98e99774, L:/127.0.0.1:56740 - R:localhost/127.0.0.1:4444] for POST '/wd/hub/session/0a975932d5d13a633e287ebb2eea088e/element'
18:43:57.351 [AsyncHttpClient-1-2] DEBUG org.asynchttpclient.netty.handler.HttpHandler -- 

Request DefaultHttpRequest(decodeResult: success, version: HTTP/1.1)
POST /wd/hub/session/0a975932d5d13a633e287ebb2eea088e/element HTTP/1.1
traceparent: 00-eb42ed1b6a994c79d5c09efa7ae32203-1a97f6c5559aaf5a-01
User-Agent: selenium/4.13.0 (java windows)
Content-Length: 53
Content-Type: application/json; charset=utf-8
host: localhost:4444
accept: */*

Response DefaultHttpResponse(decodeResult: success, version: HTTP/1.1)
HTTP/1.1 200 OK
content-length: 94
content-type: application/json; charset=utf-8
cache-control: no-cache

18:43:57.351 [AsyncHttpClient-1-2] DEBUG org.asynchttpclient.netty.channel.ChannelManager -- Adding key: http://localhost:4444 for channel [id: 0x98e99774, L:/127.0.0.1:56740 - R:localhost/127.0.0.1:4444]
18:43:57.356 [Forwarding isElementDisplayed on session 0a975932d5d13a633e287ebb2eea088e to remote] DEBUG org.asynchttpclient.netty.request.NettyRequestSender -- Using pooled Channel '[id: 0x98e99774, L:/127.0.0.1:56740 - R:localhost/127.0.0.1:4444]' for 'POST' to 'http://localhost:4444/wd/hub/session/0a975932d5d13a633e287ebb2eea088e/execute/sync'
18:43:57.356 [Forwarding isElementDisplayed on session 0a975932d5d13a633e287ebb2eea088e to remote] DEBUG org.asynchttpclient.netty.request.NettyRequestSender -- Using open Channel [id: 0x98e99774, L:/127.0.0.1:56740 - R:localhost/127.0.0.1:4444] for POST '/wd/hub/session/0a975932d5d13a633e287ebb2eea088e/execute/sync'
18:43:57.395 [AsyncHttpClient-1-2] DEBUG org.asynchttpclient.netty.handler.HttpHandler -- 

Request DefaultHttpRequest(decodeResult: success, version: HTTP/1.1)
POST /wd/hub/session/0a975932d5d13a633e287ebb2eea088e/execute/sync HTTP/1.1
traceparent: 00-7238c97d61df0e4eac036cbd3eb1cb56-03fc0eb33c732a6f-01
User-Agent: selenium/4.13.0 (java windows)
Content-Length: 48813
Content-Type: application/json; charset=utf-8
host: localhost:4444
accept: */*

Response DefaultHttpResponse(decodeResult: success, version: HTTP/1.1)
HTTP/1.1 200 OK
content-length: 14
content-type: application/json; charset=utf-8
cache-control: no-cache

18:43:57.396 [AsyncHttpClient-1-2] DEBUG org.asynchttpclient.netty.channel.ChannelManager -- Adding key: http://localhost:4444 for channel [id: 0x98e99774, L:/127.0.0.1:56740 - R:localhost/127.0.0.1:4444]
18:43:57.399 [Forwarding findElement on session 0a975932d5d13a633e287ebb2eea088e to remote] DEBUG org.asynchttpclient.netty.request.NettyRequestSender -- Using pooled Channel '[id: 0x98e99774, L:/127.0.0.1:56740 - R:localhost/127.0.0.1:4444]' for 'POST' to 'http://localhost:4444/wd/hub/session/0a975932d5d13a633e287ebb2eea088e/element'
18:43:57.399 [Forwarding findElement on session 0a975932d5d13a633e287ebb2eea088e to remote] DEBUG org.asynchttpclient.netty.request.NettyRequestSender -- Using open Channel [id: 0x98e99774, L:/127.0.0.1:56740 - R:localhost/127.0.0.1:4444] for POST '/wd/hub/session/0a975932d5d13a633e287ebb2eea088e/element'
18:43:57.423 [AsyncHttpClient-1-2] DEBUG org.asynchttpclient.netty.handler.HttpHandler -- 

Request DefaultHttpRequest(decodeResult: success, version: HTTP/1.1)
POST /wd/hub/session/0a975932d5d13a633e287ebb2eea088e/element HTTP/1.1
traceparent: 00-f3df160da5d742eab2fab48c9b44524d-82953392bf93d669-01
User-Agent: selenium/4.13.0 (java windows)
Content-Length: 53
Content-Type: application/json; charset=utf-8
host: localhost:4444
accept: */*

Response DefaultHttpResponse(decodeResult: success, version: HTTP/1.1)
HTTP/1.1 200 OK
content-length: 94
content-type: application/json; charset=utf-8
cache-control: no-cache

18:43:57.424 [AsyncHttpClient-1-2] DEBUG org.asynchttpclient.netty.channel.ChannelManager -- Adding key: http://localhost:4444 for channel [id: 0x98e99774, L:/127.0.0.1:56740 - R:localhost/127.0.0.1:4444]
18:43:57.428 [Forwarding sendKeysToElement on session 0a975932d5d13a633e287ebb2eea088e to remote] DEBUG org.asynchttpclient.netty.request.NettyRequestSender -- Using pooled Channel '[id: 0x98e99774, L:/127.0.0.1:56740 - R:localhost/127.0.0.1:4444]' for 'POST' to 'http://localhost:4444/wd/hub/session/0a975932d5d13a633e287ebb2eea088e/element/453C5B9E34A56EED4AD827D096E75754_element_2/value'
18:43:57.428 [Forwarding sendKeysToElement on session 0a975932d5d13a633e287ebb2eea088e to remote] DEBUG org.asynchttpclient.netty.request.NettyRequestSender -- Using open Channel [id: 0x98e99774, L:/127.0.0.1:56740 - R:localhost/127.0.0.1:4444] for POST '/wd/hub/session/0a975932d5d13a633e287ebb2eea088e/element/453C5B9E34A56EED4AD827D096E75754_element_2/value'
18:43:57.628 [AsyncHttpClient-1-2] DEBUG org.asynchttpclient.netty.handler.HttpHandler -- 

Request DefaultHttpRequest(decodeResult: success, version: HTTP/1.1)
POST /wd/hub/session/0a975932d5d13a633e287ebb2eea088e/element/453C5B9E34A56EED4AD827D096E75754_element_2/value HTTP/1.1
traceparent: 00-af35cb3f95c54b7247463ef8d39abdd5-5e02dea39472fd60-01
User-Agent: selenium/4.13.0 (java windows)
Content-Length: 207
Content-Type: application/json; charset=utf-8
host: localhost:4444
accept: */*

Response DefaultHttpResponse(decodeResult: success, version: HTTP/1.1)
HTTP/1.1 200 OK
content-length: 14
content-type: application/json; charset=utf-8
cache-control: no-cache

18:43:57.629 [AsyncHttpClient-1-2] DEBUG org.asynchttpclient.netty.channel.ChannelManager -- Adding key: http://localhost:4444 for channel [id: 0x98e99774, L:/127.0.0.1:56740 - R:localhost/127.0.0.1:4444]
18:43:57.631 [Forwarding findElement on session 0a975932d5d13a633e287ebb2eea088e to remote] DEBUG org.asynchttpclient.netty.request.NettyRequestSender -- Using pooled Channel '[id: 0x98e99774, L:/127.0.0.1:56740 - R:localhost/127.0.0.1:4444]' for 'POST' to 'http://localhost:4444/wd/hub/session/0a975932d5d13a633e287ebb2eea088e/element'
18:43:57.632 [Forwarding findElement on session 0a975932d5d13a633e287ebb2eea088e to remote] DEBUG org.asynchttpclient.netty.request.NettyRequestSender -- Using open Channel [id: 0x98e99774, L:/127.0.0.1:56740 - R:localhost/127.0.0.1:4444] for POST '/wd/hub/session/0a975932d5d13a633e287ebb2eea088e/element'
18:43:57.670 [AsyncHttpClient-1-2] DEBUG org.asynchttpclient.netty.handler.HttpHandler -- 

Request DefaultHttpRequest(decodeResult: success, version: HTTP/1.1)
POST /wd/hub/session/0a975932d5d13a633e287ebb2eea088e/element HTTP/1.1
traceparent: 00-e44fa9dcffe1d5f717e69c70783dd4ff-e492002951564f29-01
User-Agent: selenium/4.13.0 (java windows)
Content-Length: 53
Content-Type: application/json; charset=utf-8
host: localhost:4444
accept: */*

Response DefaultHttpResponse(decodeResult: success, version: HTTP/1.1)
HTTP/1.1 200 OK
content-length: 94
content-type: application/json; charset=utf-8
cache-control: no-cache

18:43:57.671 [AsyncHttpClient-1-2] DEBUG org.asynchttpclient.netty.channel.ChannelManager -- Adding key: http://localhost:4444 for channel [id: 0x98e99774, L:/127.0.0.1:56740 - R:localhost/127.0.0.1:4444]
18:43:57.675 [Forwarding getElementAttribute on session 0a975932d5d13a633e287ebb2eea088e to remote] DEBUG org.asynchttpclient.netty.request.NettyRequestSender -- Using pooled Channel '[id: 0x98e99774, L:/127.0.0.1:56740 - R:localhost/127.0.0.1:4444]' for 'POST' to 'http://localhost:4444/wd/hub/session/0a975932d5d13a633e287ebb2eea088e/execute/sync'
18:43:57.676 [Forwarding getElementAttribute on session 0a975932d5d13a633e287ebb2eea088e to remote] DEBUG org.asynchttpclient.netty.request.NettyRequestSender -- Using open Channel [id: 0x98e99774, L:/127.0.0.1:56740 - R:localhost/127.0.0.1:4444] for POST '/wd/hub/session/0a975932d5d13a633e287ebb2eea088e/execute/sync'
18:43:57.714 [AsyncHttpClient-1-2] DEBUG org.asynchttpclient.netty.handler.HttpHandler -- 

Request DefaultHttpRequest(decodeResult: success, version: HTTP/1.1)
POST /wd/hub/session/0a975932d5d13a633e287ebb2eea088e/execute/sync HTTP/1.1
traceparent: 00-3e1d9ed1dd868301ccb9efb4fe18cbc8-8ce595b444529797-01
User-Agent: selenium/4.13.0 (java windows)
Content-Length: 47378
Content-Type: application/json; charset=utf-8
host: localhost:4444
accept: */*

Response DefaultHttpResponse(decodeResult: success, version: HTTP/1.1)
HTTP/1.1 200 OK
content-length: 224
content-type: application/json; charset=utf-8
cache-control: no-cache

18:43:57.715 [AsyncHttpClient-1-2] DEBUG org.asynchttpclient.netty.channel.ChannelManager -- Adding key: http://localhost:4444 for channel [id: 0x98e99774, L:/127.0.0.1:56740 - R:localhost/127.0.0.1:4444]
18:43:57.719 [Forwarding getElementAttribute on session 0a975932d5d13a633e287ebb2eea088e to remote] DEBUG org.asynchttpclient.netty.request.NettyRequestSender -- Using pooled Channel '[id: 0x98e99774, L:/127.0.0.1:56740 - R:localhost/127.0.0.1:4444]' for 'POST' to 'http://localhost:4444/wd/hub/session/0a975932d5d13a633e287ebb2eea088e/execute/sync'
18:43:57.719 [Forwarding getElementAttribute on session 0a975932d5d13a633e287ebb2eea088e to remote] DEBUG org.asynchttpclient.netty.request.NettyRequestSender -- Using open Channel [id: 0x98e99774, L:/127.0.0.1:56740 - R:localhost/127.0.0.1:4444] for POST '/wd/hub/session/0a975932d5d13a633e287ebb2eea088e/execute/sync'
18:43:57.750 [AsyncHttpClient-1-2] DEBUG org.asynchttpclient.netty.handler.HttpHandler -- 

Request DefaultHttpRequest(decodeResult: success, version: HTTP/1.1)
POST /wd/hub/session/0a975932d5d13a633e287ebb2eea088e/execute/sync HTTP/1.1
traceparent: 00-702dcbb13ccb65a1edcc197498d073c2-d652097b4043a2b5-01
User-Agent: selenium/4.13.0 (java windows)
Content-Length: 47374
Content-Type: application/json; charset=utf-8
host: localhost:4444
accept: */*

Response DefaultHttpResponse(decodeResult: success, version: HTTP/1.1)
HTTP/1.1 200 OK
content-length: 34
content-type: application/json; charset=utf-8
cache-control: no-cache

18:43:57.751 [AsyncHttpClient-1-2] DEBUG org.asynchttpclient.netty.channel.ChannelManager -- Adding key: http://localhost:4444 for channel [id: 0x98e99774, L:/127.0.0.1:56740 - R:localhost/127.0.0.1:4444]
18:43:57.758 [Forwarding getElementAttribute on session 0a975932d5d13a633e287ebb2eea088e to remote] DEBUG org.asynchttpclient.netty.request.NettyRequestSender -- Using pooled Channel '[id: 0x98e99774, L:/127.0.0.1:56740 - R:localhost/127.0.0.1:4444]' for 'POST' to 'http://localhost:4444/wd/hub/session/0a975932d5d13a633e287ebb2eea088e/execute/sync'
18:43:57.758 [Forwarding getElementAttribute on session 0a975932d5d13a633e287ebb2eea088e to remote] DEBUG org.asynchttpclient.netty.request.NettyRequestSender -- Using open Channel [id: 0x98e99774, L:/127.0.0.1:56740 - R:localhost/127.0.0.1:4444] for POST '/wd/hub/session/0a975932d5d13a633e287ebb2eea088e/execute/sync'
18:43:57.801 [AsyncHttpClient-1-2] DEBUG org.asynchttpclient.netty.handler.HttpHandler -- 

Request DefaultHttpRequest(decodeResult: success, version: HTTP/1.1)
POST /wd/hub/session/0a975932d5d13a633e287ebb2eea088e/execute/sync HTTP/1.1
traceparent: 00-94103a784abd3a0b86f697c6804976c4-e6b1293e2a3f501e-01
User-Agent: selenium/4.13.0 (java windows)
Content-Length: 47380
Content-Type: application/json; charset=utf-8
host: localhost:4444
accept: */*

Response DefaultHttpResponse(decodeResult: success, version: HTTP/1.1)
HTTP/1.1 200 OK
content-length: 20
content-type: application/json; charset=utf-8
cache-control: no-cache

18:43:57.803 [AsyncHttpClient-1-2] DEBUG org.asynchttpclient.netty.channel.ChannelManager -- Adding key: http://localhost:4444 for channel [id: 0x98e99774, L:/127.0.0.1:56740 - R:localhost/127.0.0.1:4444]
18:43:57.811 [Forwarding getElementAttribute on session 0a975932d5d13a633e287ebb2eea088e to remote] DEBUG org.asynchttpclient.netty.request.NettyRequestSender -- Using pooled Channel '[id: 0x98e99774, L:/127.0.0.1:56740 - R:localhost/127.0.0.1:4444]' for 'POST' to 'http://localhost:4444/wd/hub/session/0a975932d5d13a633e287ebb2eea088e/execute/sync'
18:43:57.811 [Forwarding getElementAttribute on session 0a975932d5d13a633e287ebb2eea088e to remote] DEBUG org.asynchttpclient.netty.request.NettyRequestSender -- Using open Channel [id: 0x98e99774, L:/127.0.0.1:56740 - R:localhost/127.0.0.1:4444] for POST '/wd/hub/session/0a975932d5d13a633e287ebb2eea088e/execute/sync'
18:43:57.877 [AsyncHttpClient-1-2] DEBUG org.asynchttpclient.netty.handler.HttpHandler -- 

Request DefaultHttpRequest(decodeResult: success, version: HTTP/1.1)
POST /wd/hub/session/0a975932d5d13a633e287ebb2eea088e/execute/sync HTTP/1.1
traceparent: 00-a751698973c3181d83a27df3f4547ebc-457b1e0e2323024b-01
User-Agent: selenium/4.13.0 (java windows)
Content-Length: 47373
Content-Type: application/json; charset=utf-8
host: localhost:4444
accept: */*

Response DefaultHttpResponse(decodeResult: success, version: HTTP/1.1)
HTTP/1.1 200 OK
content-length: 20
content-type: application/json; charset=utf-8
cache-control: no-cache

18:43:57.877 [AsyncHttpClient-1-2] DEBUG org.asynchttpclient.netty.channel.ChannelManager -- Adding key: http://localhost:4444 for channel [id: 0x98e99774, L:/127.0.0.1:56740 - R:localhost/127.0.0.1:4444]
18:43:57.886 [Forwarding getElementAttribute on session 0a975932d5d13a633e287ebb2eea088e to remote] DEBUG org.asynchttpclient.netty.request.NettyRequestSender -- Using pooled Channel '[id: 0x98e99774, L:/127.0.0.1:56740 - R:localhost/127.0.0.1:4444]' for 'POST' to 'http://localhost:4444/wd/hub/session/0a975932d5d13a633e287ebb2eea088e/execute/sync'
18:43:57.886 [Forwarding getElementAttribute on session 0a975932d5d13a633e287ebb2eea088e to remote] DEBUG org.asynchttpclient.netty.request.NettyRequestSender -- Using open Channel [id: 0x98e99774, L:/127.0.0.1:56740 - R:localhost/127.0.0.1:4444] for POST '/wd/hub/session/0a975932d5d13a633e287ebb2eea088e/execute/sync'
18:43:57.929 [AsyncHttpClient-1-2] DEBUG org.asynchttpclient.netty.handler.HttpHandler -- 

Request DefaultHttpRequest(decodeResult: success, version: HTTP/1.1)
POST /wd/hub/session/0a975932d5d13a633e287ebb2eea088e/execute/sync HTTP/1.1
traceparent: 00-3bd2235748f45ae5fd45fe12a945b9ee-ae288cf62b5e56e8-01
User-Agent: selenium/4.13.0 (java windows)
Content-Length: 47378
Content-Type: application/json; charset=utf-8
host: localhost:4444
accept: */*

Response DefaultHttpResponse(decodeResult: success, version: HTTP/1.1)
HTTP/1.1 200 OK
content-length: 20
content-type: application/json; charset=utf-8
cache-control: no-cache

18:43:57.930 [AsyncHttpClient-1-2] DEBUG org.asynchttpclient.netty.channel.ChannelManager -- Adding key: http://localhost:4444 for channel [id: 0x98e99774, L:/127.0.0.1:56740 - R:localhost/127.0.0.1:4444]
18:43:57.936 [Forwarding getElementAttribute on session 0a975932d5d13a633e287ebb2eea088e to remote] DEBUG org.asynchttpclient.netty.request.NettyRequestSender -- Using pooled Channel '[id: 0x98e99774, L:/127.0.0.1:56740 - R:localhost/127.0.0.1:4444]' for 'POST' to 'http://localhost:4444/wd/hub/session/0a975932d5d13a633e287ebb2eea088e/execute/sync'
18:43:57.936 [Forwarding getElementAttribute on session 0a975932d5d13a633e287ebb2eea088e to remote] DEBUG org.asynchttpclient.netty.request.NettyRequestSender -- Using open Channel [id: 0x98e99774, L:/127.0.0.1:56740 - R:localhost/127.0.0.1:4444] for POST '/wd/hub/session/0a975932d5d13a633e287ebb2eea088e/execute/sync'
18:43:57.996 [AsyncHttpClient-1-2] DEBUG org.asynchttpclient.netty.handler.HttpHandler -- 

Request DefaultHttpRequest(decodeResult: success, version: HTTP/1.1)
POST /wd/hub/session/0a975932d5d13a633e287ebb2eea088e/execute/sync HTTP/1.1
traceparent: 00-fea360cfc8b0736e8f88574e01dd88a4-e04a122a76012cc7-01
User-Agent: selenium/4.13.0 (java windows)
Content-Length: 47371
Content-Type: application/json; charset=utf-8
host: localhost:4444
accept: */*

Response DefaultHttpResponse(decodeResult: success, version: HTTP/1.1)
HTTP/1.1 200 OK
content-length: 20
content-type: application/json; charset=utf-8
cache-control: no-cache

18:43:57.996 [AsyncHttpClient-1-2] DEBUG org.asynchttpclient.netty.channel.ChannelManager -- Adding key: http://localhost:4444 for channel [id: 0x98e99774, L:/127.0.0.1:56740 - R:localhost/127.0.0.1:4444]
18:43:58.003 [Forwarding getElementAttribute on session 0a975932d5d13a633e287ebb2eea088e to remote] DEBUG org.asynchttpclient.netty.request.NettyRequestSender -- Using pooled Channel '[id: 0x98e99774, L:/127.0.0.1:56740 - R:localhost/127.0.0.1:4444]' for 'POST' to 'http://localhost:4444/wd/hub/session/0a975932d5d13a633e287ebb2eea088e/execute/sync'
18:43:58.003 [Forwarding getElementAttribute on session 0a975932d5d13a633e287ebb2eea088e to remote] DEBUG org.asynchttpclient.netty.request.NettyRequestSender -- Using open Channel [id: 0x98e99774, L:/127.0.0.1:56740 - R:localhost/127.0.0.1:4444] for POST '/wd/hub/session/0a975932d5d13a633e287ebb2eea088e/execute/sync'
18:43:58.130 [AsyncHttpClient-1-2] DEBUG org.asynchttpclient.netty.handler.HttpHandler -- 

Request DefaultHttpRequest(decodeResult: success, version: HTTP/1.1)
POST /wd/hub/session/0a975932d5d13a633e287ebb2eea088e/execute/sync HTTP/1.1
traceparent: 00-d1c5decb7a8ab7e783ab01caa6879c53-82b1686ab56f1e33-01
User-Agent: selenium/4.13.0 (java windows)
Content-Length: 47373
Content-Type: application/json; charset=utf-8
host: localhost:4444
accept: */*

Response DefaultHttpResponse(decodeResult: success, version: HTTP/1.1)
HTTP/1.1 200 OK
content-length: 20
content-type: application/json; charset=utf-8
cache-control: no-cache

18:43:58.130 [AsyncHttpClient-1-2] DEBUG org.asynchttpclient.netty.channel.ChannelManager -- Adding key: http://localhost:4444 for channel [id: 0x98e99774, L:/127.0.0.1:56740 - R:localhost/127.0.0.1:4444]
18:43:58.135 [Forwarding getElementAttribute on session 0a975932d5d13a633e287ebb2eea088e to remote] DEBUG org.asynchttpclient.netty.request.NettyRequestSender -- Using pooled Channel '[id: 0x98e99774, L:/127.0.0.1:56740 - R:localhost/127.0.0.1:4444]' for 'POST' to 'http://localhost:4444/wd/hub/session/0a975932d5d13a633e287ebb2eea088e/execute/sync'
18:43:58.136 [Forwarding getElementAttribute on session 0a975932d5d13a633e287ebb2eea088e to remote] DEBUG org.asynchttpclient.netty.request.NettyRequestSender -- Using open Channel [id: 0x98e99774, L:/127.0.0.1:56740 - R:localhost/127.0.0.1:4444] for POST '/wd/hub/session/0a975932d5d13a633e287ebb2eea088e/execute/sync'
18:43:58.181 [AsyncHttpClient-1-2] DEBUG org.asynchttpclient.netty.handler.HttpHandler -- 

Request DefaultHttpRequest(decodeResult: success, version: HTTP/1.1)
POST /wd/hub/session/0a975932d5d13a633e287ebb2eea088e/execute/sync HTTP/1.1
traceparent: 00-3fbe9f331a458edac35a35c0effdedbe-8385b299c3089c05-01
User-Agent: selenium/4.13.0 (java windows)
Content-Length: 47380
Content-Type: application/json; charset=utf-8
host: localhost:4444
accept: */*

Response DefaultHttpResponse(decodeResult: success, version: HTTP/1.1)
HTTP/1.1 200 OK
content-length: 15
content-type: application/json; charset=utf-8
cache-control: no-cache

18:43:58.182 [AsyncHttpClient-1-2] DEBUG org.asynchttpclient.netty.channel.ChannelManager -- Adding key: http://localhost:4444 for channel [id: 0x98e99774, L:/127.0.0.1:56740 - R:localhost/127.0.0.1:4444]
18:43:58.191 [Forwarding getElementAttribute on session 0a975932d5d13a633e287ebb2eea088e to remote] DEBUG org.asynchttpclient.netty.request.NettyRequestSender -- Using pooled Channel '[id: 0x98e99774, L:/127.0.0.1:56740 - R:localhost/127.0.0.1:4444]' for 'POST' to 'http://localhost:4444/wd/hub/session/0a975932d5d13a633e287ebb2eea088e/execute/sync'
18:43:58.191 [Forwarding getElementAttribute on session 0a975932d5d13a633e287ebb2eea088e to remote] DEBUG org.asynchttpclient.netty.request.NettyRequestSender -- Using open Channel [id: 0x98e99774, L:/127.0.0.1:56740 - R:localhost/127.0.0.1:4444] for POST '/wd/hub/session/0a975932d5d13a633e287ebb2eea088e/execute/sync'
18:43:58.243 [AsyncHttpClient-1-2] DEBUG org.asynchttpclient.netty.handler.HttpHandler -- 

Request DefaultHttpRequest(decodeResult: success, version: HTTP/1.1)
POST /wd/hub/session/0a975932d5d13a633e287ebb2eea088e/execute/sync HTTP/1.1
traceparent: 00-b210d1ede14084041563fb6684c1197a-fdfc80a682c71c92-01
User-Agent: selenium/4.13.0 (java windows)
Content-Length: 47383
Content-Type: application/json; charset=utf-8
host: localhost:4444
accept: */*

Response DefaultHttpResponse(decodeResult: success, version: HTTP/1.1)
HTTP/1.1 200 OK
content-length: 16
content-type: application/json; charset=utf-8
cache-control: no-cache

18:43:58.244 [AsyncHttpClient-1-2] DEBUG org.asynchttpclient.netty.channel.ChannelManager -- Adding key: http://localhost:4444 for channel [id: 0x98e99774, L:/127.0.0.1:56740 - R:localhost/127.0.0.1:4444]
18:43:58.251 [Forwarding getElementAttribute on session 0a975932d5d13a633e287ebb2eea088e to remote] DEBUG org.asynchttpclient.netty.request.NettyRequestSender -- Using pooled Channel '[id: 0x98e99774, L:/127.0.0.1:56740 - R:localhost/127.0.0.1:4444]' for 'POST' to 'http://localhost:4444/wd/hub/session/0a975932d5d13a633e287ebb2eea088e/execute/sync'
18:43:58.251 [Forwarding getElementAttribute on session 0a975932d5d13a633e287ebb2eea088e to remote] DEBUG org.asynchttpclient.netty.request.NettyRequestSender -- Using open Channel [id: 0x98e99774, L:/127.0.0.1:56740 - R:localhost/127.0.0.1:4444] for POST '/wd/hub/session/0a975932d5d13a633e287ebb2eea088e/execute/sync'
18:43:58.291 [AsyncHttpClient-1-2] DEBUG org.asynchttpclient.netty.handler.HttpHandler -- 

Request DefaultHttpRequest(decodeResult: success, version: HTTP/1.1)
POST /wd/hub/session/0a975932d5d13a633e287ebb2eea088e/execute/sync HTTP/1.1
traceparent: 00-7e98171d9e942943d54b0fd75d8d5531-3380bf1214ee076d-01
User-Agent: selenium/4.13.0 (java windows)
Content-Length: 47374
Content-Type: application/json; charset=utf-8
host: localhost:4444
accept: */*

Response DefaultHttpResponse(decodeResult: success, version: HTTP/1.1)
HTTP/1.1 200 OK
content-length: 24
content-type: application/json; charset=utf-8
cache-control: no-cache

18:43:58.291 [AsyncHttpClient-1-2] DEBUG org.asynchttpclient.netty.channel.ChannelManager -- Adding key: http://localhost:4444 for channel [id: 0x98e99774, L:/127.0.0.1:56740 - R:localhost/127.0.0.1:4444]
18:43:58.295 [main] INFO helpers.LoggerHelper -- Testing password: secret_sauce
18:43:58.298 [Forwarding findElement on session 0a975932d5d13a633e287ebb2eea088e to remote] DEBUG org.asynchttpclient.netty.request.NettyRequestSender -- Using pooled Channel '[id: 0x98e99774, L:/127.0.0.1:56740 - R:localhost/127.0.0.1:4444]' for 'POST' to 'http://localhost:4444/wd/hub/session/0a975932d5d13a633e287ebb2eea088e/element'
18:43:58.298 [Forwarding findElement on session 0a975932d5d13a633e287ebb2eea088e to remote] DEBUG org.asynchttpclient.netty.request.NettyRequestSender -- Using open Channel [id: 0x98e99774, L:/127.0.0.1:56740 - R:localhost/127.0.0.1:4444] for POST '/wd/hub/session/0a975932d5d13a633e287ebb2eea088e/element'
18:43:58.350 [AsyncHttpClient-1-2] DEBUG org.asynchttpclient.netty.handler.HttpHandler -- 

Request DefaultHttpRequest(decodeResult: success, version: HTTP/1.1)
POST /wd/hub/session/0a975932d5d13a633e287ebb2eea088e/element HTTP/1.1
traceparent: 00-01ec9b432f01fa25dae51c05513bae40-5ba61e70778b4157-01
User-Agent: selenium/4.13.0 (java windows)
Content-Length: 59
Content-Type: application/json; charset=utf-8
host: localhost:4444
accept: */*

Response DefaultHttpResponse(decodeResult: success, version: HTTP/1.1)
HTTP/1.1 200 OK
content-length: 94
content-type: application/json; charset=utf-8
cache-control: no-cache

18:43:58.351 [AsyncHttpClient-1-2] DEBUG org.asynchttpclient.netty.channel.ChannelManager -- Adding key: http://localhost:4444 for channel [id: 0x98e99774, L:/127.0.0.1:56740 - R:localhost/127.0.0.1:4444]
18:43:58.362 [Forwarding isElementDisplayed on session 0a975932d5d13a633e287ebb2eea088e to remote] DEBUG org.asynchttpclient.netty.request.NettyRequestSender -- Using pooled Channel '[id: 0x98e99774, L:/127.0.0.1:56740 - R:localhost/127.0.0.1:4444]' for 'POST' to 'http://localhost:4444/wd/hub/session/0a975932d5d13a633e287ebb2eea088e/execute/sync'
18:43:58.362 [Forwarding isElementDisplayed on session 0a975932d5d13a633e287ebb2eea088e to remote] DEBUG org.asynchttpclient.netty.request.NettyRequestSender -- Using open Channel [id: 0x98e99774, L:/127.0.0.1:56740 - R:localhost/127.0.0.1:4444] for POST '/wd/hub/session/0a975932d5d13a633e287ebb2eea088e/execute/sync'
18:43:58.432 [AsyncHttpClient-1-2] DEBUG org.asynchttpclient.netty.handler.HttpHandler -- 

Request DefaultHttpRequest(decodeResult: success, version: HTTP/1.1)
POST /wd/hub/session/0a975932d5d13a633e287ebb2eea088e/execute/sync HTTP/1.1
traceparent: 00-96c0419e2188968f9d5e8d54a78332fd-e60cd7cdf4fc4128-01
User-Agent: selenium/4.13.0 (java windows)
Content-Length: 48813
Content-Type: application/json; charset=utf-8
host: localhost:4444
accept: */*

Response DefaultHttpResponse(decodeResult: success, version: HTTP/1.1)
HTTP/1.1 200 OK
content-length: 14
content-type: application/json; charset=utf-8
cache-control: no-cache

18:43:58.433 [AsyncHttpClient-1-2] DEBUG org.asynchttpclient.netty.channel.ChannelManager -- Adding key: http://localhost:4444 for channel [id: 0x98e99774, L:/127.0.0.1:56740 - R:localhost/127.0.0.1:4444]
18:43:58.436 [Forwarding findElement on session 0a975932d5d13a633e287ebb2eea088e to remote] DEBUG org.asynchttpclient.netty.request.NettyRequestSender -- Using pooled Channel '[id: 0x98e99774, L:/127.0.0.1:56740 - R:localhost/127.0.0.1:4444]' for 'POST' to 'http://localhost:4444/wd/hub/session/0a975932d5d13a633e287ebb2eea088e/element'
18:43:58.437 [Forwarding findElement on session 0a975932d5d13a633e287ebb2eea088e to remote] DEBUG org.asynchttpclient.netty.request.NettyRequestSender -- Using open Channel [id: 0x98e99774, L:/127.0.0.1:56740 - R:localhost/127.0.0.1:4444] for POST '/wd/hub/session/0a975932d5d13a633e287ebb2eea088e/element'
18:43:58.463 [AsyncHttpClient-1-2] DEBUG org.asynchttpclient.netty.handler.HttpHandler -- 

Request DefaultHttpRequest(decodeResult: success, version: HTTP/1.1)
POST /wd/hub/session/0a975932d5d13a633e287ebb2eea088e/element HTTP/1.1
traceparent: 00-d4e68d56735991aaca997f1a86993dae-cc699586d96874aa-01
User-Agent: selenium/4.13.0 (java windows)
Content-Length: 59
Content-Type: application/json; charset=utf-8
host: localhost:4444
accept: */*

Response DefaultHttpResponse(decodeResult: success, version: HTTP/1.1)
HTTP/1.1 200 OK
content-length: 94
content-type: application/json; charset=utf-8
cache-control: no-cache

18:43:58.464 [AsyncHttpClient-1-2] DEBUG org.asynchttpclient.netty.channel.ChannelManager -- Adding key: http://localhost:4444 for channel [id: 0x98e99774, L:/127.0.0.1:56740 - R:localhost/127.0.0.1:4444]
18:43:58.469 [Forwarding getElementAttribute on session 0a975932d5d13a633e287ebb2eea088e to remote] DEBUG org.asynchttpclient.netty.request.NettyRequestSender -- Using pooled Channel '[id: 0x98e99774, L:/127.0.0.1:56740 - R:localhost/127.0.0.1:4444]' for 'POST' to 'http://localhost:4444/wd/hub/session/0a975932d5d13a633e287ebb2eea088e/execute/sync'
18:43:58.470 [Forwarding getElementAttribute on session 0a975932d5d13a633e287ebb2eea088e to remote] DEBUG org.asynchttpclient.netty.request.NettyRequestSender -- Using open Channel [id: 0x98e99774, L:/127.0.0.1:56740 - R:localhost/127.0.0.1:4444] for POST '/wd/hub/session/0a975932d5d13a633e287ebb2eea088e/execute/sync'
18:43:58.511 [AsyncHttpClient-1-2] DEBUG org.asynchttpclient.netty.handler.HttpHandler -- 

Request DefaultHttpRequest(decodeResult: success, version: HTTP/1.1)
POST /wd/hub/session/0a975932d5d13a633e287ebb2eea088e/execute/sync HTTP/1.1
traceparent: 00-f0d712d7a478c08508b5f83fd87c896c-d7d50783cced4b96-01
User-Agent: selenium/4.13.0 (java windows)
Content-Length: 47378
Content-Type: application/json; charset=utf-8
host: localhost:4444
accept: */*

Response DefaultHttpResponse(decodeResult: success, version: HTTP/1.1)
HTTP/1.1 200 OK
content-length: 160
content-type: application/json; charset=utf-8
cache-control: no-cache

18:43:58.512 [AsyncHttpClient-1-2] DEBUG org.asynchttpclient.netty.channel.ChannelManager -- Adding key: http://localhost:4444 for channel [id: 0x98e99774, L:/127.0.0.1:56740 - R:localhost/127.0.0.1:4444]
18:43:58.517 [Forwarding getElementAttribute on session 0a975932d5d13a633e287ebb2eea088e to remote] DEBUG org.asynchttpclient.netty.request.NettyRequestSender -- Using pooled Channel '[id: 0x98e99774, L:/127.0.0.1:56740 - R:localhost/127.0.0.1:4444]' for 'POST' to 'http://localhost:4444/wd/hub/session/0a975932d5d13a633e287ebb2eea088e/execute/sync'
18:43:58.518 [Forwarding getElementAttribute on session 0a975932d5d13a633e287ebb2eea088e to remote] DEBUG org.asynchttpclient.netty.request.NettyRequestSender -- Using open Channel [id: 0x98e99774, L:/127.0.0.1:56740 - R:localhost/127.0.0.1:4444] for POST '/wd/hub/session/0a975932d5d13a633e287ebb2eea088e/execute/sync'
18:43:58.555 [AsyncHttpClient-1-2] DEBUG org.asynchttpclient.netty.handler.HttpHandler -- 

Request DefaultHttpRequest(decodeResult: success, version: HTTP/1.1)
POST /wd/hub/session/0a975932d5d13a633e287ebb2eea088e/execute/sync HTTP/1.1
traceparent: 00-b0f3aa6d94b04c964966fcd565fb9cac-27e45e7fb150f21a-01
User-Agent: selenium/4.13.0 (java windows)
Content-Length: 47373
Content-Type: application/json; charset=utf-8
host: localhost:4444
accept: */*

Response DefaultHttpResponse(decodeResult: success, version: HTTP/1.1)
HTTP/1.1 200 OK
content-length: 18
content-type: application/json; charset=utf-8
cache-control: no-cache

18:43:58.556 [AsyncHttpClient-1-2] DEBUG org.asynchttpclient.netty.channel.ChannelManager -- Adding key: http://localhost:4444 for channel [id: 0x98e99774, L:/127.0.0.1:56740 - R:localhost/127.0.0.1:4444]
18:43:58.560 [Forwarding getElementAttribute on session 0a975932d5d13a633e287ebb2eea088e to remote] DEBUG org.asynchttpclient.netty.request.NettyRequestSender -- Using pooled Channel '[id: 0x98e99774, L:/127.0.0.1:56740 - R:localhost/127.0.0.1:4444]' for 'POST' to 'http://localhost:4444/wd/hub/session/0a975932d5d13a633e287ebb2eea088e/execute/sync'
18:43:58.560 [Forwarding getElementAttribute on session 0a975932d5d13a633e287ebb2eea088e to remote] DEBUG org.asynchttpclient.netty.request.NettyRequestSender -- Using open Channel [id: 0x98e99774, L:/127.0.0.1:56740 - R:localhost/127.0.0.1:4444] for POST '/wd/hub/session/0a975932d5d13a633e287ebb2eea088e/execute/sync'
18:43:58.607 [AsyncHttpClient-1-2] DEBUG org.asynchttpclient.netty.handler.HttpHandler -- 

Request DefaultHttpRequest(decodeResult: success, version: HTTP/1.1)
POST /wd/hub/session/0a975932d5d13a633e287ebb2eea088e/execute/sync HTTP/1.1
traceparent: 00-e18ba4127d0a6e8e966a94fb0ac698db-1d2dddfa52fa293b-01
User-Agent: selenium/4.13.0 (java windows)
Content-Length: 47374
Content-Type: application/json; charset=utf-8
host: localhost:4444
accept: */*

Response DefaultHttpResponse(decodeResult: success, version: HTTP/1.1)
HTTP/1.1 200 OK
content-length: 36
content-type: application/json; charset=utf-8
cache-control: no-cache

18:43:58.608 [AsyncHttpClient-1-2] DEBUG org.asynchttpclient.netty.channel.ChannelManager -- Adding key: http://localhost:4444 for channel [id: 0x98e99774, L:/127.0.0.1:56740 - R:localhost/127.0.0.1:4444]
18:43:58.612 [Forwarding getElementAttribute on session 0a975932d5d13a633e287ebb2eea088e to remote] DEBUG org.asynchttpclient.netty.request.NettyRequestSender -- Using pooled Channel '[id: 0x98e99774, L:/127.0.0.1:56740 - R:localhost/127.0.0.1:4444]' for 'POST' to 'http://localhost:4444/wd/hub/session/0a975932d5d13a633e287ebb2eea088e/execute/sync'
18:43:58.613 [Forwarding getElementAttribute on session 0a975932d5d13a633e287ebb2eea088e to remote] DEBUG org.asynchttpclient.netty.request.NettyRequestSender -- Using open Channel [id: 0x98e99774, L:/127.0.0.1:56740 - R:localhost/127.0.0.1:4444] for POST '/wd/hub/session/0a975932d5d13a633e287ebb2eea088e/execute/sync'
18:43:58.667 [AsyncHttpClient-1-2] DEBUG org.asynchttpclient.netty.handler.HttpHandler -- 

Request DefaultHttpRequest(decodeResult: success, version: HTTP/1.1)
POST /wd/hub/session/0a975932d5d13a633e287ebb2eea088e/execute/sync HTTP/1.1
traceparent: 00-34b82b49358a43e10399d589971265b4-695bff50eba738d8-01
User-Agent: selenium/4.13.0 (java windows)
Content-Length: 47378
Content-Type: application/json; charset=utf-8
host: localhost:4444
accept: */*

Response DefaultHttpResponse(decodeResult: success, version: HTTP/1.1)
HTTP/1.1 200 OK
content-length: 24
content-type: application/json; charset=utf-8
cache-control: no-cache

18:43:58.667 [AsyncHttpClient-1-2] DEBUG org.asynchttpclient.netty.channel.ChannelManager -- Adding key: http://localhost:4444 for channel [id: 0x98e99774, L:/127.0.0.1:56740 - R:localhost/127.0.0.1:4444]
18:43:58.674 [Forwarding getElementAttribute on session 0a975932d5d13a633e287ebb2eea088e to remote] DEBUG org.asynchttpclient.netty.request.NettyRequestSender -- Using pooled Channel '[id: 0x98e99774, L:/127.0.0.1:56740 - R:localhost/127.0.0.1:4444]' for 'POST' to 'http://localhost:4444/wd/hub/session/0a975932d5d13a633e287ebb2eea088e/execute/sync'
18:43:58.674 [Forwarding getElementAttribute on session 0a975932d5d13a633e287ebb2eea088e to remote] DEBUG org.asynchttpclient.netty.request.NettyRequestSender -- Using open Channel [id: 0x98e99774, L:/127.0.0.1:56740 - R:localhost/127.0.0.1:4444] for POST '/wd/hub/session/0a975932d5d13a633e287ebb2eea088e/execute/sync'
18:43:58.717 [AsyncHttpClient-1-2] DEBUG org.asynchttpclient.netty.handler.HttpHandler -- 

Request DefaultHttpRequest(decodeResult: success, version: HTTP/1.1)
POST /wd/hub/session/0a975932d5d13a633e287ebb2eea088e/execute/sync HTTP/1.1
traceparent: 00-8abaa01088748e25dedefd72d169c770-6f6b0450d70d0033-01
User-Agent: selenium/4.13.0 (java windows)
Content-Length: 47371
Content-Type: application/json; charset=utf-8
host: localhost:4444
accept: */*

Response DefaultHttpResponse(decodeResult: success, version: HTTP/1.1)
HTTP/1.1 200 OK
content-length: 24
content-type: application/json; charset=utf-8
cache-control: no-cache

18:43:58.718 [AsyncHttpClient-1-2] DEBUG org.asynchttpclient.netty.channel.ChannelManager -- Adding key: http://localhost:4444 for channel [id: 0x98e99774, L:/127.0.0.1:56740 - R:localhost/127.0.0.1:4444]
18:43:58.723 [Forwarding getElementAttribute on session 0a975932d5d13a633e287ebb2eea088e to remote] DEBUG org.asynchttpclient.netty.request.NettyRequestSender -- Using pooled Channel '[id: 0x98e99774, L:/127.0.0.1:56740 - R:localhost/127.0.0.1:4444]' for 'POST' to 'http://localhost:4444/wd/hub/session/0a975932d5d13a633e287ebb2eea088e/execute/sync'
18:43:58.723 [Forwarding getElementAttribute on session 0a975932d5d13a633e287ebb2eea088e to remote] DEBUG org.asynchttpclient.netty.request.NettyRequestSender -- Using open Channel [id: 0x98e99774, L:/127.0.0.1:56740 - R:localhost/127.0.0.1:4444] for POST '/wd/hub/session/0a975932d5d13a633e287ebb2eea088e/execute/sync'
18:43:58.765 [AsyncHttpClient-1-2] DEBUG org.asynchttpclient.netty.handler.HttpHandler -- 

Request DefaultHttpRequest(decodeResult: success, version: HTTP/1.1)
POST /wd/hub/session/0a975932d5d13a633e287ebb2eea088e/execute/sync HTTP/1.1
traceparent: 00-9abd40c69b98763741859c7ad701afb3-9f1682e3df3889d4-01
User-Agent: selenium/4.13.0 (java windows)
Content-Length: 47373
Content-Type: application/json; charset=utf-8
host: localhost:4444
accept: */*

Response DefaultHttpResponse(decodeResult: success, version: HTTP/1.1)
HTTP/1.1 200 OK
content-length: 24
content-type: application/json; charset=utf-8
cache-control: no-cache

18:43:58.765 [AsyncHttpClient-1-2] DEBUG org.asynchttpclient.netty.channel.ChannelManager -- Adding key: http://localhost:4444 for channel [id: 0x98e99774, L:/127.0.0.1:56740 - R:localhost/127.0.0.1:4444]
18:43:58.772 [Forwarding getElementAttribute on session 0a975932d5d13a633e287ebb2eea088e to remote] DEBUG org.asynchttpclient.netty.request.NettyRequestSender -- Using pooled Channel '[id: 0x98e99774, L:/127.0.0.1:56740 - R:localhost/127.0.0.1:4444]' for 'POST' to 'http://localhost:4444/wd/hub/session/0a975932d5d13a633e287ebb2eea088e/execute/sync'
18:43:58.773 [Forwarding getElementAttribute on session 0a975932d5d13a633e287ebb2eea088e to remote] DEBUG org.asynchttpclient.netty.request.NettyRequestSender -- Using open Channel [id: 0x98e99774, L:/127.0.0.1:56740 - R:localhost/127.0.0.1:4444] for POST '/wd/hub/session/0a975932d5d13a633e287ebb2eea088e/execute/sync'
18:43:58.837 [AsyncHttpClient-1-2] DEBUG org.asynchttpclient.netty.handler.HttpHandler -- 

Request DefaultHttpRequest(decodeResult: success, version: HTTP/1.1)
POST /wd/hub/session/0a975932d5d13a633e287ebb2eea088e/execute/sync HTTP/1.1
traceparent: 00-05b2a88f8e68bb2a2ab4ddacb59be4d7-b4dad208c56e2fd4-01
User-Agent: selenium/4.13.0 (java windows)
Content-Length: 47374
Content-Type: application/json; charset=utf-8
host: localhost:4444
accept: */*

Response DefaultHttpResponse(decodeResult: success, version: HTTP/1.1)
HTTP/1.1 200 OK
content-length: 17
content-type: application/json; charset=utf-8
cache-control: no-cache

18:43:58.837 [AsyncHttpClient-1-2] DEBUG org.asynchttpclient.netty.channel.ChannelManager -- Adding key: http://localhost:4444 for channel [id: 0x98e99774, L:/127.0.0.1:56740 - R:localhost/127.0.0.1:4444]
18:43:58.843 [Forwarding findElement on session 0a975932d5d13a633e287ebb2eea088e to remote] DEBUG org.asynchttpclient.netty.request.NettyRequestSender -- Using pooled Channel '[id: 0x98e99774, L:/127.0.0.1:56740 - R:localhost/127.0.0.1:4444]' for 'POST' to 'http://localhost:4444/wd/hub/session/0a975932d5d13a633e287ebb2eea088e/element'
18:43:58.843 [Forwarding findElement on session 0a975932d5d13a633e287ebb2eea088e to remote] DEBUG org.asynchttpclient.netty.request.NettyRequestSender -- Using open Channel [id: 0x98e99774, L:/127.0.0.1:56740 - R:localhost/127.0.0.1:4444] for POST '/wd/hub/session/0a975932d5d13a633e287ebb2eea088e/element'
18:43:58.909 [AsyncHttpClient-1-2] DEBUG org.asynchttpclient.netty.handler.HttpHandler -- 

Request DefaultHttpRequest(decodeResult: success, version: HTTP/1.1)
POST /wd/hub/session/0a975932d5d13a633e287ebb2eea088e/element HTTP/1.1
traceparent: 00-7c2cb4214d73c06ee451a759066d925c-e81741bfaea3e24e-01
User-Agent: selenium/4.13.0 (java windows)
Content-Length: 59
Content-Type: application/json; charset=utf-8
host: localhost:4444
accept: */*

Response DefaultHttpResponse(decodeResult: success, version: HTTP/1.1)
HTTP/1.1 200 OK
content-length: 94
content-type: application/json; charset=utf-8
cache-control: no-cache

18:43:58.910 [AsyncHttpClient-1-2] DEBUG org.asynchttpclient.netty.channel.ChannelManager -- Adding key: http://localhost:4444 for channel [id: 0x98e99774, L:/127.0.0.1:56740 - R:localhost/127.0.0.1:4444]
18:43:58.916 [Forwarding clickElement on session 0a975932d5d13a633e287ebb2eea088e to remote] DEBUG org.asynchttpclient.netty.request.NettyRequestSender -- Using pooled Channel '[id: 0x98e99774, L:/127.0.0.1:56740 - R:localhost/127.0.0.1:4444]' for 'POST' to 'http://localhost:4444/wd/hub/session/0a975932d5d13a633e287ebb2eea088e/element/453C5B9E34A56EED4AD827D096E75754_element_6/click'
18:43:58.917 [Forwarding clickElement on session 0a975932d5d13a633e287ebb2eea088e to remote] DEBUG org.asynchttpclient.netty.request.NettyRequestSender -- Using open Channel [id: 0x98e99774, L:/127.0.0.1:56740 - R:localhost/127.0.0.1:4444] for POST '/wd/hub/session/0a975932d5d13a633e287ebb2eea088e/element/453C5B9E34A56EED4AD827D096E75754_element_6/click'
18:43:59.350 [AsyncHttpClient-1-2] DEBUG org.asynchttpclient.netty.handler.HttpHandler -- 

Request DefaultHttpRequest(decodeResult: success, version: HTTP/1.1)
POST /wd/hub/session/0a975932d5d13a633e287ebb2eea088e/element/453C5B9E34A56EED4AD827D096E75754_element_6/click HTTP/1.1
traceparent: 00-0a4af8180f2ef780e8be0eead779a678-c601c75413ab6310-01
User-Agent: selenium/4.13.0 (java windows)
Content-Length: 56
Content-Type: application/json; charset=utf-8
host: localhost:4444
accept: */*

Response DefaultHttpResponse(decodeResult: success, version: HTTP/1.1)
HTTP/1.1 200 OK
content-length: 14
content-type: application/json; charset=utf-8
cache-control: no-cache

18:43:59.351 [AsyncHttpClient-1-2] DEBUG org.asynchttpclient.netty.channel.ChannelManager -- Adding key: http://localhost:4444 for channel [id: 0x98e99774, L:/127.0.0.1:56740 - R:localhost/127.0.0.1:4444]
18:43:59.354 [Forwarding findElement on session 0a975932d5d13a633e287ebb2eea088e to remote] DEBUG org.asynchttpclient.netty.request.NettyRequestSender -- Using pooled Channel '[id: 0x98e99774, L:/127.0.0.1:56740 - R:localhost/127.0.0.1:4444]' for 'POST' to 'http://localhost:4444/wd/hub/session/0a975932d5d13a633e287ebb2eea088e/element'
18:43:59.354 [Forwarding findElement on session 0a975932d5d13a633e287ebb2eea088e to remote] DEBUG org.asynchttpclient.netty.request.NettyRequestSender -- Using open Channel [id: 0x98e99774, L:/127.0.0.1:56740 - R:localhost/127.0.0.1:4444] for POST '/wd/hub/session/0a975932d5d13a633e287ebb2eea088e/element'
18:43:59.444 [AsyncHttpClient-1-2] DEBUG org.asynchttpclient.netty.handler.HttpHandler -- 

Request DefaultHttpRequest(decodeResult: success, version: HTTP/1.1)
POST /wd/hub/session/0a975932d5d13a633e287ebb2eea088e/element HTTP/1.1
traceparent: 00-fe67f04f371866f2090beea1eb09419f-04b94bb8d6c427d6-01
User-Agent: selenium/4.13.0 (java windows)
Content-Length: 53
Content-Type: application/json; charset=utf-8
host: localhost:4444
accept: */*

Response DefaultHttpResponse(decodeResult: success, version: HTTP/1.1)
HTTP/1.1 200 OK
content-length: 95
content-type: application/json; charset=utf-8
cache-control: no-cache

18:43:59.444 [AsyncHttpClient-1-2] DEBUG org.asynchttpclient.netty.channel.ChannelManager -- Adding key: http://localhost:4444 for channel [id: 0x98e99774, L:/127.0.0.1:56740 - R:localhost/127.0.0.1:4444]
18:43:59.451 [Forwarding getElementText on session 0a975932d5d13a633e287ebb2eea088e to remote] DEBUG org.asynchttpclient.netty.request.NettyRequestSender -- Using pooled Channel '[id: 0x98e99774, L:/127.0.0.1:56740 - R:localhost/127.0.0.1:4444]' for 'GET' to 'http://localhost:4444/wd/hub/session/0a975932d5d13a633e287ebb2eea088e/element/453C5B9E34A56EED4AD827D096E75754_element_17/text'
18:43:59.452 [Forwarding getElementText on session 0a975932d5d13a633e287ebb2eea088e to remote] DEBUG org.asynchttpclient.netty.request.NettyRequestSender -- Using open Channel [id: 0x98e99774, L:/127.0.0.1:56740 - R:localhost/127.0.0.1:4444] for GET '/wd/hub/session/0a975932d5d13a633e287ebb2eea088e/element/453C5B9E34A56EED4AD827D096E75754_element_17/text'
18:43:59.532 [AsyncHttpClient-1-2] DEBUG org.asynchttpclient.netty.handler.HttpHandler -- 

Request DefaultFullHttpRequest(decodeResult: success, version: HTTP/1.1, content: EmptyByteBufBE)
GET /wd/hub/session/0a975932d5d13a633e287ebb2eea088e/element/453C5B9E34A56EED4AD827D096E75754_element_17/text HTTP/1.1
Cache-Control: no-cache
traceparent: 00-dc1325e48a1279633404072c54c8dd98-3d767666df5c7696-01
[...]
18:44:14.846 [Forwarding getElementAttribute on session 0a975932d5d13a633e287ebb2eea088e to remote] DEBUG org.asynchttpclient.netty.request.NettyRequestSender -- Using open Channel [id: 0x98e99774, L:/127.0.0.1:56740 - R:localhost/127.0.0.1:4444] for POST '/wd/hub/session/0a975932d5d13a633e287ebb2eea088e/execute/sync'
18:44:14.981 [AsyncHttpClient-1-2] DEBUG org.asynchttpclient.netty.handler.HttpHandler -- 

Request DefaultHttpRequest(decodeResult: success, version: HTTP/1.1)
POST /wd/hub/session/0a975932d5d13a633e287ebb2eea088e/execute/sync HTTP/1.1
traceparent: 00-24579b33dc784fec5ea564b539e5c6bd-bb172b21f3871450-01
User-Agent: selenium/4.13.0 (java windows)
Content-Length: 47379
Content-Type: application/json; charset=utf-8
host: localhost:4444
accept: */*

Response DefaultHttpResponse(decodeResult: success, version: HTTP/1.1)
HTTP/1.1 200 OK
content-length: 24
content-type: application/json; charset=utf-8
cache-control: no-cache

18:44:14.982 [AsyncHttpClient-1-2] DEBUG org.asynchttpclient.netty.channel.ChannelManager -- Adding key: http://localhost:4444 for channel [id: 0x98e99774, L:/127.0.0.1:56740 - R:localhost/127.0.0.1:4444]
18:44:14.985 [Forwarding getElementAttribute on session 0a975932d5d13a633e287ebb2eea088e to remote] DEBUG org.asynchttpclient.netty.request.NettyRequestSender -- Using pooled Channel '[id: 0x98e99774, L:/127.0.0.1:56740 - R:localhost/127.0.0.1:4444]' for 'POST' to 'http://localhost:4444/wd/hub/session/0a975932d5d13a633e287ebb2eea088e/execute/sync'
18:44:14.985 [Forwarding getElementAttribute on session 0a975932d5d13a633e287ebb2eea088e to remote] DEBUG org.asynchttpclient.netty.request.NettyRequestSender -- Using open Channel [id: 0x98e99774, L:/127.0.0.1:56740 - R:localhost/127.0.0.1:4444] for POST '/wd/hub/session/0a975932d5d13a633e287ebb2eea088e/execute/sync'
18:44:15.071 [AsyncHttpClient-1-2] DEBUG org.asynchttpclient.netty.handler.HttpHandler -- 

Request DefaultHttpRequest(decodeResult: success, version: HTTP/1.1)
POST /wd/hub/session/0a975932d5d13a633e287ebb2eea088e/execute/sync HTTP/1.1
traceparent: 00-964a448fa940a2cfc7f2bce8cd3eb0c2-227da03dbab15a28-01
User-Agent: selenium/4.13.0 (java windows)
Content-Length: 47372
Content-Type: application/json; charset=utf-8
host: localhost:4444
accept: */*

Response DefaultHttpResponse(decodeResult: success, version: HTTP/1.1)
HTTP/1.1 200 OK
content-length: 24
content-type: application/json; charset=utf-8
cache-control: no-cache

18:44:15.071 [AsyncHttpClient-1-2] DEBUG org.asynchttpclient.netty.channel.ChannelManager -- Adding key: http://localhost:4444 for channel [id: 0x98e99774, L:/127.0.0.1:56740 - R:localhost/127.0.0.1:4444]
18:44:15.075 [Forwarding getElementAttribute on session 0a975932d5d13a633e287ebb2eea088e to remote] DEBUG org.asynchttpclient.netty.request.NettyRequestSender -- Using pooled Channel '[id: 0x98e99774, L:/127.0.0.1:56740 - R:localhost/127.0.0.1:4444]' for 'POST' to 'http://localhost:4444/wd/hub/session/0a975932d5d13a633e287ebb2eea088e/execute/sync'
18:44:15.075 [Forwarding getElementAttribute on session 0a975932d5d13a633e287ebb2eea088e to remote] DEBUG org.asynchttpclient.netty.request.NettyRequestSender -- Using open Channel [id: 0x98e99774, L:/127.0.0.1:56740 - R:localhost/127.0.0.1:4444] for POST '/wd/hub/session/0a975932d5d13a633e287ebb2eea088e/execute/sync'
18:44:15.126 [AsyncHttpClient-1-2] DEBUG org.asynchttpclient.netty.handler.HttpHandler -- 

Request DefaultHttpRequest(decodeResult: success, version: HTTP/1.1)
POST /wd/hub/session/0a975932d5d13a633e287ebb2eea088e/execute/sync HTTP/1.1
traceparent: 00-a4052320e31e57d2101baacef35367a6-23a95c9bdd234ab7-01
User-Agent: selenium/4.13.0 (java windows)
Content-Length: 47374
Content-Type: application/json; charset=utf-8
host: localhost:4444
accept: */*

Response DefaultHttpResponse(decodeResult: success, version: HTTP/1.1)
HTTP/1.1 200 OK
content-length: 24
content-type: application/json; charset=utf-8
cache-control: no-cache

18:44:15.126 [AsyncHttpClient-1-2] DEBUG org.asynchttpclient.netty.channel.ChannelManager -- Adding key: http://localhost:4444 for channel [id: 0x98e99774, L:/127.0.0.1:56740 - R:localhost/127.0.0.1:4444]
18:44:15.130 [Forwarding getElementAttribute on session 0a975932d5d13a633e287ebb2eea088e to remote] DEBUG org.asynchttpclient.netty.request.NettyRequestSender -- Using pooled Channel '[id: 0x98e99774, L:/127.0.0.1:56740 - R:localhost/127.0.0.1:4444]' for 'POST' to 'http://localhost:4444/wd/hub/session/0a975932d5d13a633e287ebb2eea088e/execute/sync'
18:44:15.130 [Forwarding getElementAttribute on session 0a975932d5d13a633e287ebb2eea088e to remote] DEBUG org.asynchttpclient.netty.request.NettyRequestSender -- Using open Channel [id: 0x98e99774, L:/127.0.0.1:56740 - R:localhost/127.0.0.1:4444] for POST '/wd/hub/session/0a975932d5d13a633e287ebb2eea088e/execute/sync'
18:44:15.192 [AsyncHttpClient-1-2] DEBUG org.asynchttpclient.netty.handler.HttpHandler -- 

Request DefaultHttpRequest(decodeResult: success, version: HTTP/1.1)
POST /wd/hub/session/0a975932d5d13a633e287ebb2eea088e/execute/sync HTTP/1.1
traceparent: 00-63cebde92738a6d5b009d8e6c172ecb1-298a9b3421ddd511-01
User-Agent: selenium/4.13.0 (java windows)
Content-Length: 47375
Content-Type: application/json; charset=utf-8
host: localhost:4444
accept: */*

Response DefaultHttpResponse(decodeResult: success, version: HTTP/1.1)
HTTP/1.1 200 OK
content-length: 17
content-type: application/json; charset=utf-8
cache-control: no-cache

18:44:15.192 [AsyncHttpClient-1-2] DEBUG org.asynchttpclient.netty.channel.ChannelManager -- Adding key: http://localhost:4444 for channel [id: 0x98e99774, L:/127.0.0.1:56740 - R:localhost/127.0.0.1:4444]
18:44:15.195 [Forwarding findElement on session 0a975932d5d13a633e287ebb2eea088e to remote] DEBUG org.asynchttpclient.netty.request.NettyRequestSender -- Using pooled Channel '[id: 0x98e99774, L:/127.0.0.1:56740 - R:localhost/127.0.0.1:4444]' for 'POST' to 'http://localhost:4444/wd/hub/session/0a975932d5d13a633e287ebb2eea088e/element'
18:44:15.195 [Forwarding findElement on session 0a975932d5d13a633e287ebb2eea088e to remote] DEBUG org.asynchttpclient.netty.request.NettyRequestSender -- Using open Channel [id: 0x98e99774, L:/127.0.0.1:56740 - R:localhost/127.0.0.1:4444] for POST '/wd/hub/session/0a975932d5d13a633e287ebb2eea088e/element'
18:44:15.240 [AsyncHttpClient-1-2] DEBUG org.asynchttpclient.netty.handler.HttpHandler -- 

Request DefaultHttpRequest(decodeResult: success, version: HTTP/1.1)
POST /wd/hub/session/0a975932d5d13a633e287ebb2eea088e/element HTTP/1.1
traceparent: 00-ef31394c4cf22f3d087d9250e4528452-33956f5453e35fa2-01
User-Agent: selenium/4.13.0 (java windows)
Content-Length: 59
Content-Type: application/json; charset=utf-8
host: localhost:4444
accept: */*

Response DefaultHttpResponse(decodeResult: success, version: HTTP/1.1)
HTTP/1.1 200 OK
content-length: 95
content-type: application/json; charset=utf-8
cache-control: no-cache

18:44:15.240 [AsyncHttpClient-1-2] DEBUG org.asynchttpclient.netty.channel.ChannelManager -- Adding key: http://localhost:4444 for channel [id: 0x98e99774, L:/127.0.0.1:56740 - R:localhost/127.0.0.1:4444]
18:44:15.243 [Forwarding clickElement on session 0a975932d5d13a633e287ebb2eea088e to remote] DEBUG org.asynchttpclient.netty.request.NettyRequestSender -- Using pooled Channel '[id: 0x98e99774, L:/127.0.0.1:56740 - R:localhost/127.0.0.1:4444]' for 'POST' to 'http://localhost:4444/wd/hub/session/0a975932d5d13a633e287ebb2eea088e/element/70A5870B9AB3C432896ACE5E1C90CC69_element_47/click'
18:44:15.244 [Forwarding clickElement on session 0a975932d5d13a633e287ebb2eea088e to remote] DEBUG org.asynchttpclient.netty.request.NettyRequestSender -- Using open Channel [id: 0x98e99774, L:/127.0.0.1:56740 - R:localhost/127.0.0.1:4444] for POST '/wd/hub/session/0a975932d5d13a633e287ebb2eea088e/element/70A5870B9AB3C432896ACE5E1C90CC69_element_47/click'
18:44:20.472 [AsyncHttpClient-1-2] DEBUG org.asynchttpclient.netty.handler.HttpHandler -- 

Request DefaultHttpRequest(decodeResult: success, version: HTTP/1.1)
POST /wd/hub/session/0a975932d5d13a633e287ebb2eea088e/element/70A5870B9AB3C432896ACE5E1C90CC69_element_47/click HTTP/1.1
traceparent: 00-70b55d941dbb7997f634a3bf3d51005c-df8c17d49ce2048b-01
User-Agent: selenium/4.13.0 (java windows)
Content-Length: 57
Content-Type: application/json; charset=utf-8
host: localhost:4444
accept: */*

Response DefaultHttpResponse(decodeResult: success, version: HTTP/1.1)
HTTP/1.1 200 OK
content-length: 14
content-type: application/json; charset=utf-8
cache-control: no-cache

18:44:20.473 [AsyncHttpClient-1-2] DEBUG org.asynchttpclient.netty.channel.ChannelManager -- Adding key: http://localhost:4444 for channel [id: 0x98e99774, L:/127.0.0.1:56740 - R:localhost/127.0.0.1:4444]
18:44:20.476 [Forwarding findElement on session 0a975932d5d13a633e287ebb2eea088e to remote] DEBUG org.asynchttpclient.netty.request.NettyRequestSender -- Using pooled Channel '[id: 0x98e99774, L:/127.0.0.1:56740 - R:localhost/127.0.0.1:4444]' for 'POST' to 'http://localhost:4444/wd/hub/session/0a975932d5d13a633e287ebb2eea088e/element'
18:44:20.476 [Forwarding findElement on session 0a975932d5d13a633e287ebb2eea088e to remote] DEBUG org.asynchttpclient.netty.request.NettyRequestSender -- Using open Channel [id: 0x98e99774, L:/127.0.0.1:56740 - R:localhost/127.0.0.1:4444] for POST '/wd/hub/session/0a975932d5d13a633e287ebb2eea088e/element'
18:44:20.503 [AsyncHttpClient-1-2] DEBUG org.asynchttpclient.netty.handler.HttpHandler -- 

Request DefaultHttpRequest(decodeResult: success, version: HTTP/1.1)
POST /wd/hub/session/0a975932d5d13a633e287ebb2eea088e/element HTTP/1.1
traceparent: 00-4ad1a9b11e55813e270544ce84db20fa-f1721cb01ec1efdd-01
User-Agent: selenium/4.13.0 (java windows)
Content-Length: 53
Content-Type: application/json; charset=utf-8
host: localhost:4444
accept: */*

Response DefaultHttpResponse(decodeResult: success, version: HTTP/1.1)
HTTP/1.1 200 OK
content-length: 95
content-type: application/json; charset=utf-8
cache-control: no-cache

18:44:20.504 [AsyncHttpClient-1-2] DEBUG org.asynchttpclient.netty.channel.ChannelManager -- Adding key: http://localhost:4444 for channel [id: 0x98e99774, L:/127.0.0.1:56740 - R:localhost/127.0.0.1:4444]
18:44:20.505 [Forwarding getElementText on session 0a975932d5d13a633e287ebb2eea088e to remote] DEBUG org.asynchttpclient.netty.request.NettyRequestSender -- Using pooled Channel '[id: 0x98e99774, L:/127.0.0.1:56740 - R:localhost/127.0.0.1:4444]' for 'GET' to 'http://localhost:4444/wd/hub/session/0a975932d5d13a633e287ebb2eea088e/element/70A5870B9AB3C432896ACE5E1C90CC69_element_51/text'
18:44:20.505 [Forwarding getElementText on session 0a975932d5d13a633e287ebb2eea088e to remote] DEBUG org.asynchttpclient.netty.request.NettyRequestSender -- Using open Channel [id: 0x98e99774, L:/127.0.0.1:56740 - R:localhost/127.0.0.1:4444] for GET '/wd/hub/session/0a975932d5d13a633e287ebb2eea088e/element/70A5870B9AB3C432896ACE5E1C90CC69_element_51/text'
18:44:20.533 [AsyncHttpClient-1-2] DEBUG org.asynchttpclient.netty.handler.HttpHandler -- 

Request DefaultFullHttpRequest(decodeResult: success, version: HTTP/1.1, content: EmptyByteBufBE)
GET /wd/hub/session/0a975932d5d13a633e287ebb2eea088e/element/70A5870B9AB3C432896ACE5E1C90CC69_element_51/text HTTP/1.1
Cache-Control: no-cache
traceparent: 00-cc8a7af04e67a429bfb73f05c83c1abd-17a705d48ed46ab9-01
User-Agent: selenium/4.13.0 (java windows)
Content-Type: application/json; charset=utf-8
host: localhost:4444
accept: */*

Response DefaultHttpResponse(decodeResult: success, version: HTTP/1.1)
HTTP/1.1 200 OK
content-length: 21
content-type: application/json; charset=utf-8
cache-control: no-cache

18:44:20.533 [AsyncHttpClient-1-2] DEBUG org.asynchttpclient.netty.channel.ChannelManager -- Adding key: http://localhost:4444 for channel [id: 0x98e99774, L:/127.0.0.1:56740 - R:localhost/127.0.0.1:4444]
18:44:20.536 [Forwarding findElement on session 0a975932d5d13a633e287ebb2eea088e to remote] DEBUG org.asynchttpclient.netty.request.NettyRequestSender -- Using pooled Channel '[id: 0x98e99774, L:/127.0.0.1:56740 - R:localhost/127.0.0.1:4444]' for 'POST' to 'http://localhost:4444/wd/hub/session/0a975932d5d13a633e287ebb2eea088e/element'
18:44:20.536 [Forwarding findElement on session 0a975932d5d13a633e287ebb2eea088e to remote] DEBUG org.asynchttpclient.netty.request.NettyRequestSender -- Using open Channel [id: 0x98e99774, L:/127.0.0.1:56740 - R:localhost/127.0.0.1:4444] for POST '/wd/hub/session/0a975932d5d13a633e287ebb2eea088e/element'
18:44:20.566 [AsyncHttpClient-1-2] DEBUG org.asynchttpclient.netty.handler.HttpHandler -- 

Request DefaultHttpRequest(decodeResult: success, version: HTTP/1.1)
POST /wd/hub/session/0a975932d5d13a633e287ebb2eea088e/element HTTP/1.1
traceparent: 00-50f264e4f0f681e50ffb7c95d3351ed0-ab1c1a0e73be1fac-01
User-Agent: selenium/4.13.0 (java windows)
Content-Length: 53
Content-Type: application/json; charset=utf-8
host: localhost:4444
accept: */*

Response DefaultHttpResponse(decodeResult: success, version: HTTP/1.1)
HTTP/1.1 200 OK
content-length: 95
content-type: application/json; charset=utf-8
cache-control: no-cache

18:44:20.566 [AsyncHttpClient-1-2] DEBUG org.asynchttpclient.netty.channel.ChannelManager -- Adding key: http://localhost:4444 for channel [id: 0x98e99774, L:/127.0.0.1:56740 - R:localhost/127.0.0.1:4444]
18:44:20.568 [Forwarding getElementText on session 0a975932d5d13a633e287ebb2eea088e to remote] DEBUG org.asynchttpclient.netty.request.NettyRequestSender -- Using pooled Channel '[id: 0x98e99774, L:/127.0.0.1:56740 - R:localhost/127.0.0.1:4444]' for 'GET' to 'http://localhost:4444/wd/hub/session/0a975932d5d13a633e287ebb2eea088e/element/70A5870B9AB3C432896ACE5E1C90CC69_element_51/text'
18:44:20.568 [Forwarding getElementText on session 0a975932d5d13a633e287ebb2eea088e to remote] DEBUG org.asynchttpclient.netty.request.NettyRequestSender -- Using open Channel [id: 0x98e99774, L:/127.0.0.1:56740 - R:localhost/127.0.0.1:4444] for GET '/wd/hub/session/0a975932d5d13a633e287ebb2eea088e/element/70A5870B9AB3C432896ACE5E1C90CC69_element_51/text'
18:44:20.618 [AsyncHttpClient-1-2] DEBUG org.asynchttpclient.netty.handler.HttpHandler -- 

Request DefaultFullHttpRequest(decodeResult: success, version: HTTP/1.1, content: EmptyByteBufBE)
GET /wd/hub/session/0a975932d5d13a633e287ebb2eea088e/element/70A5870B9AB3C432896ACE5E1C90CC69_element_51/text HTTP/1.1
Cache-Control: no-cache
traceparent: 00-555533ebc61b613a6a7537f4bd3d78be-51878604f47f7969-01
User-Agent: selenium/4.13.0 (java windows)
Content-Type: application/json; charset=utf-8
host: localhost:4444
accept: */*

Response DefaultHttpResponse(decodeResult: success, version: HTTP/1.1)
HTTP/1.1 200 OK
content-length: 21
content-type: application/json; charset=utf-8
cache-control: no-cache

18:44:20.619 [AsyncHttpClient-1-2] DEBUG org.asynchttpclient.netty.channel.ChannelManager -- Adding key: http://localhost:4444 for channel [id: 0x98e99774, L:/127.0.0.1:56740 - R:localhost/127.0.0.1:4444]
18:44:20.621 [Forwarding findElement on session 0a975932d5d13a633e287ebb2eea088e to remote] DEBUG org.asynchttpclient.netty.request.NettyRequestSender -- Using pooled Channel '[id: 0x98e99774, L:/127.0.0.1:56740 - R:localhost/127.0.0.1:4444]' for 'POST' to 'http://localhost:4444/wd/hub/session/0a975932d5d13a633e287ebb2eea088e/element'
18:44:20.621 [Forwarding findElement on session 0a975932d5d13a633e287ebb2eea088e to remote] DEBUG org.asynchttpclient.netty.request.NettyRequestSender -- Using open Channel [id: 0x98e99774, L:/127.0.0.1:56740 - R:localhost/127.0.0.1:4444] for POST '/wd/hub/session/0a975932d5d13a633e287ebb2eea088e/element'
18:44:20.674 [AsyncHttpClient-1-2] DEBUG org.asynchttpclient.netty.handler.HttpHandler -- 

Request DefaultHttpRequest(decodeResult: success, version: HTTP/1.1)
POST /wd/hub/session/0a975932d5d13a633e287ebb2eea088e/element HTTP/1.1
traceparent: 00-9d533974f5f376a2c6fff39d98f9475f-50a30981f12d2a68-01
User-Agent: selenium/4.13.0 (java windows)
Content-Length: 50
Content-Type: application/json; charset=utf-8
host: localhost:4444
accept: */*

Response DefaultHttpResponse(decodeResult: success, version: HTTP/1.1)
HTTP/1.1 200 OK
content-length: 95
content-type: application/json; charset=utf-8
cache-control: no-cache

18:44:20.675 [AsyncHttpClient-1-2] DEBUG org.asynchttpclient.netty.channel.ChannelManager -- Adding key: http://localhost:4444 for channel [id: 0x98e99774, L:/127.0.0.1:56740 - R:localhost/127.0.0.1:4444]
18:44:20.676 [Forwarding getElementText on session 0a975932d5d13a633e287ebb2eea088e to remote] DEBUG org.asynchttpclient.netty.request.NettyRequestSender -- Using pooled Channel '[id: 0x98e99774, L:/127.0.0.1:56740 - R:localhost/127.0.0.1:4444]' for 'GET' to 'http://localhost:4444/wd/hub/session/0a975932d5d13a633e287ebb2eea088e/element/70A5870B9AB3C432896ACE5E1C90CC69_element_52/text'
18:44:20.676 [Forwarding getElementText on session 0a975932d5d13a633e287ebb2eea088e to remote] DEBUG org.asynchttpclient.netty.request.NettyRequestSender -- Using open Channel [id: 0x98e99774, L:/127.0.0.1:56740 - R:localhost/127.0.0.1:4444] for GET '/wd/hub/session/0a975932d5d13a633e287ebb2eea088e/element/70A5870B9AB3C432896ACE5E1C90CC69_element_52/text'
18:44:20.703 [AsyncHttpClient-1-2] DEBUG org.asynchttpclient.netty.handler.HttpHandler -- 

Request DefaultFullHttpRequest(decodeResult: success, version: HTTP/1.1, content: EmptyByteBufBE)
GET /wd/hub/session/0a975932d5d13a633e287ebb2eea088e/element/70A5870B9AB3C432896ACE5E1C90CC69_element_52/text HTTP/1.1
Cache-Control: no-cache
traceparent: 00-cdcb5c456a024dc484c266bf343728fc-d31091c6685ee4f6-01
User-Agent: selenium/4.13.0 (java windows)
Content-Type: application/json; charset=utf-8
host: localhost:4444
accept: */*

Response DefaultHttpResponse(decodeResult: success, version: HTTP/1.1)
HTTP/1.1 200 OK
content-length: 20
content-type: application/json; charset=utf-8
cache-control: no-cache

18:44:20.704 [AsyncHttpClient-1-2] DEBUG org.asynchttpclient.netty.channel.ChannelManager -- Adding key: http://localhost:4444 for channel [id: 0x98e99774, L:/127.0.0.1:56740 - R:localhost/127.0.0.1:4444]
18:44:20.705 [main] INFO helpers.LoggerHelper -- @Test: readFromArray has PASSED
18:44:20.705 [main] INFO helpers.LoggerHelper -- ######################################################################################
18:44:20.709 [Forwarding screenshot on session 0a975932d5d13a633e287ebb2eea088e to remote] DEBUG org.asynchttpclient.netty.request.NettyRequestSender -- Using pooled Channel '[id: 0x98e99774, L:/127.0.0.1:56740 - R:localhost/127.0.0.1:4444]' for 'GET' to 'http://localhost:4444/wd/hub/session/0a975932d5d13a633e287ebb2eea088e/screenshot'
18:44:20.709 [Forwarding screenshot on session 0a975932d5d13a633e287ebb2eea088e to remote] DEBUG org.asynchttpclient.netty.request.NettyRequestSender -- Using open Channel [id: 0x98e99774, L:/127.0.0.1:56740 - R:localhost/127.0.0.1:4444] for GET '/wd/hub/session/0a975932d5d13a633e287ebb2eea088e/screenshot'
18:44:21.086 [AsyncHttpClient-1-2] DEBUG org.asynchttpclient.netty.handler.HttpHandler -- 

Request DefaultFullHttpRequest(decodeResult: success, version: HTTP/1.1, content: EmptyByteBufBE)
GET /wd/hub/session/0a975932d5d13a633e287ebb2eea088e/screenshot HTTP/1.1
Cache-Control: no-cache
traceparent: 00-e0ec5099ee671bbb2e76da537d239593-9e5c787e9cbbe3a2-01
User-Agent: selenium/4.13.0 (java windows)
Content-Type: application/json; charset=utf-8
host: localhost:4444
accept: */*

Response DefaultHttpResponse(decodeResult: success, version: HTTP/1.1)
HTTP/1.1 200 OK
content-length: 431932
content-type: application/json; charset=utf-8
cache-control: no-cache

18:44:21.106 [AsyncHttpClient-1-2] DEBUG org.asynchttpclient.netty.channel.ChannelManager -- Adding key: http://localhost:4444 for channel [id: 0x98e99774, L:/127.0.0.1:56740 - R:localhost/127.0.0.1:4444]
18:44:21.134 [main] INFO helpers.LoggerHelper -- Screenshot saved successfully.
]]></system-out>
  </testcase>
</testsuite>