<?xml version="1.0" encoding="UTF-8"?>
<testsuite xmlns:xsi="http://www.w3.org/2001/XMLSchema-instance" xsi:noNamespaceSchemaLocation="https://maven.apache.org/surefire/maven-surefire-plugin/xsd/surefire-test-report-3.0.xsd" version="3.0" name="FrontEnd.SauceDemo.LoginWithDP" time="51.947" tests="4" errors="0" skipped="0" failures="0">
  <properties>
[...]
</properties>
  <testcase name="readFromArray[standard_user, secret_sauce](1)" classname="FrontEnd.SauceDemo.LoginWithDP" time="9.022">
    <system-out><![CDATA[Jul 27 2023;19:23:36 INFO  - Starting suite
Jul 27 2023;19:23:36 INFO  - I am in onStart method from suite entitled Surefire test
Jul 27 2023;19:23:36 INFO  - # # # # # # # # # # # # # # # # # # # # # # # # # # # #
Jul 27 2023;19:23:40 INFO  - Using chromedriver 113.0.5672.63 (resolved driver for Chrome 113)
Jul 27 2023;19:23:40 INFO  - Exporting webdriver.chrome.driver as C:\Users\740722\.cache\selenium\chromedriver\win32\113.0.5672.63\chromedriver.exe
Jul 27 2023;19:23:40 INFO  - [BrowserDriver/loadChromeDriver] Connecting to: http://localhost:4444/wd/hub
Jul 27 2023;19:23:56 INFO  - @Test: readFromArray
Jul 27 2023;19:23:56 INFO  - Description: Trying to read data from an array object
Jul 27 2023;19:23:56 INFO  - ######################################################################################
Jul 27 2023;19:24:01 INFO  - Testing user: standard_user
Jul 27 2023;19:24:03 INFO  - Testing password: secret_sauce
Jul 27 2023;19:24:04 INFO  - @Test: readFromArray has PASSED
Jul 27 2023;19:24:04 INFO  - ######################################################################################
Jul 27 2023;19:24:05 INFO  - Screenshot saved successfully.
]]></system-out>
    <system-err><![CDATA[Jul 27, 2023 7:23:40 PM org.openqa.selenium.remote.tracing.opentelemetry.OpenTelemetryTracer createTracer
INFO: Using OpenTelemetry for tracing
]]></system-err>
  </testcase>
  <testcase name="readFromArray[locked_out_user, secret_sauce](2)" classname="FrontEnd.SauceDemo.LoginWithDP" time="3.265">
    <system-out><![CDATA[Jul 27 2023;19:24:05 INFO  - @Test: readFromArray
Jul 27 2023;19:24:05 INFO  - Description: Trying to read data from an array object
Jul 27 2023;19:24:05 INFO  - ######################################################################################
Jul 27 2023;19:24:06 INFO  - Testing user: locked_out_user
Jul 27 2023;19:24:07 INFO  - Testing password: secret_sauce
Jul 27 2023;19:24:07 INFO  - @Test: readFromArray has PASSED
Jul 27 2023;19:24:07 INFO  - ######################################################################################
Jul 27 2023;19:24:08 INFO  - Screenshot saved successfully.
]]></system-out>
  </testcase>
  <testcase name="readFromArray[problem_user, secret_sauce](3)" classname="FrontEnd.SauceDemo.LoginWithDP" time="5.516">
    <system-out><![CDATA[Jul 27 2023;19:24:08 INFO  - @Test: readFromArray
Jul 27 2023;19:24:08 INFO  - Description: Trying to read data from an array object
Jul 27 2023;19:24:08 INFO  - ######################################################################################
Jul 27 2023;19:24:09 INFO  - Testing user: problem_user
Jul 27 2023;19:24:10 INFO  - Testing password: secret_sauce
Jul 27 2023;19:24:11 INFO  - @Test: readFromArray has PASSED
Jul 27 2023;19:24:11 INFO  - ######################################################################################
Jul 27 2023;19:24:14 INFO  - Screenshot saved successfully.
]]></system-out>
  </testcase>
  <testcase name="readFromArray[performance_glitch_user, secret_sauce](4)" classname="FrontEnd.SauceDemo.LoginWithDP" time="11.052">
    <system-out><![CDATA[Jul 27 2023;19:24:14 INFO  - @Test: readFromArray
Jul 27 2023;19:24:14 INFO  - Description: Trying to read data from an array object
Jul 27 2023;19:24:14 INFO  - ######################################################################################
Jul 27 2023;19:24:16 INFO  - Testing user: performance_glitch_user
Jul 27 2023;19:24:18 INFO  - Testing password: secret_sauce
Jul 27 2023;19:24:24 INFO  - @Test: readFromArray has PASSED
Jul 27 2023;19:24:24 INFO  - ######################################################################################
Jul 27 2023;19:24:25 INFO  - Screenshot saved successfully.
]]></system-out>
  </testcase>
</testsuite>