<?xml version="1.0" encoding="UTF-8"?>
<!-- Generated by org.testng.reporters.JUnitXMLReporter -->
<testsuite ignored="2" hostname="LTAR128840" failures="0" tests="4" name="TestNG" time="31.993" errors="0" timestamp="2023-10-27T18:44:22 CEST">
  <testcase classname="FrontEnd.SauceDemo.LoginWithDP" name="readFromArray" time="5.567"/>
  <testcase classname="FrontEnd.SauceDemo.LoginWithDP" name="readFromArray" time="4.484"/>
  <testcase classname="FrontEnd.SauceDemo.LoginWithDP" name="readFromArray" time="4.046"/>
  <testcase classname="FrontEnd.SauceDemo.LoginWithDP" name="readFromArray" time="9.571"/>
  <testcase classname="FrontEnd.SauceDemo.LoginWithDP" name="readFromFileCSVLike" time="0.0">
    <ignored/>
  </testcase> <!-- readFromFileCSVLike -->
  <testcase classname="FrontEnd.SauceDemo.LoginWithDP" name="readFromFileExcel" time="0.0">
    <ignored/>
  </testcase> <!-- readFromFileExcel -->
</testsuite> <!-- TestNG -->
